{"/__w/backlog/backlog/work/runner-container-hooks/packages/k8s/src/hooks/cleanup-job.ts": {"path":"/__w/backlog/backlog/work/runner-container-hooks/packages/k8s/src/hooks/cleanup-job.ts","statementMap":{"0":{"start":{"line":11,"column":0},"end":{"line":11,"column":22}},"1":{"start":{"line":1,"column":0},"end":{"line":1,"column":37}},"2":{"start":{"line":2,"column":0},"end":{"line":2,"column":42}},"3":{"start":{"line":3,"column":0},"end":{"line":3,"column":48}},"4":{"start":{"line":4,"column":0},"end":{"line":4,"column":null}},"5":{"start":{"line":12,"column":6},"end":{"line":12,"column":23}},"6":{"start":{"line":14,"column":6},"end":{"line":14,"column":null}},"7":{"start":{"line":16,"column":6},"end":{"line":16,"column":null}},"8":{"start":{"line":19,"column":2},"end":{"line":19,"column":null}}},"fnMap":{"0":{"name":"cleanupJob","decl":{"start":{"line":11,"column":22},"end":{"line":11,"column":32}},"loc":{"start":{"line":11,"column":32},"end":{"line":20,"column":null}}}},"branchMap":{"0":{"loc":{"start":{"line":19,"column":2},"end":{"line":19,"column":null}},"type":"switch","locations":[{"start":{"line":19,"column":2},"end":{"line":19,"column":null}}]},"1":{"loc":{"start":{"line":12,"column":6},"end":{"line":12,"column":23}},"type":"if","locations":[{"start":{"line":12,"column":6},"end":{"line":12,"column":23}},{"start":{},"end":{}}]}},"s":{"0":7,"1":7,"2":7,"3":7,"4":7,"5":21,"6":42,"7":0,"8":42},"f":{"0":21},"b":{"0":[21],"1":[0,21]}}
,"/__w/backlog/backlog/work/runner-container-hooks/packages/k8s/src/hooks/constants.ts": {"path":"/__w/backlog/backlog/work/runner-container-hooks/packages/k8s/src/hooks/constants.ts","statementMap":{"0":{"start":{"line":3,"column":0},"end":{"line":3,"column":16}},"1":{"start":{"line":13,"column":0},"end":{"line":13,"column":16}},"2":{"start":{"line":20,"column":0},"end":{"line":20,"column":16}},"3":{"start":{"line":27,"column":0},"end":{"line":27,"column":16}},"4":{"start":{"line":35,"column":0},"end":{"line":35,"column":16}},"5":{"start":{"line":1,"column":0},"end":{"line":1,"column":35}},"6":{"start":{"line":4,"column":15},"end":{"line":4,"column":50}},"7":{"start":{"line":5,"column":2},"end":{"line":9,"column":3}},"8":{"start":{"line":6,"column":4},"end":{"line":8,"column":null}},"9":{"start":{"line":10,"column":2},"end":{"line":10,"column":null}},"10":{"start":{"line":14,"column":2},"end":{"line":17,"column":null}},"11":{"start":{"line":21,"column":2},"end":{"line":24,"column":null}},"12":{"start":{"line":28,"column":15},"end":{"line":28,"column":52}},"13":{"start":{"line":29,"column":2},"end":{"line":31,"column":3}},"14":{"start":{"line":30,"column":4},"end":{"line":30,"column":null}},"15":{"start":{"line":32,"column":2},"end":{"line":32,"column":null}},"16":{"start":{"line":36,"column":2},"end":{"line":39,"column":null}},"17":{"start":{"line":42,"column":13},"end":{"line":42,"column":null}},"18":{"start":{"line":43,"column":13},"end":{"line":43,"column":null}},"19":{"start":{"line":44,"column":13},"end":{"line":44,"column":null}},"20":{"start":{"line":45,"column":13},"end":{"line":45,"column":null}},"21":{"start":{"line":46,"column":13},"end":{"line":46,"column":null}},"22":{"start":{"line":48,"column":0},"end":{"line":48,"column":13}},"23":{"start":{"line":51,"column":4},"end":{"line":51,"column":null}},"24":{"start":{"line":54,"column":2},"end":{"line":56,"column":null}},"25":{"start":{"line":55,"column":4},"end":{"line":55,"column":null}},"26":{"start":{"line":58,"column":2},"end":{"line":60,"column":null}},"27":{"start":{"line":59,"column":4},"end":{"line":59,"column":null}},"28":{"start":{"line":62,"column":2},"end":{"line":64,"column":null}},"29":{"start":{"line":63,"column":4},"end":{"line":63,"column":null}},"30":{"start":{"line":65,"column":0},"end":{"line":65,"column":null}},"31":{"start":{"line":48,"column":13},"end":{"line":48,"column":32}}},"fnMap":{"0":{"name":"getRunnerPodName","decl":{"start":{"line":3,"column":16},"end":{"line":3,"column":32}},"loc":{"start":{"line":3,"column":32},"end":{"line":11,"column":1}}},"1":{"name":"getJobPodName","decl":{"start":{"line":13,"column":16},"end":{"line":13,"column":29}},"loc":{"start":{"line":13,"column":29},"end":{"line":18,"column":1}}},"2":{"name":"getStepPodName","decl":{"start":{"line":20,"column":16},"end":{"line":20,"column":30}},"loc":{"start":{"line":20,"column":30},"end":{"line":25,"column":1}}},"3":{"name":"getVolumeClaimName","decl":{"start":{"line":27,"column":16},"end":{"line":27,"column":34}},"loc":{"start":{"line":27,"column":34},"end":{"line":33,"column":1}}},"4":{"name":"getSecretName","decl":{"start":{"line":35,"column":16},"end":{"line":35,"column":29}},"loc":{"start":{"line":35,"column":29},"end":{"line":40,"column":1}}},"5":{"name":"(anonymous_5)","decl":{"start":{"line":48,"column":0},"end":{"line":48,"column":13}},"loc":{"start":{"line":48,"column":0},"end":{"line":65,"column":1}}},"6":{"name":"RunnerInstanceLabel","decl":{"start":{"line":50,"column":2},"end":{"line":50,"column":null}},"loc":{"start":{"line":50,"column":2},"end":{"line":52,"column":3}}},"7":{"name":"(anonymous_7)","decl":{"start":{"line":54,"column":2},"end":{"line":54,"column":6}},"loc":{"start":{"line":54,"column":2},"end":{"line":56,"column":3}}},"8":{"name":"(anonymous_8)","decl":{"start":{"line":58,"column":2},"end":{"line":58,"column":6}},"loc":{"start":{"line":58,"column":2},"end":{"line":60,"column":3}}},"9":{"name":"(anonymous_9)","decl":{"start":{"line":62,"column":2},"end":{"line":62,"column":10}},"loc":{"start":{"line":62,"column":2},"end":{"line":64,"column":3}}}},"branchMap":{"0":{"loc":{"start":{"line":5,"column":2},"end":{"line":9,"column":3}},"type":"if","locations":[{"start":{"line":5,"column":2},"end":{"line":9,"column":3}},{"start":{},"end":{}}]},"1":{"loc":{"start":{"line":29,"column":2},"end":{"line":31,"column":3}},"type":"if","locations":[{"start":{"line":29,"column":2},"end":{"line":31,"column":3}},{"start":{},"end":{}}]}},"s":{"0":15,"1":15,"2":15,"3":15,"4":15,"5":15,"6":105,"7":105,"8":74,"9":31,"10":11,"11":17,"12":4,"13":4,"14":3,"15":1,"16":3,"17":15,"18":15,"19":15,"20":15,"21":15,"22":15,"23":67,"24":15,"25":4,"26":15,"27":3,"28":15,"29":1,"30":15,"31":15},"f":{"0":105,"1":11,"2":17,"3":4,"4":3,"5":15,"6":67,"7":4,"8":3,"9":1},"b":{"0":[74,31],"1":[3,1]}}
,"/__w/backlog/backlog/work/runner-container-hooks/packages/k8s/src/hooks/index.ts": {"path":"/__w/backlog/backlog/work/runner-container-hooks/packages/k8s/src/hooks/index.ts","statementMap":{"0":{"start":{"line":1,"column":0},"end":{"line":1,"column":29}},"1":{"start":{"line":2,"column":0},"end":{"line":2,"column":29}},"2":{"start":{"line":3,"column":0},"end":{"line":3,"column":33}},"3":{"start":{"line":4,"column":0},"end":{"line":4,"column":36}}},"fnMap":{},"branchMap":{},"s":{"0":7,"1":7,"2":7,"3":7},"f":{},"b":{}}
,"/__w/backlog/backlog/work/runner-container-hooks/packages/k8s/src/hooks/prepare-job.ts": {"path":"/__w/backlog/backlog/work/runner-container-hooks/packages/k8s/src/hooks/prepare-job.ts","statementMap":{"0":{"start":{"line":40,"column":0},"end":{"line":40,"column":22}},"1":{"start":{"line":299,"column":0},"end":{"line":299,"column":16}},"2":{"start":{"line":1,"column":0},"end":{"line":1,"column":37}},"3":{"start":{"line":3,"column":0},"end":{"line":3,"column":null}},"4":{"start":{"line":10,"column":0},"end":{"line":10,"column":null}},"5":{"start":{"line":20,"column":0},"end":{"line":20,"column":null}},"6":{"start":{"line":32,"column":0},"end":{"line":32,"column":null}},"7":{"start":{"line":37,"column":0},"end":{"line":37,"column":64}},"8":{"start":{"line":38,"column":0},"end":{"line":38,"column":30}},"9":{"start":{"line":44,"column":2},"end":{"line":46,"column":3}},"10":{"start":{"line":45,"column":4},"end":{"line":45,"column":null}},"11":{"start":{"line":48,"column":2},"end":{"line":48,"column":null}},"12":{"start":{"line":50,"column":8},"end":{"line":50,"column":null}},"13":{"start":{"line":52,"column":6},"end":{"line":52,"column":null}},"14":{"start":{"line":53,"column":2},"end":{"line":61,"column":3}},"15":{"start":{"line":54,"column":4},"end":{"line":59,"column":null}},"16":{"start":{"line":60,"column":4},"end":{"line":60,"column":null}},"17":{"start":{"line":63,"column":6},"end":{"line":63,"column":null}},"18":{"start":{"line":64,"column":6},"end":{"line":64,"column":null}},"19":{"start":{"line":65,"column":2},"end":{"line":89,"column":3}},"20":{"start":{"line":66,"column":10},"end":{"line":66,"column":null}},"21":{"start":{"line":67,"column":4},"end":{"line":70,"column":5}},"22":{"start":{"line":67,"column":15},"end":{"line":67,"column":20}},"23":{"start":{"line":68,"column":12},"end":{"line":68,"column":null}},"24":{"start":{"line":69,"column":6},"end":{"line":69,"column":null}},"25":{"start":{"line":72,"column":10},"end":{"line":72,"column":null}},"26":{"start":{"line":73,"column":4},"end":{"line":88,"column":null}},"27":{"start":{"line":74,"column":19},"end":{"line":74,"column":55}},"28":{"start":{"line":75,"column":20},"end":{"line":75,"column":46}},"29":{"start":{"line":76,"column":18},"end":{"line":76,"column":40}},"30":{"start":{"line":79,"column":6},"end":{"line":83,"column":7}},"31":{"start":{"line":80,"column":8},"end":{"line":80,"column":null}},"32":{"start":{"line":82,"column":8},"end":{"line":82,"column":null}},"33":{"start":{"line":85,"column":6},"end":{"line":85,"column":null}},"34":{"start":{"line":86,"column":6},"end":{"line":86,"column":null}},"35":{"start":{"line":87,"column":6},"end":{"line":87,"column":null}},"36":{"start":{"line":91,"column":2},"end":{"line":93,"column":3}},"37":{"start":{"line":92,"column":4},"end":{"line":92,"column":null}},"38":{"start":{"line":95,"column":6},"end":{"line":95,"column":null}},"39":{"start":{"line":97,"column":17},"end":{"line":103,"column":null}},"40":{"start":{"line":97,"column":4},"end":{"line":103,"column":null}},"41":{"start":{"line":105,"column":4},"end":{"line":105,"column":null}},"42":{"start":{"line":106,"column":4},"end":{"line":106,"column":null}},"43":{"start":{"line":113,"column":10},"end":{"line":113,"column":null}},"44":{"start":{"line":114,"column":8},"end":{"line":114,"column":null}},"45":{"start":{"line":121,"column":4},"end":{"line":148,"column":5}},"46":{"start":{"line":122,"column":12},"end":{"line":122,"column":null}},"47":{"start":{"line":125,"column":12},"end":{"line":125,"column":null}},"48":{"start":{"line":126,"column":12},"end":{"line":129,"column":null}},"49":{"start":{"line":130,"column":6},"end":{"line":145,"column":7}},"50":{"start":{"line":133,"column":14},"end":{"line":133,"column":null}},"51":{"start":{"line":134,"column":14},"end":{"line":134,"column":null}},"52":{"start":{"line":137,"column":8},"end":{"line":144,"column":9}},"53":{"start":{"line":138,"column":16},"end":{"line":138,"column":null}},"54":{"start":{"line":139,"column":10},"end":{"line":141,"column":11}},"55":{"start":{"line":140,"column":12},"end":{"line":140,"column":null}},"56":{"start":{"line":143,"column":10},"end":{"line":143,"column":null}},"57":{"start":{"line":149,"column":10},"end":{"line":158,"column":null}},"58":{"start":{"line":159,"column":4},"end":{"line":159,"column":null}},"59":{"start":{"line":162,"column":2},"end":{"line":164,"column":3}},"60":{"start":{"line":163,"column":4},"end":{"line":163,"column":null}},"61":{"start":{"line":165,"column":2},"end":{"line":167,"column":null}},"62":{"start":{"line":169,"column":8},"end":{"line":169,"column":null}},"63":{"start":{"line":170,"column":2},"end":{"line":172,"column":3}},"64":{"start":{"line":171,"column":4},"end":{"line":171,"column":null}},"65":{"start":{"line":173,"column":8},"end":{"line":173,"column":null}},"66":{"start":{"line":176,"column":2},"end":{"line":178,"column":3}},"67":{"start":{"line":177,"column":4},"end":{"line":177,"column":null}},"68":{"start":{"line":181,"column":4},"end":{"line":186,"column":null}},"69":{"start":{"line":188,"column":4},"end":{"line":188,"column":null}},"70":{"start":{"line":192,"column":10},"end":{"line":192,"column":null}},"71":{"start":{"line":193,"column":4},"end":{"line":193,"column":null}},"72":{"start":{"line":196,"column":2},"end":{"line":196,"column":null}},"73":{"start":{"line":198,"column":6},"end":{"line":198,"column":19}},"74":{"start":{"line":199,"column":4},"end":{"line":203,"column":null}},"75":{"start":{"line":205,"column":10},"end":{"line":205,"column":null}},"76":{"start":{"line":206,"column":4},"end":{"line":214,"column":5}},"77":{"start":{"line":206,"column":15},"end":{"line":206,"column":22}},"78":{"start":{"line":207,"column":6},"end":{"line":213,"column":null}},"79":{"start":{"line":215,"column":4},"end":{"line":215,"column":null}},"80":{"start":{"line":218,"column":2},"end":{"line":218,"column":null}},"81":{"start":{"line":220,"column":6},"end":{"line":220,"column":null}},"82":{"start":{"line":222,"column":15},"end":{"line":225,"column":null}},"83":{"start":{"line":222,"column":4},"end":{"line":225,"column":null}},"84":{"start":{"line":227,"column":10},"end":{"line":227,"column":null}},"85":{"start":{"line":228,"column":4},"end":{"line":228,"column":null}},"86":{"start":{"line":229,"column":4},"end":{"line":229,"column":null}},"87":{"start":{"line":231,"column":2},"end":{"line":231,"column":null}},"88":{"start":{"line":232,"column":2},"end":{"line":232,"column":null}},"89":{"start":{"line":242,"column":2},"end":{"line":244,"column":3}},"90":{"start":{"line":243,"column":4},"end":{"line":243,"column":null}},"91":{"start":{"line":245,"column":19},"end":{"line":251,"column":null}},"92":{"start":{"line":253,"column":24},"end":{"line":254,"column":null}},"93":{"start":{"line":254,"column":9},"end":{"line":254,"column":null}},"94":{"start":{"line":256,"column":2},"end":{"line":269,"column":3}},"95":{"start":{"line":257,"column":52},"end":{"line":257,"column":54}},"96":{"start":{"line":258,"column":4},"end":{"line":263,"column":5}},"97":{"start":{"line":259,"column":6},"end":{"line":262,"column":7}},"98":{"start":{"line":259,"column":25},"end":{"line":259,"column":38}},"99":{"start":{"line":259,"column":25},"end":{"line":259,"column":44}},"100":{"start":{"line":259,"column":21},"end":{"line":259,"column":25}},"101":{"start":{"line":260,"column":8},"end":{"line":261,"column":null}},"102":{"start":{"line":265,"column":4},"end":{"line":268,"column":null}},"103":{"start":{"line":271,"column":2},"end":{"line":294,"column":3}},"104":{"start":{"line":273,"column":6},"end":{"line":275,"column":71}},"105":{"start":{"line":275,"column":34},"end":{"line":275,"column":65}},"106":{"start":{"line":277,"column":4},"end":{"line":293,"column":null}},"107":{"start":{"line":278,"column":20},"end":{"line":278,"column":null}},"108":{"start":{"line":280,"column":39},"end":{"line":280,"column":41}},"109":{"start":{"line":281,"column":8},"end":{"line":287,"column":9}},"110":{"start":{"line":282,"column":10},"end":{"line":286,"column":11}},"111":{"start":{"line":282,"column":29},"end":{"line":282,"column":30}},"112":{"start":{"line":282,"column":29},"end":{"line":282,"column":36}},"113":{"start":{"line":282,"column":25},"end":{"line":282,"column":29}},"114":{"start":{"line":283,"column":12},"end":{"line":285,"column":13}},"115":{"start":{"line":284,"column":14},"end":{"line":284,"column":null}},"116":{"start":{"line":289,"column":8},"end":{"line":292,"column":null}},"117":{"start":{"line":296,"column":2},"end":{"line":296,"column":null}},"118":{"start":{"line":302,"column":2},"end":{"line":302,"column":null}},"119":{"start":{"line":305,"column":2},"end":{"line":308,"column":3}},"120":{"start":{"line":306,"column":4},"end":{"line":306,"column":null}},"121":{"start":{"line":307,"column":4},"end":{"line":307,"column":null}},"122":{"start":{"line":310,"column":23},"end":{"line":314,"column":null}},"123":{"start":{"line":315,"column":2},"end":{"line":317,"column":3}},"124":{"start":{"line":316,"column":4},"end":{"line":316,"column":null}},"125":{"start":{"line":319,"column":2},"end":{"line":321,"column":3}},"126":{"start":{"line":320,"column":4},"end":{"line":320,"column":null}},"127":{"start":{"line":323,"column":2},"end":{"line":325,"column":3}},"128":{"start":{"line":324,"column":4},"end":{"line":324,"column":null}},"129":{"start":{"line":327,"column":2},"end":{"line":327,"column":null}},"130":{"start":{"line":328,"column":2},"end":{"line":334,"column":3}},"131":{"start":{"line":328,"column":29},"end":{"line":328,"column":35}},"132":{"start":{"line":328,"column":29},"end":{"line":329,"column":null}},"133":{"start":{"line":328,"column":13},"end":{"line":328,"column":14}},"134":{"start":{"line":328,"column":17},"end":{"line":328,"column":19}},"135":{"start":{"line":328,"column":24},"end":{"line":328,"column":25}},"136":{"start":{"line":331,"column":4},"end":{"line":333,"column":5}},"137":{"start":{"line":332,"column":6},"end":{"line":332,"column":null}},"138":{"start":{"line":336,"column":2},"end":{"line":339,"column":null}},"139":{"start":{"line":341,"column":2},"end":{"line":346,"column":3}},"140":{"start":{"line":342,"column":4},"end":{"line":345,"column":null}},"141":{"start":{"line":348,"column":2},"end":{"line":348,"column":null}},"142":{"start":{"line":350,"column":2},"end":{"line":352,"column":3}},"143":{"start":{"line":351,"column":4},"end":{"line":351,"column":null}},"144":{"start":{"line":354,"column":15},"end":{"line":355,"column":null}},"145":{"start":{"line":355,"column":9},"end":{"line":355,"column":null}},"146":{"start":{"line":358,"column":2},"end":{"line":360,"column":3}},"147":{"start":{"line":359,"column":4},"end":{"line":359,"column":null}},"148":{"start":{"line":362,"column":2},"end":{"line":362,"column":null}}},"fnMap":{"0":{"name":"prepareJob","decl":{"start":{"line":40,"column":22},"end":{"line":40,"column":32}},"loc":{"start":{"line":42,"column":14},"end":{"line":233,"column":null}}},"1":{"name":"(anonymous_25)","decl":{"start":{"line":73,"column":33},"end":{"line":73,"column":40}},"loc":{"start":{"line":73,"column":40},"end":{"line":88,"column":5}}},"2":{"name":"generateResponseFile","decl":{"start":{"line":235,"column":9},"end":{"line":235,"column":29}},"loc":{"start":{"line":240,"column":25},"end":{"line":297,"column":1}}},"3":{"name":"(anonymous_27)","decl":{"start":{"line":254,"column":4},"end":{"line":254,"column":5}},"loc":{"start":{"line":254,"column":5},"end":{"line":254,"column":10}}},"4":{"name":"(anonymous_28)","decl":{"start":{"line":275,"column":29},"end":{"line":275,"column":30}},"loc":{"start":{"line":275,"column":30},"end":{"line":275,"column":55}}},"5":{"name":"(anonymous_29)","decl":{"start":{"line":278,"column":15},"end":{"line":278,"column":16}},"loc":{"start":{"line":278,"column":16},"end":{"line":278,"column":41}}},"6":{"name":"(anonymous_30)","decl":{"start":{"line":279,"column":11},"end":{"line":279,"column":12}},"loc":{"start":{"line":279,"column":12},"end":{"line":293,"column":7}}},"7":{"name":"createContainerSpec","decl":{"start":{"line":299,"column":16},"end":{"line":299,"column":35}},"loc":{"start":{"line":303,"column":35},"end":{"line":363,"column":1}}},"8":{"name":"(anonymous_32)","decl":{"start":{"line":355,"column":4},"end":{"line":355,"column":5}},"loc":{"start":{"line":355,"column":5},"end":{"line":355,"column":10}}}},"branchMap":{"0":{"loc":{"start":{"line":196,"column":2},"end":{"line":196,"column":null}},"type":"switch","locations":[{"start":{"line":196,"column":2},"end":{"line":196,"column":null}}]},"1":{"loc":{"start":{"line":44,"column":2},"end":{"line":46,"column":3}},"type":"if","locations":[{"start":{"line":44,"column":2},"end":{"line":46,"column":3}},{"start":{},"end":{}}]},"2":{"loc":{"start":{"line":53,"column":2},"end":{"line":61,"column":3}},"type":"if","locations":[{"start":{"line":53,"column":2},"end":{"line":61,"column":3}},{"start":{},"end":{}}]},"3":{"loc":{"start":{"line":53,"column":6},"end":{"line":53,"column":27}},"type":"cond-expr","locations":[{"start":{"line":53,"column":20},"end":{"line":53,"column":22}},{"start":{"line":53,"column":20},"end":{"line":53,"column":27}}]},"4":{"loc":{"start":{"line":53,"column":6},"end":{"line":53,"column":22}},"type":"binary-expr","locations":[{"start":{"line":53,"column":6},"end":{"line":53,"column":22}},{"start":{"line":53,"column":20},"end":{"line":53,"column":22}}]},"5":{"loc":{"start":{"line":65,"column":2},"end":{"line":89,"column":3}},"type":"if","locations":[{"start":{"line":65,"column":2},"end":{"line":89,"column":3}},{"start":{},"end":{}}]},"6":{"loc":{"start":{"line":65,"column":6},"end":{"line":65,"column":27}},"type":"cond-expr","locations":[{"start":{"line":65,"column":19},"end":{"line":65,"column":21}},{"start":{"line":65,"column":19},"end":{"line":65,"column":27}}]},"7":{"loc":{"start":{"line":65,"column":6},"end":{"line":65,"column":21}},"type":"binary-expr","locations":[{"start":{"line":65,"column":6},"end":{"line":65,"column":21}},{"start":{"line":65,"column":19},"end":{"line":65,"column":21}}]},"8":{"loc":{"start":{"line":69,"column":29},"end":{"line":69,"column":55}},"type":"binary-expr","locations":[{"start":{"line":69,"column":29},"end":{"line":69,"column":50}},{"start":{"line":69,"column":54},"end":{"line":69,"column":55}}]},"9":{"loc":{"start":{"line":75,"column":20},"end":{"line":75,"column":46}},"type":"binary-expr","locations":[{"start":{"line":75,"column":20},"end":{"line":75,"column":41}},{"start":{"line":75,"column":45},"end":{"line":75,"column":46}}]},"10":{"loc":{"start":{"line":76,"column":18},"end":{"line":76,"column":40}},"type":"binary-expr","locations":[{"start":{"line":76,"column":18},"end":{"line":76,"column":35}},{"start":{"line":76,"column":39},"end":{"line":76,"column":40}}]},"11":{"loc":{"start":{"line":79,"column":6},"end":{"line":83,"column":7}},"type":"if","locations":[{"start":{"line":79,"column":6},"end":{"line":83,"column":7}},{"start":{"line":81,"column":13},"end":{"line":83,"column":7}}]},"12":{"loc":{"start":{"line":91,"column":2},"end":{"line":93,"column":3}},"type":"if","locations":[{"start":{"line":91,"column":2},"end":{"line":93,"column":3}},{"start":{},"end":{}}]},"13":{"loc":{"start":{"line":91,"column":6},"end":{"line":91,"column":39}},"type":"binary-expr","locations":[{"start":{"line":91,"column":6},"end":{"line":91,"column":16}},{"start":{"line":91,"column":20},"end":{"line":91,"column":39}}]},"14":{"loc":{"start":{"line":91,"column":21},"end":{"line":91,"column":37}},"type":"cond-expr","locations":[{"start":{"line":91,"column":29},"end":{"line":91,"column":31}},{"start":{"line":91,"column":21},"end":{"line":91,"column":37}}]},"15":{"loc":{"start":{"line":91,"column":21},"end":{"line":91,"column":31}},"type":"binary-expr","locations":[{"start":{"line":91,"column":21},"end":{"line":91,"column":31}},{"start":{"line":91,"column":21},"end":{"line":91,"column":31}}]},"16":{"loc":{"start":{"line":113,"column":16},"end":{"line":113,"column":64}},"type":"cond-expr","locations":[{"start":{"line":113,"column":39},"end":{"line":113,"column":50}},{"start":{"line":113,"column":53},"end":{"line":113,"column":64}}]},"17":{"loc":{"start":{"line":127,"column":8},"end":{"line":129,"column":38}},"type":"cond-expr","locations":[{"start":{"line":128,"column":12},"end":{"line":128,"column":44}},{"start":{"line":129,"column":12},"end":{"line":129,"column":38}}]},"18":{"loc":{"start":{"line":130,"column":6},"end":{"line":145,"column":7}},"type":"if","locations":[{"start":{"line":130,"column":6},"end":{"line":145,"column":7}},{"start":{},"end":{}}]},"19":{"loc":{"start":{"line":130,"column":10},"end":{"line":130,"column":67}},"type":"binary-expr","locations":[{"start":{"line":130,"column":10},"end":{"line":130,"column":26}},{"start":{"line":130,"column":30},"end":{"line":130,"column":44}},{"start":{"line":130,"column":48},"end":{"line":130,"column":67}}]},"20":{"loc":{"start":{"line":139,"column":10},"end":{"line":141,"column":11}},"type":"if","locations":[{"start":{"line":139,"column":10},"end":{"line":141,"column":11}},{"start":{},"end":{}}]},"21":{"loc":{"start":{"line":139,"column":21},"end":{"line":139,"column":36}},"type":"cond-expr","locations":[{"start":{"line":139,"column":27},"end":{"line":139,"column":29}},{"start":{"line":139,"column":21},"end":{"line":139,"column":36}}]},"22":{"loc":{"start":{"line":139,"column":21},"end":{"line":139,"column":29}},"type":"binary-expr","locations":[{"start":{"line":139,"column":21},"end":{"line":139,"column":29}},{"start":{"line":139,"column":21},"end":{"line":139,"column":29}}]},"23":{"loc":{"start":{"line":162,"column":2},"end":{"line":164,"column":3}},"type":"if","locations":[{"start":{"line":162,"column":2},"end":{"line":164,"column":3}},{"start":{},"end":{}}]},"24":{"loc":{"start":{"line":162,"column":7},"end":{"line":162,"column":33}},"type":"cond-expr","locations":[{"start":{"line":162,"column":27},"end":{"line":162,"column":29}},{"start":{"line":162,"column":27},"end":{"line":162,"column":33}}]},"25":{"loc":{"start":{"line":162,"column":7},"end":{"line":162,"column":29}},"type":"binary-expr","locations":[{"start":{"line":162,"column":7},"end":{"line":162,"column":29}},{"start":{"line":162,"column":27},"end":{"line":162,"column":29}}]},"26":{"loc":{"start":{"line":162,"column":7},"end":{"line":162,"column":27}},"type":"cond-expr","locations":[{"start":{"line":162,"column":17},"end":{"line":162,"column":19}},{"start":{"line":162,"column":7},"end":{"line":162,"column":27}}]},"27":{"loc":{"start":{"line":162,"column":7},"end":{"line":162,"column":19}},"type":"binary-expr","locations":[{"start":{"line":162,"column":7},"end":{"line":162,"column":19}},{"start":{"line":162,"column":7},"end":{"line":162,"column":19}}]},"28":{"loc":{"start":{"line":166,"column":54},"end":{"line":166,"column":80}},"type":"cond-expr","locations":[{"start":{"line":166,"column":74},"end":{"line":166,"column":76}},{"start":{"line":166,"column":74},"end":{"line":166,"column":80}}]},"29":{"loc":{"start":{"line":166,"column":54},"end":{"line":166,"column":76}},"type":"binary-expr","locations":[{"start":{"line":166,"column":54},"end":{"line":166,"column":76}},{"start":{"line":166,"column":74},"end":{"line":166,"column":76}}]},"30":{"loc":{"start":{"line":166,"column":54},"end":{"line":166,"column":74}},"type":"cond-expr","locations":[{"start":{"line":166,"column":64},"end":{"line":166,"column":66}},{"start":{"line":166,"column":54},"end":{"line":166,"column":74}}]},"31":{"loc":{"start":{"line":166,"column":54},"end":{"line":166,"column":66}},"type":"binary-expr","locations":[{"start":{"line":166,"column":54},"end":{"line":166,"column":66}},{"start":{"line":166,"column":54},"end":{"line":166,"column":66}}]},"32":{"loc":{"start":{"line":170,"column":2},"end":{"line":172,"column":3}},"type":"if","locations":[{"start":{"line":170,"column":2},"end":{"line":172,"column":3}},{"start":{},"end":{}}]},"33":{"loc":{"start":{"line":176,"column":2},"end":{"line":178,"column":3}},"type":"if","locations":[{"start":{"line":176,"column":2},"end":{"line":178,"column":3}},{"start":{},"end":{}}]},"34":{"loc":{"start":{"line":176,"column":6},"end":{"line":176,"column":46}},"type":"cond-expr","locations":[{"start":{"line":176,"column":38},"end":{"line":176,"column":40}},{"start":{"line":176,"column":38},"end":{"line":176,"column":46}}]},"35":{"loc":{"start":{"line":176,"column":6},"end":{"line":176,"column":40}},"type":"binary-expr","locations":[{"start":{"line":176,"column":6},"end":{"line":176,"column":40}},{"start":{"line":176,"column":38},"end":{"line":176,"column":40}}]},"36":{"loc":{"start":{"line":176,"column":6},"end":{"line":176,"column":38}},"type":"cond-expr","locations":[{"start":{"line":176,"column":20},"end":{"line":176,"column":22}},{"start":{"line":176,"column":20},"end":{"line":176,"column":38}}]},"37":{"loc":{"start":{"line":176,"column":6},"end":{"line":176,"column":22}},"type":"binary-expr","locations":[{"start":{"line":176,"column":6},"end":{"line":176,"column":22}},{"start":{"line":176,"column":20},"end":{"line":176,"column":22}}]},"38":{"loc":{"start":{"line":177,"column":37},"end":{"line":177,"column":74}},"type":"binary-expr","locations":[{"start":{"line":177,"column":37},"end":{"line":177,"column":68}},{"start":{"line":177,"column":72},"end":{"line":177,"column":74}}]},"39":{"loc":{"start":{"line":192,"column":19},"end":{"line":192,"column":67}},"type":"cond-expr","locations":[{"start":{"line":192,"column":42},"end":{"line":192,"column":53}},{"start":{"line":192,"column":56},"end":{"line":192,"column":67}}]},"40":{"loc":{"start":{"line":198,"column":6},"end":{"line":198,"column":19}},"type":"if","locations":[{"start":{"line":198,"column":6},"end":{"line":198,"column":19}},{"start":{},"end":{}}]},"41":{"loc":{"start":{"line":206,"column":22},"end":{"line":206,"column":61}},"type":"binary-expr","locations":[{"start":{"line":206,"column":22},"end":{"line":206,"column":55}},{"start":{"line":206,"column":59},"end":{"line":206,"column":61}}]},"42":{"loc":{"start":{"line":206,"column":22},"end":{"line":206,"column":55}},"type":"cond-expr","locations":[{"start":{"line":206,"column":37},"end":{"line":206,"column":39}},{"start":{"line":206,"column":37},"end":{"line":206,"column":55}}]},"43":{"loc":{"start":{"line":206,"column":22},"end":{"line":206,"column":39}},"type":"binary-expr","locations":[{"start":{"line":206,"column":22},"end":{"line":206,"column":39}},{"start":{"line":206,"column":37},"end":{"line":206,"column":39}}]},"44":{"loc":{"start":{"line":206,"column":22},"end":{"line":206,"column":37}},"type":"cond-expr","locations":[{"start":{"line":206,"column":26},"end":{"line":206,"column":28}},{"start":{"line":206,"column":22},"end":{"line":206,"column":37}}]},"45":{"loc":{"start":{"line":206,"column":22},"end":{"line":206,"column":28}},"type":"binary-expr","locations":[{"start":{"line":206,"column":22},"end":{"line":206,"column":28}},{"start":{"line":206,"column":22},"end":{"line":206,"column":28}}]},"46":{"loc":{"start":{"line":242,"column":2},"end":{"line":244,"column":3}},"type":"if","locations":[{"start":{"line":242,"column":2},"end":{"line":244,"column":3}},{"start":{},"end":{}}]},"47":{"loc":{"start":{"line":242,"column":7},"end":{"line":242,"column":28}},"type":"cond-expr","locations":[{"start":{"line":242,"column":22},"end":{"line":242,"column":24}},{"start":{"line":242,"column":22},"end":{"line":242,"column":28}}]},"48":{"loc":{"start":{"line":242,"column":7},"end":{"line":242,"column":24}},"type":"binary-expr","locations":[{"start":{"line":242,"column":7},"end":{"line":242,"column":24}},{"start":{"line":242,"column":22},"end":{"line":242,"column":24}}]},"49":{"loc":{"start":{"line":253,"column":24},"end":{"line":254,"column":null}},"type":"cond-expr","locations":[{"start":{"line":253,"column":47},"end":{"line":253,"column":49}},{"start":{"line":253,"column":47},"end":{"line":254,"column":null}}]},"50":{"loc":{"start":{"line":253,"column":24},"end":{"line":253,"column":49}},"type":"binary-expr","locations":[{"start":{"line":253,"column":24},"end":{"line":253,"column":49}},{"start":{"line":253,"column":47},"end":{"line":253,"column":49}}]},"51":{"loc":{"start":{"line":253,"column":24},"end":{"line":253,"column":47}},"type":"cond-expr","locations":[{"start":{"line":253,"column":35},"end":{"line":253,"column":37}},{"start":{"line":253,"column":35},"end":{"line":253,"column":47}}]},"52":{"loc":{"start":{"line":253,"column":24},"end":{"line":253,"column":37}},"type":"binary-expr","locations":[{"start":{"line":253,"column":24},"end":{"line":253,"column":37}},{"start":{"line":253,"column":35},"end":{"line":253,"column":37}}]},"53":{"loc":{"start":{"line":256,"column":2},"end":{"line":269,"column":3}},"type":"if","locations":[{"start":{"line":256,"column":2},"end":{"line":269,"column":3}},{"start":{},"end":{}}]},"54":{"loc":{"start":{"line":258,"column":4},"end":{"line":263,"column":5}},"type":"if","locations":[{"start":{"line":258,"column":4},"end":{"line":263,"column":5}},{"start":{},"end":{}}]},"55":{"loc":{"start":{"line":258,"column":8},"end":{"line":258,"column":28}},"type":"cond-expr","locations":[{"start":{"line":258,"column":21},"end":{"line":258,"column":23}},{"start":{"line":258,"column":8},"end":{"line":258,"column":28}}]},"56":{"loc":{"start":{"line":258,"column":8},"end":{"line":258,"column":23}},"type":"binary-expr","locations":[{"start":{"line":258,"column":8},"end":{"line":258,"column":23}},{"start":{"line":258,"column":8},"end":{"line":258,"column":23}}]},"57":{"loc":{"start":{"line":271,"column":2},"end":{"line":294,"column":3}},"type":"if","locations":[{"start":{"line":271,"column":2},"end":{"line":294,"column":3}},{"start":{},"end":{}}]},"58":{"loc":{"start":{"line":271,"column":6},"end":{"line":271,"column":27}},"type":"cond-expr","locations":[{"start":{"line":271,"column":19},"end":{"line":271,"column":21}},{"start":{"line":271,"column":19},"end":{"line":271,"column":27}}]},"59":{"loc":{"start":{"line":271,"column":6},"end":{"line":271,"column":21}},"type":"binary-expr","locations":[{"start":{"line":271,"column":6},"end":{"line":271,"column":21}},{"start":{"line":271,"column":19},"end":{"line":271,"column":21}}]},"60":{"loc":{"start":{"line":273,"column":6},"end":{"line":275,"column":71}},"type":"cond-expr","locations":[{"start":{"line":274,"column":10},"end":{"line":274,"column":22}},{"start":{"line":275,"column":10},"end":{"line":275,"column":71}}]},"61":{"loc":{"start":{"line":273,"column":6},"end":{"line":273,"column":41}},"type":"binary-expr","locations":[{"start":{"line":273,"column":6},"end":{"line":273,"column":18}},{"start":{"line":273,"column":22},"end":{"line":273,"column":41}}]},"62":{"loc":{"start":{"line":275,"column":10},"end":{"line":275,"column":71}},"type":"binary-expr","locations":[{"start":{"line":275,"column":10},"end":{"line":275,"column":65}},{"start":{"line":275,"column":69},"end":{"line":275,"column":71}}]},"63":{"loc":{"start":{"line":275,"column":10},"end":{"line":275,"column":65}},"type":"cond-expr","locations":[{"start":{"line":275,"column":23},"end":{"line":275,"column":25}},{"start":{"line":275,"column":23},"end":{"line":275,"column":65}}]},"64":{"loc":{"start":{"line":275,"column":10},"end":{"line":275,"column":25}},"type":"binary-expr","locations":[{"start":{"line":275,"column":10},"end":{"line":275,"column":25}},{"start":{"line":275,"column":23},"end":{"line":275,"column":25}}]},"65":{"loc":{"start":{"line":277,"column":35},"end":{"line":293,"column":8}},"type":"cond-expr","locations":[{"start":{"line":277,"column":59},"end":{"line":277,"column":null}},{"start":{"line":277,"column":59},"end":{"line":293,"column":8}}]},"66":{"loc":{"start":{"line":277,"column":35},"end":{"line":277,"column":null}},"type":"binary-expr","locations":[{"start":{"line":277,"column":35},"end":{"line":277,"column":null}},{"start":{"line":277,"column":59},"end":{"line":277,"column":null}}]},"67":{"loc":{"start":{"line":277,"column":35},"end":{"line":277,"column":59}},"type":"cond-expr","locations":[{"start":{"line":277,"column":47},"end":{"line":277,"column":49}},{"start":{"line":277,"column":47},"end":{"line":277,"column":59}}]},"68":{"loc":{"start":{"line":277,"column":35},"end":{"line":277,"column":49}},"type":"binary-expr","locations":[{"start":{"line":277,"column":35},"end":{"line":277,"column":49}},{"start":{"line":277,"column":47},"end":{"line":277,"column":49}}]},"69":{"loc":{"start":{"line":277,"column":35},"end":{"line":277,"column":47}},"type":"cond-expr","locations":[{"start":{"line":277,"column":41},"end":{"line":277,"column":43}},{"start":{"line":277,"column":35},"end":{"line":277,"column":47}}]},"70":{"loc":{"start":{"line":277,"column":35},"end":{"line":277,"column":43}},"type":"binary-expr","locations":[{"start":{"line":277,"column":35},"end":{"line":277,"column":43}},{"start":{"line":277,"column":35},"end":{"line":277,"column":43}}]},"71":{"loc":{"start":{"line":281,"column":8},"end":{"line":287,"column":9}},"type":"if","locations":[{"start":{"line":281,"column":8},"end":{"line":287,"column":9}},{"start":{},"end":{}}]},"72":{"loc":{"start":{"line":281,"column":12},"end":{"line":281,"column":27}},"type":"cond-expr","locations":[{"start":{"line":281,"column":19},"end":{"line":281,"column":21}},{"start":{"line":281,"column":19},"end":{"line":281,"column":27}}]},"73":{"loc":{"start":{"line":281,"column":12},"end":{"line":281,"column":21}},"type":"binary-expr","locations":[{"start":{"line":281,"column":12},"end":{"line":281,"column":21}},{"start":{"line":281,"column":19},"end":{"line":281,"column":21}}]},"74":{"loc":{"start":{"line":283,"column":12},"end":{"line":285,"column":13}},"type":"if","locations":[{"start":{"line":283,"column":12},"end":{"line":285,"column":13}},{"start":{},"end":{}}]},"75":{"loc":{"start":{"line":283,"column":16},"end":{"line":283,"column":51}},"type":"binary-expr","locations":[{"start":{"line":283,"column":16},"end":{"line":283,"column":34}},{"start":{"line":283,"column":38},"end":{"line":283,"column":51}}]},"76":{"loc":{"start":{"line":302,"column":2},"end":{"line":302,"column":null}},"type":"if","locations":[{"start":{"line":302,"column":2},"end":{"line":302,"column":null}},{"start":{},"end":{}}]},"77":{"loc":{"start":{"line":305,"column":2},"end":{"line":308,"column":3}},"type":"if","locations":[{"start":{"line":305,"column":2},"end":{"line":308,"column":3}},{"start":{},"end":{}}]},"78":{"loc":{"start":{"line":305,"column":6},"end":{"line":305,"column":43}},"type":"binary-expr","locations":[{"start":{"line":305,"column":6},"end":{"line":305,"column":27}},{"start":{"line":305,"column":31},"end":{"line":305,"column":43}}]},"79":{"loc":{"start":{"line":315,"column":2},"end":{"line":317,"column":3}},"type":"if","locations":[{"start":{"line":315,"column":2},"end":{"line":317,"column":3}},{"start":{},"end":{}}]},"80":{"loc":{"start":{"line":319,"column":2},"end":{"line":321,"column":3}},"type":"if","locations":[{"start":{"line":319,"column":2},"end":{"line":321,"column":3}},{"start":{},"end":{}}]},"81":{"loc":{"start":{"line":323,"column":2},"end":{"line":325,"column":3}},"type":"if","locations":[{"start":{"line":323,"column":2},"end":{"line":325,"column":3}},{"start":{},"end":{}}]},"82":{"loc":{"start":{"line":323,"column":6},"end":{"line":323,"column":69}},"type":"binary-expr","locations":[{"start":{"line":323,"column":6},"end":{"line":323,"column":30}},{"start":{"line":323,"column":34},"end":{"line":323,"column":69}}]},"83":{"loc":{"start":{"line":329,"column":4},"end":{"line":329,"column":43}},"type":"binary-expr","locations":[{"start":{"line":329,"column":4},"end":{"line":329,"column":37}},{"start":{"line":329,"column":41},"end":{"line":329,"column":43}}]},"84":{"loc":{"start":{"line":331,"column":4},"end":{"line":333,"column":5}},"type":"if","locations":[{"start":{"line":331,"column":4},"end":{"line":333,"column":5}},{"start":{},"end":{}}]},"85":{"loc":{"start":{"line":331,"column":8},"end":{"line":331,"column":31}},"type":"binary-expr","locations":[{"start":{"line":331,"column":8},"end":{"line":331,"column":13}},{"start":{"line":331,"column":17},"end":{"line":331,"column":31}}]},"86":{"loc":{"start":{"line":341,"column":2},"end":{"line":346,"column":3}},"type":"if","locations":[{"start":{"line":341,"column":2},"end":{"line":346,"column":3}},{"start":{},"end":{}}]},"87":{"loc":{"start":{"line":341,"column":17},"end":{"line":341,"column":56}},"type":"binary-expr","locations":[{"start":{"line":341,"column":17},"end":{"line":341,"column":50}},{"start":{"line":341,"column":54},"end":{"line":341,"column":56}}]},"88":{"loc":{"start":{"line":350,"column":2},"end":{"line":352,"column":3}},"type":"if","locations":[{"start":{"line":350,"column":2},"end":{"line":352,"column":3}},{"start":{},"end":{}}]},"89":{"loc":{"start":{"line":354,"column":15},"end":{"line":355,"column":null}},"type":"cond-expr","locations":[{"start":{"line":354,"column":41},"end":{"line":354,"column":43}},{"start":{"line":354,"column":41},"end":{"line":355,"column":null}}]},"90":{"loc":{"start":{"line":354,"column":15},"end":{"line":354,"column":43}},"type":"binary-expr","locations":[{"start":{"line":354,"column":15},"end":{"line":354,"column":43}},{"start":{"line":354,"column":41},"end":{"line":354,"column":43}}]},"91":{"loc":{"start":{"line":354,"column":15},"end":{"line":354,"column":41}},"type":"cond-expr","locations":[{"start":{"line":354,"column":29},"end":{"line":354,"column":31}},{"start":{"line":354,"column":29},"end":{"line":354,"column":41}}]},"92":{"loc":{"start":{"line":354,"column":15},"end":{"line":354,"column":31}},"type":"binary-expr","locations":[{"start":{"line":354,"column":15},"end":{"line":354,"column":31}},{"start":{"line":354,"column":29},"end":{"line":354,"column":31}}]},"93":{"loc":{"start":{"line":358,"column":2},"end":{"line":360,"column":3}},"type":"if","locations":[{"start":{"line":358,"column":2},"end":{"line":360,"column":3}},{"start":{},"end":{}}]}},"s":{"0":8,"1":8,"2":8,"3":8,"4":8,"5":8,"6":8,"7":8,"8":8,"9":10,"10":1,"11":18,"12":9,"13":9,"14":9,"15":8,"16":8,"17":9,"18":9,"19":9,"20":1,"21":1,"22":2,"23":2,"24":2,"25":1,"26":1,"27":2,"28":2,"29":2,"30":2,"31":2,"32":0,"33":2,"34":2,"35":2,"36":9,"37":1,"38":8,"39":8,"40":8,"41":4,"42":2,"43":2,"44":2,"45":2,"46":2,"47":2,"48":2,"49":2,"50":1,"51":1,"52":1,"53":1,"54":1,"55":1,"56":0,"57":2,"58":2,"59":6,"60":0,"61":6,"62":6,"63":6,"64":1,"65":5,"66":5,"67":0,"68":10,"69":2,"70":1,"71":1,"72":8,"73":8,"74":0,"75":0,"76":0,"77":0,"78":0,"79":0,"80":4,"81":4,"82":4,"83":4,"84":1,"85":1,"86":1,"87":3,"88":3,"89":3,"90":0,"91":3,"92":3,"93":1,"94":3,"95":1,"96":1,"97":1,"98":1,"99":1,"100":0,"101":0,"102":1,"103":3,"104":1,"105":0,"106":1,"107":3,"108":2,"109":2,"110":0,"111":0,"112":0,"113":0,"114":0,"115":0,"116":2,"117":3,"118":29,"119":21,"120":1,"121":1,"122":21,"123":21,"124":1,"125":21,"126":18,"127":21,"128":10,"129":21,"130":21,"131":21,"132":21,"133":3,"134":3,"135":3,"136":3,"137":2,"138":21,"139":21,"140":20,"141":21,"142":21,"143":20,"144":1,"145":1,"146":1,"147":1,"148":1},"f":{"0":10,"1":2,"2":3,"3":1,"4":0,"5":3,"6":2,"7":21,"8":1},"b":{"0":[4],"1":[1,9],"2":[8,1],"3":[0,9],"4":[9,9],"5":[1,8],"6":[0,9],"7":[9,9],"8":[2,1],"9":[2,0],"10":[2,1],"11":[2,0],"12":[1,8],"13":[9,1],"14":[0,1],"15":[1,1],"16":[2,0],"17":[1,1],"18":[1,1],"19":[2,1,1],"20":[1,0],"21":[0,1],"22":[1,1],"23":[0,6],"24":[0,6],"25":[6,6],"26":[0,6],"27":[6,6],"28":[0,6],"29":[6,6],"30":[0,6],"31":[6,6],"32":[1,5],"33":[0,5],"34":[0,5],"35":[5,5],"36":[0,5],"37":[5,5],"38":[0,0],"39":[1,0],"40":[4,0],"41":[0,0],"42":[0,0],"43":[0,0],"44":[0,0],"45":[0,0],"46":[0,3],"47":[0,3],"48":[3,3],"49":[2,1],"50":[3,3],"51":[2,1],"52":[3,3],"53":[1,2],"54":[1,0],"55":[0,1],"56":[1,1],"57":[1,2],"58":[0,3],"59":[3,3],"60":[1,0],"61":[1,1],"62":[0,0],"63":[0,0],"64":[0,0],"65":[0,1],"66":[1,1],"67":[0,1],"68":[1,1],"69":[0,1],"70":[1,1],"71":[0,2],"72":[0,2],"73":[2,2],"74":[0,0],"75":[0,0],"76":[8,13],"77":[1,20],"78":[21,4],"79":[1,20],"80":[18,3],"81":[10,11],"82":[21,10],"83":[21,9],"84":[2,1],"85":[3,3],"86":[20,1],"87":[21,9],"88":[20,1],"89":[0,1],"90":[1,1],"91":[0,1],"92":[1,1],"93":[1,0]}}
,"/__w/backlog/backlog/work/runner-container-hooks/packages/k8s/src/hooks/run-container-step.ts": {"path":"/__w/backlog/backlog/work/runner-container-hooks/packages/k8s/src/hooks/run-container-step.ts","statementMap":{"0":{"start":{"line":36,"column":0},"end":{"line":36,"column":22}},"1":{"start":{"line":1,"column":0},"end":{"line":1,"column":37}},"2":{"start":{"line":2,"column":0},"end":{"line":2,"column":24}},"3":{"start":{"line":3,"column":0},"end":{"line":3,"column":46}},"4":{"start":{"line":5,"column":0},"end":{"line":5,"column":30}},"5":{"start":{"line":6,"column":0},"end":{"line":6,"column":null}},"6":{"start":{"line":19,"column":0},"end":{"line":19,"column":null}},"7":{"start":{"line":28,"column":0},"end":{"line":28,"column":null}},"8":{"start":{"line":34,"column":0},"end":{"line":34,"column":64}},"9":{"start":{"line":39,"column":2},"end":{"line":41,"column":3}},"10":{"start":{"line":40,"column":4},"end":{"line":40,"column":null}},"11":{"start":{"line":43,"column":2},"end":{"line":47,"column":3}},"12":{"start":{"line":44,"column":4},"end":{"line":46,"column":null}},"13":{"start":{"line":49,"column":8},"end":{"line":49,"column":null}},"14":{"start":{"line":50,"column":2},"end":{"line":50,"column":null}},"15":{"start":{"line":51,"column":2},"end":{"line":53,"column":3}},"16":{"start":{"line":52,"column":4},"end":{"line":52,"column":null}},"17":{"start":{"line":55,"column":8},"end":{"line":55,"column":null}},"18":{"start":{"line":57,"column":8},"end":{"line":57,"column":null}},"19":{"start":{"line":58,"column":2},"end":{"line":58,"column":null}},"20":{"start":{"line":62,"column":10},"end":{"line":62,"column":null}},"21":{"start":{"line":62,"column":4},"end":{"line":62,"column":null}},"22":{"start":{"line":64,"column":10},"end":{"line":64,"column":null}},"23":{"start":{"line":65,"column":4},"end":{"line":65,"column":null}},"24":{"start":{"line":66,"column":4},"end":{"line":66,"column":null}},"25":{"start":{"line":69,"column":2},"end":{"line":75,"column":3}},"26":{"start":{"line":70,"column":4},"end":{"line":74,"column":null}},"27":{"start":{"line":76,"column":8},"end":{"line":76,"column":null}},"28":{"start":{"line":79,"column":4},"end":{"line":84,"column":null}},"29":{"start":{"line":86,"column":10},"end":{"line":86,"column":null}},"30":{"start":{"line":87,"column":10},"end":{"line":87,"column":null}},"31":{"start":{"line":88,"column":4},"end":{"line":92,"column":5}},"32":{"start":{"line":89,"column":6},"end":{"line":91,"column":null}},"33":{"start":{"line":93,"column":10},"end":{"line":93,"column":null}},"34":{"start":{"line":94,"column":10},"end":{"line":94,"column":null}},"35":{"start":{"line":95,"column":10},"end":{"line":95,"column":null}},"36":{"start":{"line":96,"column":4},"end":{"line":98,"column":5}},"37":{"start":{"line":97,"column":6},"end":{"line":97,"column":null}},"38":{"start":{"line":99,"column":10},"end":{"line":99,"column":null}},"39":{"start":{"line":101,"column":4},"end":{"line":103,"column":null}},"40":{"start":{"line":104,"column":4},"end":{"line":104,"column":null}},"41":{"start":{"line":106,"column":10},"end":{"line":106,"column":42}},"42":{"start":{"line":114,"column":4},"end":{"line":114,"column":null}},"43":{"start":{"line":116,"column":4},"end":{"line":116,"column":null}},"44":{"start":{"line":119,"column":6},"end":{"line":119,"column":null}},"45":{"start":{"line":120,"column":31},"end":{"line":124,"column":null}},"46":{"start":{"line":120,"column":12},"end":{"line":120,"column":31}},"47":{"start":{"line":125,"column":6},"end":{"line":127,"column":7}},"48":{"start":{"line":126,"column":8},"end":{"line":126,"column":null}},"49":{"start":{"line":132,"column":29},"end":{"line":136,"column":null}},"50":{"start":{"line":132,"column":12},"end":{"line":136,"column":null}},"51":{"start":{"line":137,"column":6},"end":{"line":137,"column":null}},"52":{"start":{"line":139,"column":6},"end":{"line":139,"column":null}},"53":{"start":{"line":141,"column":6},"end":{"line":147,"column":7}},"54":{"start":{"line":146,"column":8},"end":{"line":146,"column":null}},"55":{"start":{"line":148,"column":12},"end":{"line":148,"column":null}},"56":{"start":{"line":149,"column":6},"end":{"line":149,"column":null}},"57":{"start":{"line":151,"column":6},"end":{"line":151,"column":null}},"58":{"start":{"line":155,"column":23},"end":{"line":155,"column":null}},"59":{"start":{"line":155,"column":12},"end":{"line":155,"column":null}},"60":{"start":{"line":156,"column":12},"end":{"line":156,"column":null}},"61":{"start":{"line":157,"column":10},"end":{"line":157,"column":26}},"62":{"start":{"line":158,"column":24},"end":{"line":158,"column":null}},"63":{"start":{"line":158,"column":14},"end":{"line":158,"column":null}},"64":{"start":{"line":159,"column":8},"end":{"line":161,"column":null}},"65":{"start":{"line":166,"column":4},"end":{"line":166,"column":null}},"66":{"start":{"line":167,"column":4},"end":{"line":167,"column":null}},"67":{"start":{"line":169,"column":4},"end":{"line":171,"column":null}},"68":{"start":{"line":170,"column":6},"end":{"line":170,"column":null}},"69":{"start":{"line":186,"column":8},"end":{"line":186,"column":null}},"70":{"start":{"line":187,"column":8},"end":{"line":187,"column":null}},"71":{"start":{"line":188,"column":8},"end":{"line":188,"column":null}},"72":{"start":{"line":191,"column":16},"end":{"line":191,"column":null}},"73":{"start":{"line":191,"column":10},"end":{"line":191,"column":null}},"74":{"start":{"line":192,"column":10},"end":{"line":194,"column":null}},"75":{"start":{"line":193,"column":11},"end":{"line":193,"column":null}},"76":{"start":{"line":195,"column":10},"end":{"line":195,"column":null}},"77":{"start":{"line":196,"column":4},"end":{"line":220,"column":5}},"78":{"start":{"line":197,"column":12},"end":{"line":197,"column":null}},"79":{"start":{"line":198,"column":12},"end":{"line":202,"column":null}},"80":{"start":{"line":203,"column":6},"end":{"line":216,"column":7}},"81":{"start":{"line":204,"column":14},"end":{"line":204,"column":null}},"82":{"start":{"line":205,"column":14},"end":{"line":205,"column":null}},"83":{"start":{"line":206,"column":8},"end":{"line":208,"column":null}},"84":{"start":{"line":210,"column":8},"end":{"line":212,"column":null}},"85":{"start":{"line":213,"column":8},"end":{"line":215,"column":null}},"86":{"start":{"line":219,"column":6},"end":{"line":219,"column":null}},"87":{"start":{"line":221,"column":4},"end":{"line":225,"column":5}},"88":{"start":{"line":222,"column":6},"end":{"line":224,"column":null}},"89":{"start":{"line":228,"column":4},"end":{"line":228,"column":null}},"90":{"start":{"line":231,"column":2},"end":{"line":237,"column":3}},"91":{"start":{"line":232,"column":10},"end":{"line":235,"column":null}},"92":{"start":{"line":234,"column":16},"end":{"line":234,"column":25}},"93":{"start":{"line":236,"column":4},"end":{"line":236,"column":null}},"94":{"start":{"line":239,"column":6},"end":{"line":239,"column":null}},"95":{"start":{"line":240,"column":2},"end":{"line":242,"column":3}},"96":{"start":{"line":241,"column":4},"end":{"line":241,"column":null}},"97":{"start":{"line":243,"column":2},"end":{"line":243,"column":null}},"98":{"start":{"line":250,"column":23},"end":{"line":250,"column":44}},"99":{"start":{"line":251,"column":2},"end":{"line":251,"column":null}},"100":{"start":{"line":252,"column":2},"end":{"line":252,"column":null}},"101":{"start":{"line":253,"column":2},"end":{"line":253,"column":null}},"102":{"start":{"line":254,"column":2},"end":{"line":254,"column":null}},"103":{"start":{"line":255,"column":2},"end":{"line":255,"column":null}},"104":{"start":{"line":257,"column":2},"end":{"line":257,"column":null}},"105":{"start":{"line":259,"column":2},"end":{"line":261,"column":3}},"106":{"start":{"line":260,"column":4},"end":{"line":260,"column":null}},"107":{"start":{"line":263,"column":15},"end":{"line":264,"column":null}},"108":{"start":{"line":264,"column":9},"end":{"line":264,"column":null}},"109":{"start":{"line":266,"column":2},"end":{"line":268,"column":3}},"110":{"start":{"line":267,"column":4},"end":{"line":267,"column":null}},"111":{"start":{"line":270,"column":2},"end":{"line":270,"column":null}}},"fnMap":{"0":{"name":"runContainerStep","decl":{"start":{"line":36,"column":22},"end":{"line":36,"column":38}},"loc":{"start":{"line":37,"column":37},"end":{"line":173,"column":null}}},"1":{"name":"(anonymous_25)","decl":{"start":{"line":169,"column":35},"end":{"line":169,"column":38}},"loc":{"start":{"line":169,"column":38},"end":{"line":171,"column":5}}},"2":{"name":"classifyScriptError","decl":{"start":{"line":181,"column":15},"end":{"line":181,"column":34}},"loc":{"start":{"line":184,"column":20},"end":{"line":244,"column":null}}},"3":{"name":"(anonymous_29)","decl":{"start":{"line":193,"column":6},"end":{"line":193,"column":7}},"loc":{"start":{"line":193,"column":7},"end":{"line":193,"column":12}}},"4":{"name":"(anonymous_30)","decl":{"start":{"line":234,"column":11},"end":{"line":234,"column":12}},"loc":{"start":{"line":234,"column":12},"end":{"line":234,"column":21}}},"5":{"name":"createContainerSpec","decl":{"start":{"line":246,"column":9},"end":{"line":246,"column":28}},"loc":{"start":{"line":248,"column":35},"end":{"line":271,"column":1}}},"6":{"name":"(anonymous_32)","decl":{"start":{"line":264,"column":4},"end":{"line":264,"column":5}},"loc":{"start":{"line":264,"column":5},"end":{"line":264,"column":10}}}},"branchMap":{"0":{"loc":{"start":{"line":169,"column":4},"end":{"line":171,"column":null}},"type":"switch","locations":[{"start":{"line":169,"column":4},"end":{"line":171,"column":null}}]},"1":{"loc":{"start":{"line":39,"column":2},"end":{"line":41,"column":3}},"type":"if","locations":[{"start":{"line":39,"column":2},"end":{"line":41,"column":3}},{"start":{},"end":{}}]},"2":{"loc":{"start":{"line":43,"column":2},"end":{"line":47,"column":3}},"type":"if","locations":[{"start":{"line":43,"column":2},"end":{"line":47,"column":3}},{"start":{},"end":{}}]},"3":{"loc":{"start":{"line":49,"column":15},"end":{"line":49,"column":55}},"type":"binary-expr","locations":[{"start":{"line":49,"column":15},"end":{"line":49,"column":49}},{"start":{"line":49,"column":53},"end":{"line":49,"column":55}}]},"4":{"loc":{"start":{"line":51,"column":2},"end":{"line":53,"column":3}},"type":"if","locations":[{"start":{"line":51,"column":2},"end":{"line":53,"column":3}},{"start":{},"end":{}}]},"5":{"loc":{"start":{"line":69,"column":2},"end":{"line":75,"column":3}},"type":"if","locations":[{"start":{"line":69,"column":2},"end":{"line":75,"column":3}},{"start":{},"end":{}}]},"6":{"loc":{"start":{"line":69,"column":7},"end":{"line":69,"column":25}},"type":"cond-expr","locations":[{"start":{"line":69,"column":19},"end":{"line":69,"column":21}},{"start":{"line":69,"column":19},"end":{"line":69,"column":25}}]},"7":{"loc":{"start":{"line":69,"column":7},"end":{"line":69,"column":21}},"type":"binary-expr","locations":[{"start":{"line":69,"column":7},"end":{"line":69,"column":21}},{"start":{"line":69,"column":19},"end":{"line":69,"column":21}}]},"8":{"loc":{"start":{"line":88,"column":4},"end":{"line":92,"column":5}},"type":"if","locations":[{"start":{"line":88,"column":4},"end":{"line":92,"column":5}},{"start":{},"end":{}}]},"9":{"loc":{"start":{"line":88,"column":8},"end":{"line":88,"column":50}},"type":"binary-expr","locations":[{"start":{"line":88,"column":8},"end":{"line":88,"column":27}},{"start":{"line":88,"column":31},"end":{"line":88,"column":50}}]},"10":{"loc":{"start":{"line":96,"column":4},"end":{"line":98,"column":5}},"type":"if","locations":[{"start":{"line":96,"column":4},"end":{"line":98,"column":5}},{"start":{},"end":{}}]},"11":{"loc":{"start":{"line":125,"column":6},"end":{"line":127,"column":7}},"type":"if","locations":[{"start":{"line":125,"column":6},"end":{"line":127,"column":7}},{"start":{},"end":{}}]},"12":{"loc":{"start":{"line":141,"column":6},"end":{"line":147,"column":7}},"type":"if","locations":[{"start":{"line":141,"column":6},"end":{"line":147,"column":7}},{"start":{},"end":{}}]},"13":{"loc":{"start":{"line":142,"column":8},"end":{"line":144,"column":62}},"type":"binary-expr","locations":[{"start":{"line":142,"column":8},"end":{"line":142,"column":28}},{"start":{"line":143,"column":9},"end":{"line":143,"column":47}},{"start":{"line":144,"column":10},"end":{"line":144,"column":61}}]},"14":{"loc":{"start":{"line":157,"column":10},"end":{"line":157,"column":26}},"type":"if","locations":[{"start":{"line":157,"column":10},"end":{"line":157,"column":26}},{"start":{},"end":{}}]},"15":{"loc":{"start":{"line":192,"column":15},"end":{"line":193,"column":null}},"type":"cond-expr","locations":[{"start":{"line":192,"column":44},"end":{"line":192,"column":46}},{"start":{"line":192,"column":44},"end":{"line":193,"column":null}}]},"16":{"loc":{"start":{"line":192,"column":15},"end":{"line":192,"column":46}},"type":"binary-expr","locations":[{"start":{"line":192,"column":15},"end":{"line":192,"column":46}},{"start":{"line":192,"column":44},"end":{"line":192,"column":46}}]},"17":{"loc":{"start":{"line":192,"column":15},"end":{"line":192,"column":44}},"type":"cond-expr","locations":[{"start":{"line":192,"column":25},"end":{"line":192,"column":27}},{"start":{"line":192,"column":25},"end":{"line":192,"column":44}}]},"18":{"loc":{"start":{"line":192,"column":15},"end":{"line":192,"column":27}},"type":"binary-expr","locations":[{"start":{"line":192,"column":15},"end":{"line":192,"column":27}},{"start":{"line":192,"column":25},"end":{"line":192,"column":27}}]},"19":{"loc":{"start":{"line":195,"column":17},"end":{"line":195,"column":38}},"type":"cond-expr","locations":[{"start":{"line":195,"column":26},"end":{"line":195,"column":28}},{"start":{"line":195,"column":26},"end":{"line":195,"column":38}}]},"20":{"loc":{"start":{"line":195,"column":17},"end":{"line":195,"column":28}},"type":"binary-expr","locations":[{"start":{"line":195,"column":17},"end":{"line":195,"column":28}},{"start":{"line":195,"column":26},"end":{"line":195,"column":28}}]},"21":{"loc":{"start":{"line":195,"column":17},"end":{"line":195,"column":26}},"type":"cond-expr","locations":[{"start":{"line":195,"column":19},"end":{"line":195,"column":21}},{"start":{"line":195,"column":17},"end":{"line":195,"column":26}}]},"22":{"loc":{"start":{"line":195,"column":17},"end":{"line":195,"column":21}},"type":"binary-expr","locations":[{"start":{"line":195,"column":17},"end":{"line":195,"column":21}},{"start":{"line":195,"column":17},"end":{"line":195,"column":21}}]},"23":{"loc":{"start":{"line":196,"column":4},"end":{"line":220,"column":5}},"type":"if","locations":[{"start":{"line":196,"column":4},"end":{"line":220,"column":5}},{"start":{"line":217,"column":11},"end":{"line":220,"column":5}}]},"24":{"loc":{"start":{"line":197,"column":21},"end":{"line":197,"column":47}},"type":"cond-expr","locations":[{"start":{"line":197,"column":32},"end":{"line":197,"column":36}},{"start":{"line":197,"column":36},"end":{"line":197,"column":47}}]},"25":{"loc":{"start":{"line":197,"column":21},"end":{"line":197,"column":36}},"type":"binary-expr","locations":[{"start":{"line":197,"column":21},"end":{"line":197,"column":36}},{"start":{"line":197,"column":32},"end":{"line":197,"column":36}}]},"26":{"loc":{"start":{"line":199,"column":8},"end":{"line":202,"column":57}},"type":"binary-expr","locations":[{"start":{"line":199,"column":8},"end":{"line":199,"column":30}},{"start":{"line":200,"column":8},"end":{"line":200,"column":26}},{"start":{"line":201,"column":8},"end":{"line":201,"column":45}},{"start":{"line":202,"column":9},"end":{"line":202,"column":30}},{"start":{"line":202,"column":34},"end":{"line":202,"column":56}}]},"27":{"loc":{"start":{"line":203,"column":6},"end":{"line":216,"column":7}},"type":"if","locations":[{"start":{"line":203,"column":6},"end":{"line":216,"column":7}},{"start":{"line":209,"column":13},"end":{"line":216,"column":7}}]},"28":{"loc":{"start":{"line":204,"column":23},"end":{"line":204,"column":66}},"type":"cond-expr","locations":[{"start":{"line":204,"column":38},"end":{"line":204,"column":61}},{"start":{"line":204,"column":64},"end":{"line":204,"column":66}}]},"29":{"loc":{"start":{"line":221,"column":4},"end":{"line":225,"column":5}},"type":"if","locations":[{"start":{"line":221,"column":4},"end":{"line":225,"column":5}},{"start":{},"end":{}}]},"30":{"loc":{"start":{"line":221,"column":8},"end":{"line":221,"column":26}},"type":"cond-expr","locations":[{"start":{"line":221,"column":17},"end":{"line":221,"column":19}},{"start":{"line":221,"column":17},"end":{"line":221,"column":26}}]},"31":{"loc":{"start":{"line":221,"column":8},"end":{"line":221,"column":19}},"type":"binary-expr","locations":[{"start":{"line":221,"column":8},"end":{"line":221,"column":19}},{"start":{"line":221,"column":17},"end":{"line":221,"column":19}}]},"32":{"loc":{"start":{"line":221,"column":8},"end":{"line":221,"column":17}},"type":"cond-expr","locations":[{"start":{"line":221,"column":10},"end":{"line":221,"column":12}},{"start":{"line":221,"column":8},"end":{"line":221,"column":17}}]},"33":{"loc":{"start":{"line":221,"column":8},"end":{"line":221,"column":12}},"type":"binary-expr","locations":[{"start":{"line":221,"column":8},"end":{"line":221,"column":12}},{"start":{"line":221,"column":8},"end":{"line":221,"column":12}}]},"34":{"loc":{"start":{"line":223,"column":58},"end":{"line":223,"column":94}},"type":"cond-expr","locations":[{"start":{"line":223,"column":81},"end":{"line":223,"column":85}},{"start":{"line":223,"column":85},"end":{"line":223,"column":94}}]},"35":{"loc":{"start":{"line":223,"column":58},"end":{"line":223,"column":85}},"type":"binary-expr","locations":[{"start":{"line":223,"column":58},"end":{"line":223,"column":85}},{"start":{"line":223,"column":81},"end":{"line":223,"column":85}}]},"36":{"loc":{"start":{"line":231,"column":2},"end":{"line":237,"column":3}},"type":"if","locations":[{"start":{"line":231,"column":2},"end":{"line":237,"column":3}},{"start":{},"end":{}}]},"37":{"loc":{"start":{"line":240,"column":2},"end":{"line":242,"column":3}},"type":"if","locations":[{"start":{"line":240,"column":2},"end":{"line":242,"column":3}},{"start":{},"end":{}}]},"38":{"loc":{"start":{"line":259,"column":2},"end":{"line":261,"column":3}},"type":"if","locations":[{"start":{"line":259,"column":2},"end":{"line":261,"column":3}},{"start":{},"end":{}}]},"39":{"loc":{"start":{"line":263,"column":15},"end":{"line":264,"column":null}},"type":"cond-expr","locations":[{"start":{"line":263,"column":41},"end":{"line":263,"column":43}},{"start":{"line":263,"column":41},"end":{"line":264,"column":null}}]},"40":{"loc":{"start":{"line":263,"column":15},"end":{"line":263,"column":43}},"type":"binary-expr","locations":[{"start":{"line":263,"column":15},"end":{"line":263,"column":43}},{"start":{"line":263,"column":41},"end":{"line":263,"column":43}}]},"41":{"loc":{"start":{"line":263,"column":15},"end":{"line":263,"column":41}},"type":"cond-expr","locations":[{"start":{"line":263,"column":29},"end":{"line":263,"column":31}},{"start":{"line":263,"column":29},"end":{"line":263,"column":41}}]},"42":{"loc":{"start":{"line":263,"column":15},"end":{"line":263,"column":31}},"type":"binary-expr","locations":[{"start":{"line":263,"column":15},"end":{"line":263,"column":31}},{"start":{"line":263,"column":29},"end":{"line":263,"column":31}}]},"43":{"loc":{"start":{"line":266,"column":2},"end":{"line":268,"column":3}},"type":"if","locations":[{"start":{"line":266,"column":2},"end":{"line":268,"column":3}},{"start":{},"end":{}}]}},"s":{"0":8,"1":8,"2":8,"3":8,"4":8,"5":8,"6":8,"7":8,"8":8,"9":16,"10":1,"11":15,"12":1,"13":14,"14":14,"15":14,"16":13,"17":14,"18":14,"19":14,"20":14,"21":0,"22":14,"23":14,"24":14,"25":0,"26":0,"27":0,"28":0,"29":0,"30":0,"31":0,"32":0,"33":0,"34":0,"35":0,"36":0,"37":0,"38":0,"39":0,"40":0,"41":0,"42":0,"43":0,"44":0,"45":0,"46":0,"47":0,"48":0,"49":0,"50":0,"51":0,"52":0,"53":0,"54":0,"55":0,"56":0,"57":0,"58":0,"59":0,"60":0,"61":0,"62":0,"63":0,"64":0,"65":0,"66":0,"67":0,"68":0,"69":0,"70":0,"71":0,"72":0,"73":0,"74":0,"75":0,"76":0,"77":0,"78":0,"79":0,"80":0,"81":0,"82":0,"83":0,"84":0,"85":0,"86":0,"87":0,"88":0,"89":0,"90":0,"91":0,"92":0,"93":0,"94":0,"95":0,"96":0,"97":0,"98":14,"99":14,"100":14,"101":14,"102":14,"103":14,"104":14,"105":14,"106":14,"107":0,"108":0,"109":0,"110":0,"111":0},"f":{"0":16,"1":0,"2":0,"3":0,"4":0,"5":14,"6":0},"b":{"0":[0],"1":[1,15],"2":[1,14],"3":[14,5],"4":[13,1],"5":[0,0],"6":[0,0],"7":[0,0],"8":[0,0],"9":[0,0],"10":[0,0],"11":[0,0],"12":[0,0],"13":[0,0,0],"14":[0,0],"15":[0,0],"16":[0,0],"17":[0,0],"18":[0,0],"19":[0,0],"20":[0,0],"21":[0,0],"22":[0,0],"23":[0,0],"24":[0,0],"25":[0,0],"26":[0,0,0,0,0],"27":[0,0],"28":[0,0],"29":[0,0],"30":[0,0],"31":[0,0],"32":[0,0],"33":[0,0],"34":[0,0],"35":[0,0],"36":[0,0],"37":[0,0],"38":[14,0],"39":[0,0],"40":[0,0],"41":[0,0],"42":[0,0],"43":[0,0]}}
,"/__w/backlog/backlog/work/runner-container-hooks/packages/k8s/src/hooks/run-script-step.ts": {"path":"/__w/backlog/backlog/work/runner-container-hooks/packages/k8s/src/hooks/run-script-step.ts","statementMap":{"0":{"start":{"line":35,"column":0},"end":{"line":35,"column":22}},"1":{"start":{"line":2,"column":0},"end":{"line":2,"column":24}},"2":{"start":{"line":3,"column":0},"end":{"line":3,"column":37}},"3":{"start":{"line":5,"column":0},"end":{"line":5,"column":null}},"4":{"start":{"line":11,"column":0},"end":{"line":11,"column":58}},"5":{"start":{"line":12,"column":0},"end":{"line":12,"column":48}},"6":{"start":{"line":13,"column":0},"end":{"line":13,"column":30}},"7":{"start":{"line":17,"column":14},"end":{"line":17,"column":28}},"8":{"start":{"line":18,"column":17},"end":{"line":21,"column":null}},"9":{"start":{"line":22,"column":29},"end":{"line":22,"column":31}},"10":{"start":{"line":23,"column":2},"end":{"line":29,"column":3}},"11":{"start":{"line":24,"column":24},"end":{"line":27,"column":17}},"12":{"start":{"line":26,"column":16},"end":{"line":26,"column":25}},"13":{"start":{"line":28,"column":4},"end":{"line":28,"column":null}},"14":{"start":{"line":30,"column":15},"end":{"line":30,"column":65}},"15":{"start":{"line":31,"column":2},"end":{"line":31,"column":null}},"16":{"start":{"line":31,"column":23},"end":{"line":31,"column":null}},"17":{"start":{"line":32,"column":2},"end":{"line":32,"column":null}},"18":{"start":{"line":40,"column":2},"end":{"line":44,"column":3}},"19":{"start":{"line":41,"column":4},"end":{"line":43,"column":null}},"20":{"start":{"line":47,"column":10},"end":{"line":47,"column":63}},"21":{"start":{"line":48,"column":8},"end":{"line":48,"column":40}},"22":{"start":{"line":56,"column":8},"end":{"line":56,"column":null}},"23":{"start":{"line":57,"column":8},"end":{"line":57,"column":null}},"24":{"start":{"line":58,"column":8},"end":{"line":58,"column":null}},"25":{"start":{"line":59,"column":8},"end":{"line":59,"column":null}},"26":{"start":{"line":61,"column":2},"end":{"line":69,"column":null}},"27":{"start":{"line":70,"column":2},"end":{"line":70,"column":null}},"28":{"start":{"line":76,"column":8},"end":{"line":91,"column":null}},"29":{"start":{"line":94,"column":4},"end":{"line":98,"column":null}},"30":{"start":{"line":100,"column":10},"end":{"line":100,"column":null}},"31":{"start":{"line":101,"column":4},"end":{"line":101,"column":null}},"32":{"start":{"line":102,"column":4},"end":{"line":102,"column":null}},"33":{"start":{"line":106,"column":2},"end":{"line":106,"column":null}},"34":{"start":{"line":107,"column":2},"end":{"line":107,"column":null}},"35":{"start":{"line":109,"column":29},"end":{"line":113,"column":null}},"36":{"start":{"line":109,"column":10},"end":{"line":109,"column":29}},"37":{"start":{"line":114,"column":4},"end":{"line":116,"column":5}},"38":{"start":{"line":115,"column":6},"end":{"line":115,"column":null}},"39":{"start":{"line":118,"column":4},"end":{"line":118,"column":null}},"40":{"start":{"line":119,"column":4},"end":{"line":124,"column":5}},"41":{"start":{"line":123,"column":6},"end":{"line":123,"column":null}},"42":{"start":{"line":125,"column":10},"end":{"line":125,"column":null}},"43":{"start":{"line":126,"column":4},"end":{"line":126,"column":null}},"44":{"start":{"line":128,"column":4},"end":{"line":132,"column":5}},"45":{"start":{"line":129,"column":6},"end":{"line":129,"column":null}},"46":{"start":{"line":131,"column":6},"end":{"line":131,"column":null}},"47":{"start":{"line":136,"column":4},"end":{"line":138,"column":null}},"48":{"start":{"line":139,"column":4},"end":{"line":143,"column":null}},"49":{"start":{"line":145,"column":4},"end":{"line":145,"column":null}}},"fnMap":{"0":{"name":"formatScriptError","decl":{"start":{"line":16,"column":9},"end":{"line":16,"column":26}},"loc":{"start":{"line":16,"column":63},"end":{"line":33,"column":1}}},"1":{"name":"(anonymous_24)","decl":{"start":{"line":26,"column":11},"end":{"line":26,"column":12}},"loc":{"start":{"line":26,"column":12},"end":{"line":26,"column":21}}},"2":{"name":"runScriptStep","decl":{"start":{"line":35,"column":22},"end":{"line":35,"column":35}},"loc":{"start":{"line":37,"column":7},"end":{"line":147,"column":null}}}},"branchMap":{"0":{"loc":{"start":{"line":23,"column":2},"end":{"line":29,"column":3}},"type":"if","locations":[{"start":{"line":23,"column":2},"end":{"line":29,"column":3}},{"start":{},"end":{}}]},"1":{"loc":{"start":{"line":31,"column":2},"end":{"line":31,"column":null}},"type":"if","locations":[{"start":{"line":31,"column":2},"end":{"line":31,"column":null}},{"start":{},"end":{}}]},"2":{"loc":{"start":{"line":40,"column":2},"end":{"line":44,"column":3}},"type":"if","locations":[{"start":{"line":40,"column":2},"end":{"line":44,"column":3}},{"start":{},"end":{}}]},"3":{"loc":{"start":{"line":40,"column":7},"end":{"line":40,"column":20}},"type":"cond-expr","locations":[{"start":{"line":40,"column":12},"end":{"line":40,"column":14}},{"start":{"line":40,"column":7},"end":{"line":40,"column":20}}]},"4":{"loc":{"start":{"line":40,"column":7},"end":{"line":40,"column":14}},"type":"binary-expr","locations":[{"start":{"line":40,"column":7},"end":{"line":40,"column":14}},{"start":{"line":40,"column":7},"end":{"line":40,"column":14}}]},"5":{"loc":{"start":{"line":114,"column":4},"end":{"line":116,"column":5}},"type":"if","locations":[{"start":{"line":114,"column":4},"end":{"line":116,"column":5}},{"start":{},"end":{}}]},"6":{"loc":{"start":{"line":119,"column":4},"end":{"line":124,"column":5}},"type":"if","locations":[{"start":{"line":119,"column":4},"end":{"line":124,"column":5}},{"start":{},"end":{}}]},"7":{"loc":{"start":{"line":120,"column":6},"end":{"line":121,"column":57}},"type":"binary-expr","locations":[{"start":{"line":120,"column":6},"end":{"line":120,"column":26}},{"start":{"line":121,"column":6},"end":{"line":121,"column":57}}]}},"s":{"0":7,"1":7,"2":7,"3":7,"4":7,"5":7,"6":7,"7":3,"8":3,"9":3,"10":3,"11":3,"12":7,"13":3,"14":3,"15":3,"16":3,"17":3,"18":7,"19":2,"20":5,"21":5,"22":5,"23":5,"24":5,"25":5,"26":10,"27":10,"28":5,"29":10,"30":0,"31":0,"32":0,"33":5,"34":5,"35":5,"36":5,"37":4,"38":3,"39":4,"40":4,"41":3,"42":1,"43":1,"44":5,"45":5,"46":0,"47":1,"48":2,"49":0},"f":{"0":3,"1":7,"2":7},"b":{"0":[3,0],"1":[3,0],"2":[2,5],"3":[0,7],"4":[7,7],"5":[3,1],"6":[3,1],"7":[4,4]}}
,"/__w/backlog/backlog/work/runner-container-hooks/packages/k8s/src/k8s/heartbeat.ts": {"path":"/__w/backlog/backlog/work/runner-container-hooks/packages/k8s/src/k8s/heartbeat.ts","statementMap":{"0":{"start":{"line":11,"column":0},"end":{"line":11,"column":16}},"1":{"start":{"line":1,"column":0},"end":{"line":1,"column":37}},"2":{"start":{"line":15,"column":17},"end":{"line":15,"column":49}},"3":{"start":{"line":16,"column":2},"end":{"line":16,"column":null}},"4":{"start":{"line":19,"column":0},"end":{"line":19,"column":13}},"5":{"start":{"line":26,"column":21},"end":{"line":26,"column":41}},"6":{"start":{"line":27,"column":21},"end":{"line":27,"column":43}},"7":{"start":{"line":20,"column":10},"end":{"line":20,"column":null}},"8":{"start":{"line":21,"column":10},"end":{"line":21,"column":null}},"9":{"start":{"line":22,"column":10},"end":{"line":22,"column":null}},"10":{"start":{"line":30,"column":10},"end":{"line":37,"column":null}},"11":{"start":{"line":31,"column":16},"end":{"line":31,"column":26}},"12":{"start":{"line":32,"column":4},"end":{"line":35,"column":5}},"13":{"start":{"line":33,"column":6},"end":{"line":33,"column":null}},"14":{"start":{"line":34,"column":6},"end":{"line":34,"column":null}},"15":{"start":{"line":36,"column":4},"end":{"line":36,"column":null}},"16":{"start":{"line":39,"column":2},"end":{"line":51,"column":null}},"17":{"start":{"line":40,"column":4},"end":{"line":42,"column":5}},"18":{"start":{"line":41,"column":6},"end":{"line":41,"column":null}},"19":{"start":{"line":43,"column":4},"end":{"line":46,"column":5}},"20":{"start":{"line":44,"column":6},"end":{"line":44,"column":null}},"21":{"start":{"line":45,"column":6},"end":{"line":45,"column":null}},"22":{"start":{"line":47,"column":4},"end":{"line":50,"column":5}},"23":{"start":{"line":48,"column":6},"end":{"line":48,"column":null}},"24":{"start":{"line":49,"column":6},"end":{"line":49,"column":null}},"25":{"start":{"line":53,"column":2},"end":{"line":135,"column":null}},"26":{"start":{"line":53,"column":2},"end":{"line":53,"column":7}},"27":{"start":{"line":54,"column":4},"end":{"line":56,"column":null}},"28":{"start":{"line":57,"column":4},"end":{"line":57,"column":null}},"29":{"start":{"line":59,"column":29},"end":{"line":80,"column":5}},"30":{"start":{"line":60,"column":6},"end":{"line":63,"column":7}},"31":{"start":{"line":61,"column":8},"end":{"line":61,"column":null}},"32":{"start":{"line":62,"column":8},"end":{"line":62,"column":null}},"33":{"start":{"line":64,"column":6},"end":{"line":79,"column":null}},"34":{"start":{"line":65,"column":8},"end":{"line":67,"column":null}},"35":{"start":{"line":68,"column":8},"end":{"line":68,"column":null}},"36":{"start":{"line":69,"column":8},"end":{"line":73,"column":9}},"37":{"start":{"line":70,"column":10},"end":{"line":70,"column":null}},"38":{"start":{"line":74,"column":8},"end":{"line":78,"column":null}},"39":{"start":{"line":84,"column":24},"end":{"line":84,"column":29}},"40":{"start":{"line":86,"column":4},"end":{"line":93,"column":null}},"41":{"start":{"line":87,"column":6},"end":{"line":89,"column":7}},"42":{"start":{"line":88,"column":8},"end":{"line":88,"column":null}},"43":{"start":{"line":90,"column":6},"end":{"line":92,"column":7}},"44":{"start":{"line":91,"column":8},"end":{"line":91,"column":null}},"45":{"start":{"line":95,"column":4},"end":{"line":98,"column":null}},"46":{"start":{"line":96,"column":6},"end":{"line":96,"column":null}},"47":{"start":{"line":97,"column":6},"end":{"line":97,"column":null}},"48":{"start":{"line":100,"column":4},"end":{"line":103,"column":null}},"49":{"start":{"line":101,"column":6},"end":{"line":101,"column":null}},"50":{"start":{"line":102,"column":6},"end":{"line":102,"column":null}},"51":{"start":{"line":106,"column":4},"end":{"line":134,"column":null}},"52":{"start":{"line":107,"column":6},"end":{"line":110,"column":7}},"53":{"start":{"line":109,"column":8},"end":{"line":109,"column":14}},"54":{"start":{"line":111,"column":6},"end":{"line":133,"column":7}},"55":{"start":{"line":112,"column":8},"end":{"line":124,"column":9}},"56":{"start":{"line":113,"column":10},"end":{"line":113,"column":null}},"57":{"start":{"line":114,"column":10},"end":{"line":117,"column":11}},"58":{"start":{"line":115,"column":12},"end":{"line":115,"column":null}},"59":{"start":{"line":116,"column":12},"end":{"line":116,"column":null}},"60":{"start":{"line":118,"column":10},"end":{"line":120,"column":11}},"61":{"start":{"line":119,"column":12},"end":{"line":119,"column":null}},"62":{"start":{"line":122,"column":10},"end":{"line":122,"column":null}},"63":{"start":{"line":123,"column":10},"end":{"line":123,"column":null}},"64":{"start":{"line":127,"column":8},"end":{"line":131,"column":9}},"65":{"start":{"line":128,"column":10},"end":{"line":130,"column":null}},"66":{"start":{"line":132,"column":8},"end":{"line":132,"column":null}},"67":{"start":{"line":23,"column":26},"end":{"line":23,"column":null}},"68":{"start":{"line":136,"column":0},"end":{"line":136,"column":null}},"69":{"start":{"line":19,"column":13},"end":{"line":19,"column":31}}},"fnMap":{"0":{"name":"parsePositiveMsEnv","decl":{"start":{"line":11,"column":16},"end":{"line":11,"column":34}},"loc":{"start":{"line":13,"column":18},"end":{"line":17,"column":1}}},"1":{"name":"(anonymous_10)","decl":{"start":{"line":19,"column":0},"end":{"line":19,"column":13}},"loc":{"start":{"line":19,"column":0},"end":{"line":136,"column":null}}},"2":{"name":"WebSocketHeartbeat","decl":{"start":{"line":25,"column":2},"end":{"line":25,"column":null}},"loc":{"start":{"line":27,"column":43},"end":{"line":28,"column":6}}},"3":{"name":"(anonymous_12)","decl":{"start":{"line":30,"column":2},"end":{"line":30,"column":10}},"loc":{"start":{"line":30,"column":2},"end":{"line":37,"column":3}}},"4":{"name":"(anonymous_13)","decl":{"start":{"line":39,"column":2},"end":{"line":39,"column":6}},"loc":{"start":{"line":39,"column":2},"end":{"line":51,"column":3}}},"5":{"name":"(anonymous_14)","decl":{"start":{"line":53,"column":2},"end":{"line":53,"column":7}},"loc":{"start":{"line":53,"column":60},"end":{"line":135,"column":3}}},"6":{"name":"(anonymous_15)","decl":{"start":{"line":59,"column":29},"end":{"line":59,"column":null}},"loc":{"start":{"line":59,"column":29},"end":{"line":80,"column":5}}},"7":{"name":"(anonymous_16)","decl":{"start":{"line":64,"column":36},"end":{"line":64,"column":null}},"loc":{"start":{"line":64,"column":36},"end":{"line":79,"column":7}}},"8":{"name":"(anonymous_17)","decl":{"start":{"line":86,"column":18},"end":{"line":86,"column":null}},"loc":{"start":{"line":86,"column":18},"end":{"line":93,"column":5}}},"9":{"name":"(anonymous_18)","decl":{"start":{"line":95,"column":19},"end":{"line":95,"column":20}},"loc":{"start":{"line":95,"column":30},"end":{"line":98,"column":5}}},"10":{"name":"(anonymous_19)","decl":{"start":{"line":100,"column":19},"end":{"line":100,"column":null}},"loc":{"start":{"line":100,"column":19},"end":{"line":103,"column":5}}},"11":{"name":"(anonymous_20)","decl":{"start":{"line":106,"column":36},"end":{"line":106,"column":null}},"loc":{"start":{"line":106,"column":36},"end":{"line":134,"column":5}}}},"branchMap":{"0":{"loc":{"start":{"line":15,"column":33},"end":{"line":15,"column":44}},"type":"cond-expr","locations":[{"start":{"line":15,"column":33},"end":{"line":15,"column":38}},{"start":{"line":15,"column":42},"end":{"line":15,"column":44}}]},"1":{"loc":{"start":{"line":15,"column":33},"end":{"line":15,"column":42}},"type":"binary-expr","locations":[{"start":{"line":15,"column":33},"end":{"line":15,"column":42}},{"start":{"line":15,"column":33},"end":{"line":15,"column":42}}]},"2":{"loc":{"start":{"line":16,"column":9},"end":{"line":16,"column":66}},"type":"cond-expr","locations":[{"start":{"line":16,"column":49},"end":{"line":16,"column":55}},{"start":{"line":16,"column":58},"end":{"line":16,"column":66}}]},"3":{"loc":{"start":{"line":16,"column":9},"end":{"line":16,"column":46}},"type":"binary-expr","locations":[{"start":{"line":16,"column":9},"end":{"line":16,"column":32}},{"start":{"line":16,"column":36},"end":{"line":16,"column":46}}]},"4":{"loc":{"start":{"line":32,"column":4},"end":{"line":35,"column":5}},"type":"if","locations":[{"start":{"line":32,"column":4},"end":{"line":35,"column":5}},{"start":{},"end":{}}]},"5":{"loc":{"start":{"line":40,"column":4},"end":{"line":42,"column":5}},"type":"if","locations":[{"start":{"line":40,"column":4},"end":{"line":42,"column":5}},{"start":{},"end":{}}]},"6":{"loc":{"start":{"line":43,"column":4},"end":{"line":46,"column":5}},"type":"if","locations":[{"start":{"line":43,"column":4},"end":{"line":46,"column":5}},{"start":{},"end":{}}]},"7":{"loc":{"start":{"line":47,"column":4},"end":{"line":50,"column":5}},"type":"if","locations":[{"start":{"line":47,"column":4},"end":{"line":50,"column":5}},{"start":{},"end":{}}]},"8":{"loc":{"start":{"line":60,"column":6},"end":{"line":63,"column":7}},"type":"if","locations":[{"start":{"line":60,"column":6},"end":{"line":63,"column":7}},{"start":{},"end":{}}]},"9":{"loc":{"start":{"line":87,"column":6},"end":{"line":89,"column":7}},"type":"if","locations":[{"start":{"line":87,"column":6},"end":{"line":89,"column":7}},{"start":{},"end":{}}]},"10":{"loc":{"start":{"line":90,"column":6},"end":{"line":92,"column":7}},"type":"if","locations":[{"start":{"line":90,"column":6},"end":{"line":92,"column":7}},{"start":{},"end":{}}]},"11":{"loc":{"start":{"line":107,"column":6},"end":{"line":110,"column":7}},"type":"if","locations":[{"start":{"line":107,"column":6},"end":{"line":110,"column":7}},{"start":{},"end":{}}]},"12":{"loc":{"start":{"line":111,"column":6},"end":{"line":133,"column":7}},"type":"if","locations":[{"start":{"line":111,"column":6},"end":{"line":133,"column":7}},{"start":{"line":125,"column":13},"end":{"line":133,"column":7}}]},"13":{"lo
[...]
loc":{"start":{"line":654,"column":28},"end":{"line":654,"column":59}},"type":"binary-expr","locations":[{"start":{"line":654,"column":28},"end":{"line":654,"column":59}},{"start":{"line":654,"column":57},"end":{"line":654,"column":59}}]},"172":{"loc":{"start":{"line":654,"column":28},"end":{"line":654,"column":57}},"type":"cond-expr","locations":[{"start":{"line":654,"column":45},"end":{"line":654,"column":47}},{"start":{"line":654,"column":45},"end":{"line":654,"column":57}}]},"173":{"loc":{"start":{"line":654,"column":28},"end":{"line":654,"column":47}},"type":"binary-expr","locations":[{"start":{"line":654,"column":28},"end":{"line":654,"column":47}},{"start":{"line":654,"column":45},"end":{"line":654,"column":47}}]},"174":{"loc":{"start":{"line":654,"column":28},"end":{"line":654,"column":45}},"type":"cond-expr","locations":[{"start":{"line":654,"column":38},"end":{"line":654,"column":40}},{"start":{"line":654,"column":28},"end":{"line":654,"column":45}}]},"175":{"loc":{"start":{"line":654,"column":28},"end":{"line":654,"column":40}},"type":"binary-expr","locations":[{"start":{"line":654,"column":28},"end":{"line":654,"column":40}},{"start":{"line":654,"column":28},"end":{"line":654,"column":40}}]},"176":{"loc":{"start":{"line":655,"column":2},"end":{"line":657,"column":3}},"type":"if","locations":[{"start":{"line":655,"column":2},"end":{"line":657,"column":3}},{"start":{},"end":{}}]},"177":{"loc":{"start":{"line":658,"column":2},"end":{"line":660,"column":3}},"type":"if","locations":[{"start":{"line":658,"column":2},"end":{"line":660,"column":3}},{"start":{},"end":{}}]},"178":{"loc":{"start":{"line":658,"column":7},"end":{"line":658,"column":33}},"type":"cond-expr","locations":[{"start":{"line":658,"column":24},"end":{"line":658,"column":26}},{"start":{"line":658,"column":24},"end":{"line":658,"column":33}}]},"179":{"loc":{"start":{"line":658,"column":7},"end":{"line":658,"column":26}},"type":"binary-expr","locations":[{"start":{"line":658,"column":7},"end":{"line":658,"column":26}},{"start":{"line":658,"column":24},"end":{"line":658,"column":26}}]},"180":{"loc":{"start":{"line":658,"column":7},"end":{"line":658,"column":24}},"type":"cond-expr","locations":[{"start":{"line":658,"column":17},"end":{"line":658,"column":19}},{"start":{"line":658,"column":7},"end":{"line":658,"column":24}}]},"181":{"loc":{"start":{"line":658,"column":7},"end":{"line":658,"column":19}},"type":"binary-expr","locations":[{"start":{"line":658,"column":7},"end":{"line":658,"column":19}},{"start":{"line":658,"column":7},"end":{"line":658,"column":19}}]},"182":{"loc":{"start":{"line":696,"column":17},"end":{"line":696,"column":null}},"type":"switch","locations":[{"start":{"line":696,"column":17},"end":{"line":696,"column":null}}]},"183":{"loc":{"start":{"line":671,"column":2},"end":{"line":673,"column":3}},"type":"if","locations":[{"start":{"line":671,"column":2},"end":{"line":673,"column":3}},{"start":{},"end":{}}]},"184":{"loc":{"start":{"line":682,"column":11},"end":{"line":682,"column":56}},"type":"binary-expr","locations":[{"start":{"line":682,"column":11},"end":{"line":682,"column":29}},{"start":{"line":682,"column":33},"end":{"line":682,"column":56}}]},"185":{"loc":{"start":{"line":682,"column":11},"end":{"line":682,"column":29}},"type":"cond-expr","locations":[{"start":{"line":682,"column":23},"end":{"line":682,"column":25}},{"start":{"line":682,"column":23},"end":{"line":682,"column":29}}]},"186":{"loc":{"start":{"line":682,"column":11},"end":{"line":682,"column":25}},"type":"binary-expr","locations":[{"start":{"line":682,"column":11},"end":{"line":682,"column":25}},{"start":{"line":682,"column":23},"end":{"line":682,"column":25}}]},"187":{"loc":{"start":{"line":684,"column":2},"end":{"line":686,"column":3}},"type":"if","locations":[{"start":{"line":684,"column":2},"end":{"line":686,"column":3}},{"start":{},"end":{}}]},"188":{"loc":{"start":{"line":697,"column":2},"end":{"line":702,"column":3}},"type":"if","locations":[{"start":{"line":697,"column":2},"end":{"line":702,"column":3}},{"start":{},"end":{}}]},"189":{"loc":{"start":{"line":704,"column":20},"end":{"line":704,"column":null}},"type":"if","locations":[{"start":{"line":704,"column":20},"end":{"line":704,"column":null}},{"start":{},"end":{}}]},"190":{"loc":{"start":{"line":705,"column":20},"end":{"line":705,"column":48}},"type":"cond-expr","locations":[{"start":{"line":705,"column":32},"end":{"line":705,"column":34}},{"start":{"line":705,"column":32},"end":{"line":705,"column":48}}]},"191":{"loc":{"start":{"line":705,"column":20},"end":{"line":705,"column":34}},"type":"binary-expr","locations":[{"start":{"line":705,"column":20},"end":{"line":705,"column":34}},{"start":{"line":705,"column":32},"end":{"line":705,"column":34}}]},"192":{"loc":{"start":{"line":722,"column":18},"end":{"line":722,"column":null}},"type":"switch","locations":[{"start":{"line":722,"column":18},"end":{"line":722,"column":null}}]},"193":{"loc":{"start":{"line":723,"column":2},"end":{"line":726,"column":3}},"type":"if","locations":[{"start":{"line":723,"column":2},"end":{"line":726,"column":3}},{"start":{},"end":{}}]},"194":{"loc":{"start":{"line":723,"column":6},"end":{"line":723,"column":39}},"type":"binary-expr","locations":[{"start":{"line":723,"column":6},"end":{"line":723,"column":14}},{"start":{"line":723,"column":18},"end":{"line":723,"column":39}}]},"195":{"loc":{"start":{"line":735,"column":11},"end":{"line":735,"column":42}},"type":"cond-expr","locations":[{"start":{"line":735,"column":36},"end":{"line":735,"column":40}},{"start":{"line":735,"column":40},"end":{"line":735,"column":42}}]},"196":{"loc":{"start":{"line":735,"column":11},"end":{"line":735,"column":40}},"type":"binary-expr","locations":[{"start":{"line":735,"column":11},"end":{"line":735,"column":40}},{"start":{"line":735,"column":36},"end":{"line":735,"column":40}}]}},"s":{"0":9,"1":9,"2":9,"3":9,"4":9,"5":9,"6":9,"7":9,"8":9,"9":9,"10":9,"11":9,"12":9,"13":9,"14":9,"15":9,"16":9,"17":9,"18":9,"19":9,"20":9,"21":9,"22":9,"23":9,"24":9,"25":9,"26":9,"27":9,"28":9,"29":9,"30":9,"31":9,"32":9,"33":9,"34":9,"35":9,"36":9,"37":9,"38":9,"39":9,"40":9,"41":9,"42":9,"43":9,"44":9,"45":9,"46":9,"47":9,"48":9,"49":128,"50":64,"51":0,"52":0,"53":0,"54":0,"55":0,"56":0,"57":0,"58":0,"59":0,"60":0,"61":0,"62":0,"63":0,"64":0,"65":0,"66":0,"67":0,"68":0,"69":22,"70":22,"71":44,"72":44,"73":44,"74":44,"75":44,"76":0,"77":0,"78":0,"79":22,"80":0,"81":0,"82":0,"83":0,"84":0,"85":9,"86":0,"87":0,"88":0,"89":0,"90":0,"91":0,"92":0,"93":0,"94":0,"95":0,"96":0,"97":0,"98":0,"99":0,"100":0,"101":0,"102":0,"103":0,"104":0,"105":0,"106":22,"107":0,"108":22,"109":22,"110":0,"111":0,"112":0,"113":0,"114":0,"115":0,"116":0,"117":0,"118":0,"119":0,"120":0,"121":0,"122":0,"123":0,"124":0,"125":0,"126":0,"127":0,"128":0,"129":0,"130":0,"131":0,"132":0,"133":0,"134":0,"135":0,"136":0,"137":0,"138":0,"139":0,"140":0,"141":0,"142":0,"143":0,"144":0,"145":0,"146":0,"147":0,"148":0,"149":0,"150":0,"151":9,"152":0,"153":0,"154":0,"155":0,"156":0,"157":0,"158":0,"159":0,"160":0,"161":0,"162":0,"163":0,"164":0,"165":0,"166":0,"167":0,"168":0,"169":0,"170":0,"171":0,"172":0,"173":0,"174":0,"175":0,"176":0,"177":21,"178":21,"179":0,"180":21,"181":21,"182":21,"183":0,"184":0,"185":21,"186":0,"187":0,"188":0,"189":0,"190":0,"191":0,"192":0,"193":0,"194":0,"195":0,"196":0,"197":0,"198":0,"199":0,"200":0,"201":0,"202":0,"203":0,"204":0,"205":0,"206":0,"207":0,"208":0,"209":0,"210":0,"211":0,"212":0,"213":0,"214":0,"215":0,"216":0,"217":0,"218":0,"219":0,"220":0,"221":0,"222":0,"223":0,"224":0,"225":0,"226":0,"227":0,"228":0,"229":0,"230":0,"231":0,"232":0,"233":0,"234":0,"235":0,"236":0,"237":0,"238":0,"239":0,"240":0,"241":0,"242":0,"243":0,"244":0,"245":0,"246":0,"247":0,"248":0,"249":0,"250":0,"251":0,"252":0,"253":0,"254":0,"255":0,"256":0,"257":0,"258":0,"259":0,"260":0,"261":0,"262":0,"263":0,"264":0,"265":0,"266":0,"267":0,"268":0,"269":0,"270":0,"271":0,"272":0,"273":0,"274":0,"275":0,"276":0,"277":0,"278":0,"279":0,"280":0,"281":0,"282":0,"283":0,"284":0,"285":0,"286":0,"287":0,"288":0,"289":0,"290":0,"291":0,"292":0,"293":0,"294":0,"295":0,"296":0,"297":0,"298":0,"299":0,"300":0,"301":0,"302":0,"303":0,"304":0,"305":0,"306":0,"307":0,"308":0,"309":0,"310":21,"311":0,"312":21,"313":21,"314":21,"315":21,"316":21,"317":0,"318":0,"319":0,"320":0,"321":0,"322":0,"323":0,"324":0,"325":0,"326":0,"327":0,"328":0,"329":0,"330":0,"331":0,"332":0,"333":0,"334":0,"335":0,"336":0,"337":0,"338":0,"339":0,"340":0,"341":0,"342":0,"343":0,"344":0,"345":0,"346":0,"347":0,"348":0,"349":0},"f":{"0":64,"1":0,"2":0,"3":22,"4":0,"5":0,"6":0,"7":0,"8":0,"9":0,"10":0,"11":0,"12":0,"13":22,"14":0,"15":0,"16":0,"17":0,"18":0,"19":0,"20":0,"21":0,"22":0,"23":0,"24":0,"25":21,"26":21,"27":0,"28":21,"29":0,"30":0,"31":0,"32":0,"33":0,"34":0,"35":0,"36":0,"37":0,"38":0,"39":0,"40":0,"41":0,"42":0,"43":0,"44":0,"45":0,"46":0,"47":0,"48":21,"49":0,"50":0},"b":{"0":[64,0],"1":[0,64],"2":[64,64],"3":[0,0],"4":[0,0],"5":[0,0],"6":[0,0],"7":[0,0],"8":[0,0],"9":[0,0],"10":[0,0],"11":[22,0],"12":[22,22],"13":[22,0],"14":[22,22],"15":[0,44],"16":[44,44],"17":[0,0],"18":[0,0],"19":[0,0],"20":[0,0],"21":[0,0],"22":[0,0],"23":[0,0],"24":[0,0],"25":[0,0],"26":[0,0,0,0],"27":[0,0],"28":[0,0],"29":[0,0],"30":[0,0],"31":[0,0],"32":[0,0],"33":[0,0],"34":[0,0],"35":[0,0],"36":[0,0],"37":[0,0],"38":[0,0],"39":[0,0],"40":[0,0],"41":[0,0],"42":[0,0],"43":[0,0,0,0],"44":[0,0],"45":[0,0],"46":[0,0],"47":[0,0],"48":[0,0],"49":[0,0],"50":[0,0],"51":[0,0],"52":[0,22],"53":[22,0],"54":[0,0],"55":[0,0],"56":[0,0],"57":[0,0],"58":[0,0],"59":[0,0],"60":[0,0],"61":[0,0],"62":[0,0,0],"63":[0,0],"64":[0,0],"65":[0,0],"66":[0,0],"67":[0,0],"68":[0,0],"69":[0,0],"70":[0,0],"71":[0,0],"72":[0,0],"73":[0,0],"74":[0,0],"75":[21,21],"76":[0],"77":[0,0],"78":[0,0],"79":[0,0],"80":[0,0],"81":[0,0],"82":[0,0],"83":[0,0],"84":[0,0],"85":[0,0],"86":[0,0],"87":[0,0],"88":[0],"89":[0,0],"90":[0,0],"91":[0,0],"92":[0,0],"93":[0,0],"94":[0,0],"95":[0,0],"96":[0,0],"97":[0,0],"98":[0,0],"99":[0,0],"100":[0,0],"101":[0,0],"102":[0,0],"103":[0,0],"104":[0,0],"105":[0,0],"106":[0,0],"107":[0,0],"108":[0,0],"109":[0,0],"110":[0,0],"111":[0,0],"112":[0,0],"113":[0,0],"114":[0,0],"115":[0,0],"116":[0,0],"117":[0,0],"118":[0,0],"119":[0,0],"120":[0,0],"121":[0,0],"122":[0,0],"123":[0,0],"124":[0,0],"125":[0,0],"126":[0,0],"127":[0,0],"128":[0,0],"129":[0,0],"130":[0,0],"131":[0,0],"132":[0,0],"133":[0,0],"134":[0,0],"135":[0,0],"136":[0,0],"137":[0,0],"138":[0,0],"139":[0,0],"140":[0,0],"141":[0,0],"142":[0,0],"143":[0,0],"144":[0,0],"145":[0,0],"146":[0,0],"147":[0,0],"148":[0,0],"149":[0,0],"150":[0,0],"151":[0,0],"152":[0,0],"153":[0,0],"154":[0,0],"155":[0,0],"156":[0,0],"157":[0,0],"158":[0,0],"159":[0,0],"160":[0,0],"161":[0,0],"162":[0,0],"163":[0,0],"164":[0,0],"165":[0,0],"166":[0,0],"167":[0,0],"168":[0,0],"169":[0,0],"170":[0,0],"171":[0,0],"172":[0,0],"173":[0,0],"174":[0,0],"175":[0,0],"176":[0,0],"177":[0,0],"178":[0,0],"179":[0,0],"180":[0,0],"181":[0,0],"182":[0],"183":[0,21],"184":[0,0],"185":[0,0],"186":[0,0],"187":[0,0],"188":[0,0],"189":[0,0],"190":[0,0],"191":[0,0],"192":[0],"193":[0,0],"194":[0,0],"195":[0,0],"196":[0,0]}}
,"/__w/backlog/backlog/work/runner-container-hooks/packages/k8s/tests/test-setup.ts": {"path":"/__w/backlog/backlog/work/runner-container-hooks/packages/k8s/tests/test-setup.ts","statementMap":{"0":{"start":{"line":1,"column":0},"end":{"line":1,"column":46}},"1":{"start":{"line":2,"column":0},"end":{"line":2,"column":24}},"2":{"start":{"line":4,"column":0},"end":{"line":4,"column":28}},"3":{"start":{"line":5,"column":0},"end":{"line":5,"column":35}},"4":{"start":{"line":7,"column":11},"end":{"line":7,"column":31}},"5":{"start":{"line":9,"column":0},"end":{"line":9,"column":null}},"6":{"start":{"line":11,"column":15},"end":{"line":11,"column":46}},"7":{"start":{"line":13,"column":0},"end":{"line":13,"column":13}},"8":{"start":{"line":20,"column":4},"end":{"line":20,"column":null}},"9":{"start":{"line":21,"column":4},"end":{"line":21,"column":null}},"10":{"start":{"line":22,"column":4},"end":{"line":22,"column":null}},"11":{"start":{"line":23,"column":4},"end":{"line":23,"column":null}},"12":{"start":{"line":26,"column":8},"end":{"line":53,"column":null}},"13":{"start":{"line":27,"column":4},"end":{"line":27,"column":null}},"14":{"start":{"line":28,"column":4},"end":{"line":28,"column":null}},"15":{"start":{"line":29,"column":4},"end":{"line":29,"column":null}},"16":{"start":{"line":30,"column":4},"end":{"line":30,"column":null}},"17":{"start":{"line":31,"column":4},"end":{"line":31,"column":null}},"18":{"start":{"line":33,"column":4},"end":{"line":33,"column":null}},"19":{"start":{"line":34,"column":4},"end":{"line":34,"column":null}},"20":{"start":{"line":35,"column":4},"end":{"line":35,"column":null}},"21":{"start":{"line":36,"column":4},"end":{"line":36,"column":null}},"22":{"start":{"line":37,"column":4},"end":{"line":37,"column":null}},"23":{"start":{"line":38,"column":4},"end":{"line":40,"column":null}},"24":{"start":{"line":42,"column":4},"end":{"line":45,"column":null}},"25":{"start":{"line":47,"column":4},"end":{"line":47,"column":null}},"26":{"start":{"line":49,"column":6},"end":{"line":49,"column":null}},"27":{"start":{"line":51,"column":6},"end":{"line":51,"column":null}},"28":{"start":{"line":55,"column":8},"end":{"line":62,"column":null}},"29":{"start":{"line":57,"column":6},"end":{"line":57,"column":null}},"30":{"start":{"line":58,"column":6},"end":{"line":58,"column":null}},"31":{"start":{"line":64,"column":8},"end":{"line":87,"column":null}},"32":{"start":{"line":65,"column":4},"end":{"line":75,"column":null}},"33":{"start":{"line":72,"column":8},"end":{"line":74,"column":9}},"34":{"start":{"line":73,"column":10},"end":{"line":73,"column":null}},"35":{"start":{"line":76,"column":4},"end":{"line":86,"column":null}},"36":{"start":{"line":83,"column":8},"end":{"line":85,"column":9}},"37":{"start":{"line":84,"column":10},"end":{"line":84,"column":null}},"38":{"start":{"line":88,"column":2},"end":{"line":92,"column":null}},"39":{"start":{"line":89,"column":21},"end":{"line":89,"column":66}},"40":{"start":{"line":90,"column":4},"end":{"line":90,"column":null}},"41":{"start":{"line":91,"column":4},"end":{"line":91,"column":null}},"42":{"start":{"line":94,"column":2},"end":{"line":97,"column":null}},"43":{"start":{"line":95,"column":21},"end":{"line":95,"column":54}},"44":{"start":{"line":96,"column":4},"end":{"line":96,"column":null}},"45":{"start":{"line":99,"column":8},"end":{"line":121,"column":null}},"46":{"start":{"line":100,"column":10},"end":{"line":104,"column":null}},"47":{"start":{"line":106,"column":10},"end":{"line":119,"column":null}},"48":{"start":{"line":120,"column":4},"end":{"line":120,"column":null}},"49":{"start":{"line":123,"column":2},"end":{"line":138,"column":null}},"50":{"start":{"line":124,"column":23},"end":{"line":128,"column":null}},"51":{"start":{"line":131,"column":4},"end":{"line":131,"column":null}},"52":{"start":{"line":132,"column":4},"end":{"line":132,"column":null}},"53":{"start":{"line":133,"column":4},"end":{"line":135,"column":null}},"54":{"start":{"line":134,"column":6},"end":{"line":134,"column":null}},"55":{"start":{"line":137,"column":4},"end":{"line":137,"column":null}},"56":{"start":{"line":140,"column":2},"end":{"line":150,"column":null}},"57":{"start":{"line":141,"column":26},"end":{"line":145,"column":null}},"58":{"start":{"line":148,"column":4},"end":{"line":148,"column":null}},"59":{"start":{"line":149,"column":4},"end":{"line":149,"column":null}},"60":{"start":{"line":152,"column":2},"end":{"line":164,"column":null}},"61":{"start":{"line":153,"column":29},"end":{"line":157,"column":null}},"62":{"start":{"line":160,"column":4},"end":{"line":160,"column":null}},"63":{"start":{"line":161,"column":4},"end":{"line":161,"column":null}},"64":{"start":{"line":162,"column":4},"end":{"line":162,"column":null}},"65":{"start":{"line":163,"column":4},"end":{"line":163,"column":null}},"66":{"start":{"line":165,"column":0},"end":{"line":165,"column":null}},"67":{"start":{"line":13,"column":13},"end":{"line":13,"column":23}}},"fnMap":{"0":{"name":"(anonymous_22)","decl":{"start":{"line":13,"column":0},"end":{"line":13,"column":13}},"loc":{"start":{"line":13,"column":0},"end":{"line":165,"column":1}}},"1":{"name":"TestHelper","decl":{"start":{"line":19,"column":2},"end":{"line":19,"column":null}},"loc":{"start":{"line":19,"column":2},"end":{"line":24,"column":3}}},"2":{"name":"(anonymous_24)","decl":{"start":{"line":26,"column":2},"end":{"line":26,"column":8}},"loc":{"start":{"line":26,"column":2},"end":{"line":53,"column":null}}},"3":{"name":"(anonymous_27)","decl":{"start":{"line":55,"column":2},"end":{"line":55,"column":8}},"loc":{"start":{"line":55,"column":2},"end":{"line":62,"column":null}}},"4":{"name":"(anonymous_30)","decl":{"start":{"line":64,"column":2},"end":{"line":64,"column":8}},"loc":{"start":{"line":64,"column":2},"end":{"line":87,"column":null}}},"5":{"name":"(anonymous_33)","decl":{"start":{"line":71,"column":13},"end":{"line":71,"column":14}},"loc":{"start":{"line":71,"column":38},"end":{"line":75,"column":7}}},"6":{"name":"(anonymous_34)","decl":{"start":{"line":82,"column":13},"end":{"line":82,"column":14}},"loc":{"start":{"line":82,"column":38},"end":{"line":86,"column":7}}},"7":{"name":"(anonymous_35)","decl":{"start":{"line":88,"column":2},"end":{"line":88,"column":12}},"loc":{"start":{"line":88,"column":30},"end":{"line":92,"column":3}}},"8":{"name":"(anonymous_36)","decl":{"start":{"line":94,"column":2},"end":{"line":94,"column":12}},"loc":{"start":{"line":94,"column":29},"end":{"line":97,"column":3}}},"9":{"name":"(anonymous_37)","decl":{"start":{"line":99,"column":2},"end":{"line":99,"column":8}},"loc":{"start":{"line":99,"column":2},"end":{"line":121,"column":null}}},"10":{"name":"(anonymous_40)","decl":{"start":{"line":123,"column":2},"end":{"line":123,"column":25}},"loc":{"start":{"line":123,"column":2},"end":{"line":138,"column":3}}},"11":{"name":"(anonymous_41)","decl":{"start":{"line":133,"column":37},"end":{"line":133,"column":38}},"loc":{"start":{"line":133,"column":38},"end":{"line":135,"column":5}}},"12":{"name":"(anonymous_42)","decl":{"start":{"line":140,"column":2},"end":{"line":140,"column":28}},"loc":{"start":{"line":140,"column":2},"end":{"line":150,"column":3}}},"13":{"name":"(anonymous_43)","decl":{"start":{"line":152,"column":2},"end":{"line":152,"column":31}},"loc":{"start":{"line":152,"column":2},"end":{"line":164,"column":3}}}},"branchMap":{"0":{"loc":{"start":{"line":65,"column":4},"end":{"line":75,"column":null}},"type":"switch","locations":[{"start":{"line":65,"column":4},"end":{"line":75,"column":null}}]},"1":{"loc":{"start":{"line":72,"column":8},"end":{"line":74,"column":9}},"type":"if","locations":[{"start":{"line":72,"column":8},"end":{"line":74,"column":9}},{"start":{},"end":{}}]},"2":{"loc":{"start":{"line":83,"column":8},"end":{"line":85,"column":9}},"type":"if","locations":[{"start":{"line":83,"column":8},"end":{"line":85,"column":9}},{"start":{},"end":{}}]},"3":{"loc":{"start":{"line":89,"column":44},"end":{"line":89,"column":64}},"type":"binary-expr","locations":[{"start":{"line":89,"column":44},"end":{"line":89,"column":52}},{"start":{"line":89,"column":56},"end":{"line":89,"column":64}}]}},"s":{"0":6,"1":6,"2":6,"3":6,"4":6,"5":6,"6":6,"7":6,"8":46,"9":46,"10":46,"11":46,"12":6,"13":0,"14":0,"15":0,"16":0,"17":0,"18":0,"19":0,"20":0,"21":0,"22":0,"23":0,"24":0,"25":0,"26":0,"27":0,"28":6,"29":0,"30":0,"31":6,"32":0,"33":0,"34":0,"35":0,"36":0,"37":0,"38":6,"39":0,"40":0,"41":0,"42":6,"43":0,"44":0,"45":6,"46":0,"47":0,"48":0,"49":6,"50":0,"51":0,"52":0,"53":0,"54":0,"55":0,"56":6,"57":0,"58":0,"59":0,"60":6,"61":0,"62":0,"63":0,"64":0,"65":0,"66":6,"67":6},"f":{"0":6,"1":46,"2":0,"3":0,"4":0,"5":0,"6":0,"7":0,"8":0,"9":0,"10":0,"11":0,"12":0,"13":0},"b":{"0":[0],"1":[0,0],"2":[0,0],"3":[0,0]}}
}
