TN:
SF:src/hooks/cleanup-job.ts
FN:11,cleanupJob
FNF:1
FNH:1
FNDA:21,cleanupJob
DA:1,7
DA:2,7
DA:3,7
DA:4,7
DA:11,7
DA:12,21
DA:14,42
DA:16,0
DA:19,42
LF:9
LH:8
BRDA:19,0,0,21
BRDA:12,1,0,0
BRDA:12,1,1,21
BRF:3
BRH:2
end_of_record
TN:
SF:src/hooks/constants.ts
FN:3,getRunnerPodName
FN:13,getJobPodName
FN:20,getStepPodName
FN:27,getVolumeClaimName
FN:35,getSecretName
FN:48,(anonymous_5)
FN:50,RunnerInstanceLabel
FN:54,(anonymous_7)
FN:58,(anonymous_8)
FN:62,(anonymous_9)
FNF:10
FNH:10
FNDA:105,getRunnerPodName
FNDA:11,getJobPodName
FNDA:17,getStepPodName
FNDA:4,getVolumeClaimName
FNDA:3,getSecretName
FNDA:15,(anonymous_5)
FNDA:67,RunnerInstanceLabel
FNDA:4,(anonymous_7)
FNDA:3,(anonymous_8)
FNDA:1,(anonymous_9)
DA:1,15
DA:3,15
DA:4,105
DA:5,105
DA:6,74
DA:10,31
DA:13,15
DA:14,11
DA:20,15
DA:21,17
DA:27,15
DA:28,4
DA:29,4
DA:30,3
DA:32,1
DA:35,15
DA:36,3
DA:42,15
DA:43,15
DA:44,15
DA:45,15
DA:46,15
DA:48,15
DA:51,67
DA:54,15
DA:55,4
DA:58,15
DA:59,3
DA:62,15
DA:63,1
DA:65,15
LF:31
LH:31
BRDA:5,0,0,74
BRDA:5,0,1,31
BRDA:29,1,0,3
BRDA:29,1,1,1
BRF:4
BRH:4
end_of_record
TN:
SF:src/hooks/index.ts
FNF:0
FNH:0
DA:1,7
DA:2,7
DA:3,7
DA:4,7
LF:4
LH:4
BRF:0
BRH:0
end_of_record
TN:
SF:src/hooks/prepare-job.ts
FN:40,prepareJob
FN:73,(anonymous_25)
FN:235,generateResponseFile
FN:254,(anonymous_27)
FN:275,(anonymous_28)
FN:278,(anonymous_29)
FN:279,(anonymous_30)
FN:299,createContainerSpec
FN:355,(anonymous_32)
FNF:9
FNH:8
FNDA:10,prepareJob
FNDA:2,(anonymous_25)
FNDA:3,generateResponseFile
FNDA:1,(anonymous_27)
FNDA:0,(anonymous_28)
FNDA:3,(anonymous_29)
FNDA:2,(anonymous_30)
FNDA:21,createContainerSpec
FNDA:1,(anonymous_32)
DA:1,8
DA:3,8
DA:10,8
DA:20,8
DA:32,8
DA:37,8
DA:38,8
DA:40,8
DA:44,10
DA:45,1
DA:48,18
DA:50,9
DA:52,9
DA:53,9
DA:54,8
DA:60,8
DA:63,9
DA:64,9
DA:65,9
DA:66,1
DA:67,2
DA:68,2
DA:69,2
DA:72,1
DA:73,1
DA:74,2
DA:75,2
DA:76,2
DA:79,2
DA:80,2
DA:82,0
DA:85,2
DA:86,2
DA:87,2
DA:91,9
DA:92,1
DA:95,8
DA:97,8
DA:105,4
DA:106,2
DA:113,2
DA:114,2
DA:121,2
DA:122,2
DA:125,2
DA:126,2
DA:130,2
DA:133,1
DA:134,1
DA:137,1
DA:138,1
DA:139,1
DA:140,1
DA:143,0
DA:149,2
DA:159,2
DA:162,6
DA:163,0
DA:165,6
DA:169,6
DA:170,6
DA:171,1
DA:173,5
DA:176,5
DA:177,0
DA:181,10
DA:188,2
DA:192,1
DA:193,1
DA:196,8
DA:198,8
DA:199,0
DA:205,0
DA:206,0
DA:207,0
DA:215,0
DA:218,4
DA:220,4
DA:222,4
DA:227,1
DA:228,1
DA:229,1
DA:231,3
DA:232,3
DA:242,3
DA:243,0
DA:245,3
DA:253,3
DA:254,1
DA:256,3
DA:257,1
DA:258,1
DA:259,1
DA:260,0
DA:265,1
DA:271,3
DA:273,1
DA:275,0
DA:277,1
DA:278,3
DA:280,2
DA:281,2
DA:282,0
DA:283,0
DA:284,0
DA:289,2
DA:296,3
DA:299,8
DA:302,29
DA:305,21
DA:306,1
DA:307,1
DA:310,21
DA:315,21
DA:316,1
DA:319,21
DA:320,18
DA:323,21
DA:324,10
DA:327,21
DA:328,21
DA:331,3
DA:332,2
DA:336,21
DA:341,21
DA:342,20
DA:348,21
DA:350,21
DA:351,20
DA:354,1
DA:355,1
DA:358,1
DA:359,1
DA:362,1
LF:134
LH:119
BRDA:196,0,0,4
BRDA:44,1,0,1
BRDA:44,1,1,9
BRDA:53,2,0,8
BRDA:53,2,1,1
BRDA:53,3,0,0
BRDA:53,3,1,9
BRDA:53,4,0,9
BRDA:53,4,1,9
BRDA:65,5,0,1
BRDA:65,5,1,8
BRDA:65,6,0,0
BRDA:65,6,1,9
BRDA:65,7,0,9
BRDA:65,7,1,9
BRDA:69,8,0,2
BRDA:69,8,1,1
BRDA:75,9,0,2
BRDA:75,9,1,0
BRDA:76,10,0,2
BRDA:76,10,1,1
BRDA:79,11,0,2
BRDA:79,11,1,0
BRDA:91,12,0,1
BRDA:91,12,1,8
BRDA:91,13,0,9
BRDA:91,13,1,1
BRDA:91,14,0,0
BRDA:91,14,1,1
BRDA:91,15,0,1
BRDA:91,15,1,1
BRDA:113,16,0,2
BRDA:113,16,1,0
BRDA:127,17,0,1
BRDA:127,17,1,1
BRDA:130,18,0,1
BRDA:130,18,1,1
BRDA:130,19,0,2
BRDA:130,19,1,1
BRDA:130,19,2,1
BRDA:139,20,0,1
BRDA:139,20,1,0
BRDA:139,21,0,0
BRDA:139,21,1,1
BRDA:139,22,0,1
BRDA:139,22,1,1
BRDA:162,23,0,0
BRDA:162,23,1,6
BRDA:162,24,0,0
BRDA:162,24,1,6
BRDA:162,25,0,6
BRDA:162,25,1,6
BRDA:162,26,0,0
BRDA:162,26,1,6
BRDA:162,27,0,6
BRDA:162,27,1,6
BRDA:166,28,0,0
BRDA:166,28,1,6
BRDA:166,29,0,6
BRDA:166,29,1,6
BRDA:166,30,0,0
BRDA:166,30,1,6
BRDA:166,31,0,6
BRDA:166,31,1,6
BRDA:170,32,0,1
BRDA:170,32,1,5
BRDA:176,33,0,0
BRDA:176,33,1,5
BRDA:176,34,0,0
BRDA:176,34,1,5
BRDA:176,35,0,5
BRDA:176,35,1,5
BRDA:176,36,0,0
BRDA:176,36,1,5
BRDA:176,37,0,5
BRDA:176,37,1,5
BRDA:177,38,0,0
BRDA:177,38,1,0
BRDA:192,39,0,1
BRDA:192,39,1,0
BRDA:198,40,0,4
BRDA:198,40,1,0
BRDA:206,41,0,0
BRDA:206,41,1,0
BRDA:206,42,0,0
BRDA:206,42,1,0
BRDA:206,43,0,0
BRDA:206,43,1,0
BRDA:206,44,0,0
BRDA:206,44,1,0
BRDA:206,45,0,0
BRDA:206,45,1,0
BRDA:242,46,0,0
BRDA:242,46,1,3
BRDA:242,47,0,0
BRDA:242,47,1,3
BRDA:242,48,0,3
BRDA:242,48,1,3
BRDA:253,49,0,2
BRDA:253,49,1,1
BRDA:253,50,0,3
BRDA:253,50,1,3
BRDA:253,51,0,2
BRDA:253,51,1,1
BRDA:253,52,0,3
BRDA:253,52,1,3
BRDA:256,53,0,1
BRDA:256,53,1,2
BRDA:258,54,0,1
BRDA:258,54,1,0
BRDA:258,55,0,0
BRDA:258,55,1,1
BRDA:258,56,0,1
BRDA:258,56,1,1
BRDA:271,57,0,1
BRDA:271,57,1,2
BRDA:271,58,0,0
BRDA:271,58,1,3
BRDA:271,59,0,3
BRDA:271,59,1,3
BRDA:273,60,0,1
BRDA:273,60,1,0
BRDA:273,61,0,1
BRDA:273,61,1,1
BRDA:275,62,0,0
BRDA:275,62,1,0
BRDA:275,63,0,0
BRDA:275,63,1,0
BRDA:275,64,0,0
BRDA:275,64,1,0
BRDA:277,65,0,0
BRDA:277,65,1,1
BRDA:277,66,0,1
BRDA:277,66,1,1
BRDA:277,67,0,0
BRDA:277,67,1,1
BRDA:277,68,0,1
BRDA:277,68,1,1
BRDA:277,69,0,0
BRDA:277,69,1,1
BRDA:277,70,0,1
BRDA:277,70,1,1
BRDA:281,71,0,0
BRDA:281,71,1,2
BRDA:281,72,0,0
BRDA:281,72,1,2
BRDA:281,73,0,2
BRDA:281,73,1,2
BRDA:283,74,0,0
BRDA:283,74,1,0
BRDA:283,75,0,0
BRDA:283,75,1,0
BRDA:302,76,0,8
BRDA:302,76,1,13
BRDA:305,77,0,1
BRDA:305,77,1,20
BRDA:305,78,0,21
BRDA:305,78,1,4
BRDA:315,79,0,1
BRDA:315,79,1,20
BRDA:319,80,0,18
BRDA:319,80,1,3
BRDA:323,81,0,10
BRDA:323,81,1,11
BRDA:323,82,0,21
BRDA:323,82,1,10
BRDA:329,83,0,21
BRDA:329,83,1,9
BRDA:331,84,0,2
BRDA:331,84,1,1
BRDA:331,85,0,3
BRDA:331,85,1,3
BRDA:341,86,0,20
BRDA:341,86,1,1
BRDA:341,87,0,21
BRDA:341,87,1,9
BRDA:350,88,0,20
BRDA:350,88,1,1
BRDA:354,89,0,0
BRDA:354,89,1,1
BRDA:354,90,0,1
BRDA:354,90,1,1
BRDA:354,91,0,0
BRDA:354,91,1,1
BRDA:354,92,0,1
BRDA:354,92,1,1
BRDA:358,93,0,1
BRDA:358,93,1,0
BRF:188
BRH:134
end_of_record
TN:
SF:src/hooks/run-container-step.ts
FN:36,runContainerStep
FN:169,(anonymous_25)
FN:181,classifyScriptError
FN:193,(anonymous_29)
FN:234,(anonymous_30)
FN:246,createContainerSpec
FN:264,(anonymous_32)
FNF:7
FNH:2
FNDA:16,runContainerStep
FNDA:0,(anonymous_25)
FNDA:0,classifyScriptError
FNDA:0,(anonymous_29)
FNDA:0,(anonymous_30)
FNDA:14,createContainerSpec
FNDA:0,(anonymous_32)
DA:1,8
DA:2,8
DA:3,8
DA:5,8
DA:6,8
DA:19,8
DA:28,8
DA:34,8
DA:36,8
DA:39,16
DA:40,1
DA:43,15
DA:44,1
DA:49,14
DA:50,14
DA:51,14
DA:52,13
DA:55,14
DA:57,14
DA:58,14
DA:62,14
DA:64,14
DA:65,14
DA:66,14
DA:69,0
DA:70,0
DA:76,0
DA:79,0
DA:86,0
DA:87,0
DA:88,0
DA:89,0
DA:93,0
DA:94,0
DA:95,0
DA:96,0
DA:97,0
DA:99,0
DA:101,0
DA:104,0
DA:106,0
DA:114,0
DA:116,0
DA:119,0
DA:120,0
DA:125,0
DA:126,0
DA:132,0
DA:137,0
DA:139,0
DA:141,0
DA:146,0
DA:148,0
DA:149,0
DA:151,0
DA:155,0
DA:156,0
DA:157,0
DA:158,0
DA:159,0
DA:166,0
DA:167,0
DA:169,0
DA:170,0
DA:186,0
DA:187,0
DA:188,0
DA:191,0
DA:192,0
DA:193,0
DA:195,0
DA:196,0
DA:197,0
DA:198,0
DA:203,0
DA:204,0
DA:205,0
DA:206,0
DA:210,0
DA:213,0
DA:219,0
DA:221,0
DA:222,0
DA:228,0
DA:231,0
DA:232,0
DA:234,0
DA:236,0
DA:239,0
DA:240,0
DA:241,0
DA:243,0
DA:250,14
DA:251,14
DA:252,14
DA:253,14
DA:254,14
DA:255,14
DA:257,14
DA:259,14
DA:260,14
DA:263,0
DA:264,0
DA:266,0
DA:267,0
DA:270,0
LF:106
LH:33
BRDA:169,0,0,0
BRDA:39,1,0,1
BRDA:39,1,1,15
BRDA:43,2,0,1
BRDA:43,2,1,14
BRDA:49,3,0,14
BRDA:49,3,1,5
BRDA:51,4,0,13
BRDA:51,4,1,1
BRDA:69,5,0,0
BRDA:69,5,1,0
BRDA:69,6,0,0
BRDA:69,6,1,0
BRDA:69,7,0,0
BRDA:69,7,1,0
BRDA:88,8,0,0
BRDA:88,8,1,0
BRDA:88,9,0,0
BRDA:88,9,1,0
BRDA:96,10,0,0
BRDA:96,10,1,0
BRDA:125,11,0,0
BRDA:125,11,1,0
BRDA:141,12,0,0
BRDA:141,12,1,0
BRDA:142,13,0,0
BRDA:142,13,1,0
BRDA:142,13,2,0
BRDA:157,14,0,0
BRDA:157,14,1,0
BRDA:192,15,0,0
BRDA:192,15,1,0
BRDA:192,16,0,0
BRDA:192,16,1,0
BRDA:192,17,0,0
BRDA:192,17,1,0
BRDA:192,18,0,0
BRDA:192,18,1,0
BRDA:195,19,0,0
BRDA:195,19,1,0
BRDA:195,20,0,0
BRDA:195,20,1,0
BRDA:195,21,0,0
BRDA:195,21,1,0
BRDA:195,22,0,0
BRDA:195,22,1,0
BRDA:196,23,0,0
BRDA:196,23,1,0
BRDA:197,24,0,0
BRDA:197,24,1,0
BRDA:197,25,0,0
BRDA:197,25,1,0
BRDA:199,26,0,0
BRDA:199,26,1,0
BRDA:199,26,2,0
BRDA:199,26,3,0
BRDA:199,26,4,0
BRDA:203,27,0,0
BRDA:203,27,1,0
BRDA:204,28,0,0
BRDA:204,28,1,0
BRDA:221,29,0,0
BRDA:221,29,1,0
BRDA:221,30,0,0
BRDA:221,30,1,0
BRDA:221,31,0,0
BRDA:221,31,1,0
BRDA:221,32,0,0
BRDA:221,32,1,0
BRDA:221,33,0,0
BRDA:221,33,1,0
BRDA:223,34,0,0
BRDA:223,34,1,0
BRDA:223,35,0,0
BRDA:223,35,1,0
BRDA:231,36,0,0
BRDA:231,36,1,0
BRDA:240,37,0,0
BRDA:240,37,1,0
BRDA:259,38,0,14
BRDA:259,38,1,0
BRDA:263,39,0,0
BRDA:263,39,1,0
BRDA:263,40,0,0
BRDA:263,40,1,0
BRDA:263,41,0,0
BRDA:263,41,1,0
BRDA:263,42,0,0
BRDA:263,42,1,0
BRDA:266,43,0,0
BRDA:266,43,1,0
BRF:91
BRH:9
end_of_record
TN:
SF:src/hooks/run-script-step.ts
FN:16,formatScriptError
FN:26,(anonymous_24)
FN:35,runScriptStep
FNF:3
FNH:3
FNDA:3,formatScriptError
FNDA:7,(anonymous_24)
FNDA:7,runScriptStep
DA:2,7
DA:3,7
DA:5,7
DA:11,7
DA:12,7
DA:13,7
DA:17,3
DA:18,3
DA:22,3
DA:23,3
DA:24,3
DA:26,7
DA:28,3
DA:30,3
DA:31,3
DA:32,3
DA:35,7
DA:40,7
DA:41,2
DA:47,5
DA:48,5
DA:56,5
DA:57,5
DA:58,5
DA:59,5
DA:61,10
DA:70,10
DA:76,5
DA:94,10
DA:100,0
DA:101,0
DA:102,0
DA:106,5
DA:107,5
DA:109,5
DA:114,4
DA:115,3
DA:118,4
DA:119,4
DA:123,3
DA:125,1
DA:126,1
DA:128,5
DA:129,5
DA:131,0
DA:136,1
DA:139,2
DA:145,0
LF:48
LH:43
BRDA:23,0,0,3
BRDA:23,0,1,0
BRDA:31,1,0,3
BRDA:31,1,1,0
BRDA:40,2,0,2
BRDA:40,2,1,5
BRDA:40,3,0,0
BRDA:40,3,1,7
BRDA:40,4,0,7
BRDA:40,4,1,7
BRDA:114,5,0,3
BRDA:114,5,1,1
BRDA:119,6,0,3
BRDA:119,6,1,1
BRDA:120,7,0,4
BRDA:120,7,1,4
BRF:16
BRH:13
end_of_record
TN:
SF:src/k8s/heartbeat.ts
FN:11,parsePositiveMsEnv
FN:19,(anonymous_10)
FN:25,WebSocketHeartbeat
FN:30,(anonymous_12)
FN:39,(anonymous_13)
FN:53,(anonymous_14)
FN:59,(anonymous_15)
FN:64,(anonymous_16)
FN:86,(anonymous_17)
FN:95,(anonymous_18)
FN:100,(anonymous_19)
FN:106,(anonymous_20)
FNF:12
FNH:11
FNDA:8,parsePositiveMsEnv
FNDA:14,(anonymous_10)
FNDA:8,WebSocketHeartbeat
FNDA:22,(anonymous_12)
FNDA:8,(anonymous_13)
FNDA:8,(anonymous_14)
FNDA:5,(anonymous_15)
FNDA:1,(anonymous_16)
FNDA:1,(anonymous_17)
FNDA:0,(anonymous_18)
FNDA:1,(anonymous_19)
FNDA:29,(anonymous_20)
DA:1,14
DA:11,14
DA:15,8
DA:16,8
DA:19,14
DA:20,8
DA:21,8
DA:22,8
DA:23,14
DA:26,8
DA:27,8
DA:30,14
DA:31,22
DA:32,22
DA:33,0
DA:34,0
DA:36,22
DA:39,14
DA:40,8
DA:41,0
DA:43,8
DA:44,8
DA:45,8
DA:47,8
DA:48,4
DA:49,4
DA:53,14
DA:54,8
DA:57,8
DA:59,8
DA:60,5
DA:61,1
DA:62,1
DA:64,5
DA:65,1
DA:68,1
DA:69,1
DA:70,1
DA:74,1
DA:84,8
DA:86,8
DA:87,1
DA:88,0
DA:90,1
DA:91,1
DA:95,8
DA:96,0
DA:97,0
DA:100,8
DA:101,1
DA:102,1
DA:106,8
DA:107,29
DA:109,16
DA:111,13
DA:112,12
DA:113,12
DA:114,12
DA:115,4
DA:116,4
DA:118,12
DA:119,0
DA:122,0
DA:123,0
DA:127,1
DA:128,0
DA:132,1
DA:136,14
LF:68
LH:58
BRDA:15,0,0,7
BRDA:15,0,1,1
BRDA:15,1,0,8
BRDA:15,1,1,8
BRDA:16,2,0,2
BRDA:16,2,1,6
BRDA:16,3,0,8
BRDA:16,3,1,4
BRDA:32,4,0,0
BRDA:32,4,1,22
BRDA:40,5,0,0
BRDA:40,5,1,8
BRDA:43,6,0,8
BRDA:43,6,1,0
BRDA:47,7,0,4
BRDA:47,7,1,4
BRDA:60,8,0,1
BRDA:60,8,1,4
BRDA:87,9,0,0
BRDA:87,9,1,1
BRDA:90,10,0,1
BRDA:90,10,1,0
BRDA:107,11,0,16
BRDA:107,11,1,13
BRDA:111,12,0,12
BRDA:111,12,1,1
BRDA:114,13,0,4
BRDA:114,13,1,8
BRDA:118,14,0,0
BRDA:118,14,1,12
BRDA:127,15,0,0
BRDA:127,15,1,1
BRF:32
BRH:25
end_of_record
TN:
SF:src/k8s/index.ts
FN:69,createJobPod
FN:189,createContainerStepPod
FN:242,deletePod
FN:250,execPodStep
FN:278,(anonymous_36)
FN:292,(anonymous_37)
FN:292,(anonymous_38)
FN:300,(anonymous_40)
FN:306,(anonymous_43)
FN:307,(anonymous_44)
FN:314,(anonymous_45)
FN:337,(anonymous_46)
FN:346,(anonymous_47)
FN:346,(anonymous_48)
FN:353,(anonymous_50)
FN:354,(anonymous_51)
FN:361,(anonymous_52)
FN:379,execPodStepWithOutput
FN:391,(anonymous_56)
FN:399,(anonymous_57)
FN:407,(anonymous_58)
FN:414,(anonymous_59)
FN:426,(anonymous_60)
FN:437,(anonymous_61)
FN:451,(anonymous_62)
FN:456,(anonymous_63)
FN:467,(anonymous_64)
FN:485,(anonymous_65)
FN:503,execCalculateOutputHashSorted
FN:512,(anonymous_69)
FN:522,(anonymous_70)
FN:533,(anonymous_71)
FN:548,(anonymous_72)
FN:556,(anonymous_73)
FN:565,localCalculateOutputHashSorted
FN:569,(anonymous_77)
FN:575,(anonymous_78)
FN:579,(anonymous_79)
FN:584,(anonymous_80)
FN:599,execCpToPod
FN:622,(anonymous_86)
FN:633,(anonymous_87)
FN:633,(anonymous_88)
FN:644,(anonymous_90)
FN:685,(anonymous_93)
FN:688,(anonymous_94)
FN:691,(anonymous_95)
FN:694,(anonymous_96)
FN:697,(anonymous_97)
FN:701,(anonymous_98)
FN:720,execCpFromPod
FN:756,(anonymous_104)
FN:773,(anonymous_105)
FN:773,(anonymous_106)
FN:783,(anonymous_108)
FN:824,(anonymous_111)
FN:827,(anonymous_112)
FN:830,(anonymous_113)
FN:833,(anonymous_114)
FN:836,(anonymous_115)
FN:840,(anonymous_116)
FN:859,waitForJobToComplete
FN:873,createDockerSecret
FN:914,createSecretForEnvs
FN:942,deleteSecret
FN:949,pruneSecrets
FN:960,(anonymous_132)
FN:960,(anonymous_133)
FN:1052,getUnrecoverableWaitingReasons
FN:1070,getUnrecoverableEventReasons
FN:1085,getUnrecoverableTerminatedReasons
FN:1107,isPermanentSchedulingFailure
FN:1111,(anonymous_139)
FN:1123,getPermanentSchedulingPatterns
FN:1146,getWaitingReasonHint
FN:1165,getContainerErrors
FN:1184,getTerminatedReasonHint
FN:1211,getContainerTerminatedErrors
FN:1230,getEventReasonHint
FN:1266,getPodEventErrors
FN:1331,describePodFailure
FN:1412,describePodWarningEvents
FN:1429,(anonymous_155)
FN:1434,(anonymous_156)
FN:1438,(anonymous_157)
FN:1441,(anonymous_158)
FN:1459,getPodConditionErrors
FN:1469,checkUnrecoverableErrors
FN:1483,(anonymous_163)
FN:1485,(anonymous_164)
FN:1496,waitForPodPhases
FN:1576,getPrepareJobTimeoutSeconds
FN:1595,readPod
FN:1610,parsePodPhase
FN:1617,isJobSucceeded
FN:1628,getPodLogs
FN:1634,(anonymous_179)
FN:1644,(anonymous_180)
FN:1645,(anonymous_181)
FN:1646,(anonymous_182)
FN:1653,prunePods
FN:1664,(anonymous_186)
FN:1664,(anonymous_187)
FN:1669,getPodStatus
FN:1679,isAuthPermissionsOK
FN:1697,(anonymous_195)
FN:1700,isPodContainerAlpine
FN:1722,namespace
FN:1727,(anonymous_200)
FN:1750,(anonymous_201)
FN:1753,BackOffManager
FN:1759,(anonymous_203)
FN:1760,(anonymous_206)
FN:1776,containerPorts
FN:1798,(anonymous_208)
FN:1818,getPodByName
FN:1825,getSecretByName
FN:1832,listPodsByRunnerInstance
FNF:118
FNH:51
FNDA:0,createJobPod
FNDA:0,createContainerStepPod
FNDA:0,deletePod
FNDA:0,execPodStep
FNDA:0,(anonymous_36)
FNDA:0,(anonymous_37)
FNDA:0,(anonymous_38)
FNDA:0,(anonymous_40)
FNDA:0,(anonymous_43)
FNDA:0,(anonymous_44)
FNDA:0,(anonymous_45)
FNDA:0,(anonymous_46)
FNDA:0,(anonymous_47)
FNDA:0,(anonymous_48)
FNDA:0,(anonymous_50)
FNDA:0,(anonymous_51)
FNDA:0,(anonymous_52)
FNDA:7,execPodStepWithOutput
FNDA:36,(anonymous_56)
FNDA:35,(anonymous_57)
FNDA:3,(anonymous_58)
FNDA:7,(anonymous_59)
FNDA:35,(anonymous_60)
FNDA:3,(anonymous_61)
FNDA:4,(anonymous_62)
FNDA:7,(anonymous_63)
FNDA:5,(anonymous_64)
FNDA:2,(anonymous_65)
FNDA:0,execCalculateOutputHashSorted
FNDA:0,(anonymous_69)
FNDA:0,(anonymous_70)
FNDA:0,(anonymous_71)
FNDA:0,(anonymous_72)
FNDA:0,(anonymous_73)
FNDA:0,localCalculateOutputHashSorted
FNDA:0,(anonymous_77)
FNDA:0,(anonymous_78)
FNDA:0,(anonymous_79)
FNDA:0,(anonymous_80)
FNDA:3,execCpToPod
FNDA:90,(anonymous_86)
FNDA:0,(anonymous_87)
FNDA:0,(anonymous_88)
FNDA:90,(anonymous_90)
FNDA:0,(anonymous_93)
FNDA:0,(anonymous_94)
FNDA:0,(anonymous_95)
FNDA:0,(anonymous_96)
FNDA:0,(anonymous_97)
FNDA:0,(anonymous_98)
FNDA:2,execCpFromPod
FNDA:60,(anonymous_104)
FNDA:0,(anonymous_105)
FNDA:0,(anonymous_106)
FNDA:60,(anonymous_108)
FNDA:0,(anonymous_111)
FNDA:0,(anonymous_112)
FNDA:0,(anonymous_113)
FNDA:0,(anonymous_114)
FNDA:0,(anonymous_115)
FNDA:0,(anonymous_116)
FNDA:3,waitForJobToComplete
FNDA:0,createDockerSecret
FNDA:0,createSecretForEnvs
FNDA:0,deleteSecret
FNDA:21,pruneSecrets
FNDA:0,(anonymous_132)
FNDA:0,(anonymous_133)
FNDA:28,getUnrecoverableWaitingReasons
FNDA:23,getUnrecoverableEventReasons
FNDA:24,getUnrecoverableTerminatedReasons
FNDA:19,isPermanentSchedulingFailure
FNDA:58,(anonymous_139)
FNDA:17,getPermanentSchedulingPatterns
FNDA:9,getWaitingReasonHint
FNDA:18,getContainerErrors
FNDA:11,getTerminatedReasonHint
FNDA:21,getContainerTerminatedErrors
FNDA:10,getEventReasonHint
FNDA:21,getPodEventErrors
FNDA:9,describePodFailure
FNDA:8,describePodWarningEvents
FNDA:4,(anonymous_155)
FNDA:0,(anonymous_156)
FNDA:0,(anonymous_157)
FNDA:3,(anonymous_158)
FNDA:6,getPodConditionErrors
FNDA:6,checkUnrecoverableErrors
FNDA:0,(anonymous_163)
FNDA:0,(anonymous_164)
FNDA:10,waitForPodPhases
FNDA:5,getPrepareJobTimeoutSeconds
FNDA:24,readPod
FNDA:16,parsePodPhase
FNDA:3,isJobSucceeded
FNDA:0,getPodLogs
FNDA:0,(anonymous_179)
FNDA:0,(anonymous_180)
FNDA:0,(anonymous_181)
FNDA:0,(anonymous_182)
FNDA:21,prunePods
FNDA:0,(anonymous_186)
FNDA:0,(anonymous_187)
FNDA:0,getPodStatus
FNDA:0,isAuthPermissionsOK
FNDA:0,(anonymous_195)
FNDA:0,isPodContainerAlpine
FNDA:276,namespace
FNDA:63,(anonymous_200)
FNDA:13,(anonymous_201)
FNDA:13,BackOffManager
FNDA:7,(anonymous_203)
FNDA:7,(anonymous_206)
FNDA:21,containerPorts
FNDA:0,(anonymous_208)
FNDA:0,getPodByName
FNDA:0,getSecretByName
FNDA:21,listPodsByRunnerInstance
DA:1,13
DA:2,13
DA:3,13
DA:4,13
DA:5,13
DA:6,13
DA:7,13
DA:8,13
DA:9,13
DA:11,13
DA:16,13
DA:28,13
DA:29,13
DA:32,13
DA:34,13
DA:36,13
DA:37,13
DA:38,13
DA:40,13
DA:42,13
DA:69,13
DA:76,0
DA:77,0
DA:78,0
DA:80,0
DA:81,0
DA:84,0
DA:86,0
DA:87,0
DA:89,0
DA:90,0
DA:92,0
DA:93,0
DA:96,0
DA:98,0
DA:99,0
DA:100,0
DA:106,0
DA:107,0
DA:109,0
DA:116,0
DA:117,0
DA:120,0
DA:148,0
DA:150,0
DA:165,0
DA:166,0
DA:167,0
DA:168,0
DA:170,0
DA:171,0
DA:172,0
DA:175,0
DA:176,0
DA:179,0
DA:180,0
DA:183,0
DA:189,13
DA:194,0
DA:196,0
DA:197,0
DA:199,0
DA:200,0
DA:202,0
DA:203,0
DA:206,0
DA:208,0
DA:209,0
DA:211,0
DA:213,0
DA:228,0
DA:229,0
DA:232,0
DA:233,0
DA:236,0
DA:242,13
DA:243,0
DA:250,13
DA:256,0
DA:257,0
DA:261,0
DA:263,0
DA:264,0
DA:268,0
DA:272,0
DA:276,0
DA:278,0
DA:279,0
DA:280,0
DA:282,0
DA:292,0
DA:293,0
DA:297,0
DA:300,0
DA:301,0
DA:302,0
DA:306,0
DA:307,0
DA:308,0
DA:311,0
DA:314,0
DA:315,0
DA:316,0
DA:317,0
DA:319,0
DA:324,0
DA:325,0
DA:326,0
DA:327,0
DA:329,0
DA:332,0
DA:333,0
DA:338,0
DA:339,0
DA:340,0
DA:341,0
DA:343,0
DA:346,0
DA:347,0
DA:348,0
DA:351,0
DA:352,0
DA:353,0
DA:354,0
DA:355,0
DA:358,0
DA:361,0
DA:362,0
DA:363,0
DA:365,0
DA:369,0
DA:379,13
DA:383,13
DA:386,7
DA:387,7
DA:390,7
DA:391,7
DA:392,36
DA:393,36
DA:394,36
DA:398,7
DA:399,7
DA:400,35
DA:401,35
DA:402,35
DA:403,70
DA:406,7
DA:407,7
DA:408,3
DA:409,3
DA:410,3
DA:411,6
DA:414,7
DA:415,7
DA:416,0
DA:417,0
DA:419,7
DA:420,0
DA:421,0
DA:425,7
DA:427,35
DA:428,35
DA:429,35
DA:430,35
DA:432,0
DA:436,7
DA:438,3
DA:439,3
DA:440,3
DA:441,3
DA:443,0
DA:451,7
DA:452,4
DA:453,4
DA:456,7
DA:457,7
DA:468,5
DA:469,5
DA:470,5
DA:471,3
DA:476,2
DA:477,2
DA:478,1
DA:480,1
DA:491,2
DA:492,2
DA:493,2
DA:494,2
DA:495,1
DA:497,1
DA:503,13
DA:508,0
DA:510,0
DA:511,0
DA:513,0
DA:514,0
DA:515,0
DA:517,0
DA:522,0
DA:523,0
DA:534,0
DA:535,0
DA:536,0
DA:538,0
DA:544,0
DA:548,0
DA:551,0
DA:554,0
DA:556,0
DA:558,0
DA:560,0
DA:561,0
DA:562,0
DA:565,13
DA:568,0
DA:570,0
DA:574,0
DA:575,0
DA:576,0
DA:578,0
DA:579,0
DA:580,0
DA:582,0
DA:584,0
DA:586,0
DA:588,0
DA:589,0
DA:590,0
DA:592,0
DA:599,13
DA:604,3
DA:606,3
DA:607,90
DA:609,90
DA:612,90
DA:620,90
DA:621,90
DA:622,180
DA:623,90
DA:633,0
DA:634,0
DA:635,0
DA:641,0
DA:644,90
DA:648,90
DA:649,90
DA:650,90
DA:651,3
DA:655,174
DA:659,0
DA:660,0
DA:661,0
DA:663,0
DA:664,0
DA:670,0
DA:671,0
DA:677,0
DA:678,0
DA:681,0
DA:684,0
DA:685,0
DA:687,0
DA:688,0
DA:690,0
DA:691,0
DA:693,0
DA:694,0
DA:696,0
DA:698,0
DA:699,0
DA:702,0
DA:703,0
DA:705,0
DA:706,0
DA:707,0
DA:708,0
DA:714,0
DA:715,0
DA:720,13
DA:725,2
DA:726,2
DA:734,2
DA:735,0
DA:738,2
DA:739,60
DA:742,60
DA:743,60
DA:744,60
DA:745,60
DA:753,60
DA:754,60
DA:756,120
DA:761,60
DA:762,60
DA:763,60
DA:773,0
DA:774,0
DA:775,0
DA:783,60
DA:787,60
DA:788,60
DA:789,60
DA:790,2
DA:794,116
DA:798,0
DA:799,0
DA:800,0
DA:802,0
DA:803,0
DA:809,0
DA:810,0
DA:816,0
DA:817,0
DA:820,0
DA:823,0
DA:824,0
DA:826,0
DA:827,0
DA:829,0
DA:830,0
DA:832,0
DA:833,0
DA:835,0
DA:837,0
DA:838,0
DA:841,0
DA:842,0
DA:844,0
DA:845,0
DA:846,0
DA:847,0
DA:853,0
DA:854,0
DA:859,13
DA:860,3
DA:861,3
DA:863,3
DA:864,0
DA:867,3
DA:869,0
DA:873,13
DA:876,0
DA:888,0
DA:890,0
DA:891,0
DA:892,0
DA:893,0
DA:894,0
DA:895,0
DA:896,0
DA:897,0
DA:900,0
DA:901,0
DA:902,0
DA:908,0
DA:914,13
DA:917,0
DA:919,0
DA:920,0
DA:921,0
DA:922,0
DA:923,0
DA:924,0
DA:926,0
DA:929,0
DA:930,0
DA:931,0
DA:932,0
DA:935,0
DA:939,0
DA:942,13
DA:943,0
DA:949,13
DA:950,21
DA:954,0
DA:955,0
DA:958,0
DA:960,0
DA:961,0
DA:966,13
DA:1001,13
DA:1024,13
DA:1038,13
DA:1046,13
DA:1052,13
DA:1053,28
DA:1054,28
DA:1055,26
DA:1057,2
DA:1058,3
DA:1059,3
DA:1060,3
DA:1061,3
DA:1064,2
DA:1070,13
DA:1071,23
DA:1072,23
DA:1073,21
DA:1075,2
DA:1076,3
DA:1077,3
DA:1078,3
DA:1079,3
DA:1082,2
DA:1085,13
DA:1087,24
DA:1088,24
DA:1089,21
DA:1091,3
DA:1092,7
DA:1093,7
DA:1094,7
DA:1095,4
DA:1098,3
DA:1107,13
DA:1110,19
DA:1111,58
DA:1123,13
DA:1124,17
DA:1125,17
DA:1126,0
DA:1127,0
DA:1129,0
DA:1130,0
DA:1131,0
DA:1132,0
DA:1133,0
DA:1134,0
DA:1136,0
DA:1141,0
DA:1142,0
DA:1143,0
DA:1147,9
DA:1149,4
DA:1157,3
DA:1159,1
DA:1161,1
DA:1165,13
DA:1166,18
DA:1167,18
DA:1168,18
DA:1172,36
DA:1173,14
DA:1174,14
DA:1175,9
DA:1176,9
DA:1177,9
DA:1178,9
DA:1181,18
DA:1184,13
DA:1188,11
DA:1189,3
DA:1191,8
DA:1192,2
DA:1194,6
DA:1195,5
DA:1197,1
DA:1199,0
DA:1201,0
DA:1203,1
DA:1205,3
DA:1208,1
DA:1211,13
DA:1212,21
DA:1213,21
DA:1214,21
DA:1218,42
DA:1219,17
DA:1220,17
DA:1221,11
DA:1222,11
DA:1223,11
DA:1224,11
DA:1227,21
DA:1231,10
DA:1233,4
DA:1240,1
DA:1247,4
DA:1254,1
DA:1266,13
DA:1267,21
DA:1268,21
DA:1269,0
DA:1274,21
DA:1278,19
DA:1280,2
DA:1285,2
DA:1288,19
DA:1289,19
DA:1290,19
DA:1291,19
DA:1296,3
DA:1301,16
DA:1305,5
DA:1310,5
DA:1312,11
DA:1313,1
DA:1315,10
DA:1316,10
DA:1317,10
DA:1318,10
DA:1319,10
DA:1320,10
DA:1322,19
DA:1331,13
DA:1334,9
DA:1336,1
DA:1341,8
DA:1342,8
DA:1345,8
DA:1346,8
DA:1349,8
DA:1350,8
DA:1351,1
DA:1355,8
DA:1356,1
DA:1357,1
DA:1358,1
DA:1359,1
DA:1362,8
DA:1365,8
DA:1366,8
DA:1370,8
DA:1371,8
DA:1372,3
DA:1373,3
DA:1376,2
DA:1377,1
DA:1378,1
DA:1383,3
DA:1385,3
DA:1386,1
DA:1387,1
DA:1388,1
DA:1393,8
DA:1394,2
DA:1398,8
DA:1399,8
DA:1400,3
DA:1403,8
DA:1404,0
DA:1406,8
DA:1415,8
DA:1419,6
DA:1421,2
DA:1426,2
DA:1429,6
DA:1430,6
DA:1431,3
DA:1434,3
DA:1435,0
DA:1436,0
DA:1438,3
DA:1440,3
DA:1441,3
DA:1442,3
DA:1443,3
DA:1445,3
DA:1446,0
DA:1450,3
DA:1459,13
DA:1460,6
DA:1469,13
DA:1474,6
DA:1476,6
DA:1478,6
DA:1482,6
DA:1484,0
DA:1485,0
DA:1488,6
DA:1496,13
DA:1500,18
DA:1502,10
DA:1503,10
DA:1504,15
DA:1505,15
DA:1507,15
DA:1512,6
DA:1518,12
DA:1520,2
DA:1526,4
DA:1528,9
DA:1529,9
DA:1530,3
DA:1538,10
DA:1539,2
DA:1540,2
DA:1541,2
DA:1542,0
DA:1546,2
DA:1554,4
DA:1555,5
DA:1556,3
DA:1557,3
DA:1563,2
DA:1568,0
DA:1569,0
DA:1576,13
DA:1578,5
DA:1580,5
DA:1581,5
DA:1584,0
DA:1585,0
DA:1586,0
DA:1589,0
DA:1592,0
DA:1596,24
DA:1602,13
DA:1610,13
DA:1611,16
DA:1612,3
DA:1614,13
DA:1618,3
DA:1622,1
DA:1623,1
DA:1625,0
DA:1628,13
DA:1632,0
DA:1633,0
DA:1634,0
DA:1636,0
DA:1639,0
DA:1644,0
DA:1645,0
DA:1646,0
DA:1647,0
DA:1648,0
DA:1653,13
DA:1654,21
DA:1658,0
DA:1659,0
DA:1662,0
DA:1664,0
DA:1669,13
DA:1672,0
DA:1676,0
DA:1679,13
DA:1680,0
DA:1681,0
DA:1682,0
DA:1683,0
DA:1684,0
DA:1685,0
DA:1686,0
DA:1687,0
DA:1688,0
DA:1689,0
DA:1690,0
DA:1691,0
DA:1696,0
DA:1697,0
DA:1700,13
DA:1704,0
DA:1706,0
DA:1716,0
DA:1719,0
DA:1722,13
DA:1723,276
DA:1724,213
DA:1727,63
DA:1728,63
DA:1729,63
DA:1735,0
DA:1736,0
DA:1737,0
DA:1738,0
DA:1739,0
DA:1745,0
DA:1750,13
DA:1751,13
DA:1752,13
DA:1753,13
DA:1754,13
DA:1755,3
DA:1759,13
DA:1760,14
DA:1761,7
DA:1763,7
DA:1764,7
DA:1765,2
DA:1767,5
DA:1768,5
DA:1770,5
DA:1771,0
DA:1774,13
DA:1776,13
DA:1779,21
DA:1780,21
DA:1781,21
DA:1783,0
DA:1784,0
DA:1785,0
DA:1786,0
DA:1789,0
DA:1790,0
DA:1793,0
DA:1794,0
DA:1795,0
DA:1798,0
DA:1799,0
DA:1800,0
DA:1801,0
DA:1803,0
DA:1806,0
DA:1807,0
DA:1809,0
DA:1810,0
DA:1813,0
DA:1815,0
DA:1818,13
DA:1819,0
DA:1825,13
DA:1826,0
DA:1832,13
DA:1833,21
DA:1837,0
LF:716
LH:370
BRDA:183,0,0,0
BRDA:77,1,0,0
BRDA:77,1,1,0
BRDA:80,2,0,0
BRDA:80,2,1,0
BRDA:80,3,0,0
BRDA:80,3,1,0
BRDA:80,4,0,0
BRDA:80,4,1,0
BRDA:107,5,0,0
BRDA:107,5,1,0
BRDA:107,6,0,0
BRDA:107,6,1,0
BRDA:107,7,0,0
BRDA:107,7,1,0
BRDA:107,8,0,0
BRDA:107,8,1,0
BRDA:116,9,0,0
BRDA:116,9,1,0
BRDA:124,10,0,0
BRDA:124,10,1,0
BRDA:165,11,0,0
BRDA:165,11,1,0
BRDA:167,12,0,0
BRDA:167,12,1,0
BRDA:167,13,0,0
BRDA:167,13,1,0
BRDA:167,14,0,0
BRDA:167,14,1,0
BRDA:167,15,0,0
BRDA:167,15,1,0
BRDA:167,16,0,0
BRDA:167,16,1,0
BRDA:175,17,0,0
BRDA:175,17,1,0
BRDA:175,18,0,0
BRDA:175,18,1,0
BRDA:175,19,0,0
BRDA:175,19,1,0
BRDA:179,20,0,0
BRDA:179,20,1,0
BRDA:179,21,0,0
BRDA:179,21,1,0
BRDA:179,22,0,0
BRDA:179,22,1,0
BRDA:236,23,0,0
BRDA:228,24,0,0
BRDA:228,24,1,0
BRDA:228,25,0,0
BRDA:228,25,1,0
BRDA:228,26,0,0
BRDA:228,26,1,0
BRDA:232,27,0,0
BRDA:232,27,1,0
BRDA:232,28,0,0
BRDA:232,28,1,0
BRDA:232,29,0,0
BRDA:232,29,1,0
BRDA:243,30,0,0
BRDA:290,31,0,0
BRDA:290,31,1,0
BRDA:290,32,0,0
BRDA:290,32,1,0
BRDA:302,33,0,0
BRDA:302,33,1,0
BRDA:303,34,0,0
BRDA:303,34,1,0
BRDA:303,34,2,0
BRDA:324,35,0,0
BRDA:324,35,1,0
BRDA:327,36,0,0
BRDA:327,36,1,0
BRDA:330,37,0,0
BRDA:330,37,1,0
BRDA:330,38,0,0
BRDA:330,38,1,0
BRDA:330,39,0,0
BRDA:330,39,1,0
BRDA:330,40,0,0
BRDA:330,40,1,0
BRDA:333,41,0,0
BRDA:333,41,1,0
BRDA:333,42,0,0
BRDA:333,42,1,0
BRDA:333,43,0,0
BRDA:333,43,1,0
BRDA:340,44,0,0
BRDA:340,44,1,0
BRDA:352,45,0,0
BRDA:352,45,1,0
BRDA:352,46,0,0
BRDA:352,46,1,0
BRDA:352,46,2,0
BRDA:383,47,0,6
BRDA:383,47,1,1
BRDA:456,48,0,7
BRDA:392,49,0,0
BRDA:392,49,1,36
BRDA:394,50,0,25
BRDA:394,50,1,11
BRDA:402,51,0,35
BRDA:402,51,1,0
BRDA:402,52,0,35
BRDA:402,52,1,35
BRDA:410,53,0,3
BRDA:410,53,1,0
BRDA:410,54,0,3
BRDA:410,54,1,3
BRDA:415,55,0,0
BRDA:415,55,1,7
BRDA:419,56,0,0
BRDA:419,56,1,7
BRDA:452,57,0,0
BRDA:452,57,1,4
BRDA:452,58,0,4
BRDA:452,58,1,4
BRDA:453,59,0,2
BRDA:453,59,1,2
BRDA:465,60,0,0
BRDA:465,60,1,7
BRDA:465,61,0,7
BRDA:465,61,1,7
BRDA:470,62,0,3
BRDA:470,62,1,2
BRDA:471,63,0,3
BRDA:471,63,1,3
BRDA:476,64,0,0
BRDA:476,64,1,2
BRDA:476,65,0,2
BRDA:476,65,1,2
BRDA:477,66,0,1
BRDA:477,66,1,1
BRDA:480,67,0,1
BRDA:480,67,1,0
BRDA:480,68,0,0
BRDA:480,68,1,1
BRDA:480,69,0,1
BRDA:480,69,1,1
BRDA:492,70,0,2
BRDA:492,70,1,0
BRDA:494,71,0,1
BRDA:494,71,1,1
BRDA:535,72,0,0
BRDA:535,72,1,0
BRDA:540,73,0,0
BRDA:540,73,1,0
BRDA:540,74,0,0
BRDA:540,74,1,0
BRDA:541,75,0,0
BRDA:541,75,1,0
BRDA:541,76,0,0
BRDA:541,76,1,0
BRDA:544,77,0,0
BRDA:544,77,1,0
BRDA:544,78,0,0
BRDA:544,78,1,0
BRDA:544,79,0,0
BRDA:544,79,1,0
BRDA:568,80,0,0
BRDA:568,80,1,0
BRDA:580,81,0,0
BRDA:580,81,1,0
BRDA:634,82,0,0
BRDA:634,82,1,0
BRDA:650,83,0,3
BRDA:650,83,1,87
BRDA:607,84,0,0
BRDA:607,84,1,90
BRDA:677,85,0,0
BRDA:677,85,1,0
BRDA:699,86,0,0
BRDA:699,86,1,0
BRDA:661,87,0,0
BRDA:661,87,1,0
BRDA:734,88,0,0
BRDA:734,88,1,2
BRDA:750,89,0,60
BRDA:750,89,1,0
BRDA:774,90,0,0
BRDA:774,90,1,0
BRDA:789,91,0,2
BRDA:789,91,1,58
BRDA:739,92,0,0
BRDA:739,92,1,60
BRDA:816,93,0,0
BRDA:816,93,1,0
BRDA:838,94,0,0
BRDA:838,94,1,0
BRDA:800,95,0,0
BRDA:800,95,1,0
BRDA:869,96,0,0
BRDA:861,97,0,0
BRDA:861,97,1,3
BRDA:863,98,0,0
BRDA:863,98,1,0
BRDA:908,99,0,0
BRDA:878,100,0,0
BRDA:878,100,1,0
BRDA:943,101,0,0
BRDA:950,102,0,21
BRDA:954,103,0,0
BRDA:954,103,1,0
BRDA:961,104,0,0
BRDA:961,105,0,0
BRDA:961,105,1,0
BRDA:961,106,0,0
BRDA:961,106,1,0
BRDA:1054,107,0,26
BRDA:1054,107,1,2
BRDA:1060,108,0,3
BRDA:1060,108,1,0
BRDA:1072,109,0,21
BRDA:1072,109,1,2
BRDA:1078,110,0,3
BRDA:1078,110,1,0
BRDA:1088,111,0,21
BRDA:1088,111,1,3
BRDA:1094,112,0,4
BRDA:1094,112,1,3
BRDA:1110,113,0,2
BRDA:1110,113,1,17
BRDA:1125,114,0,17
BRDA:1125,114,1,0
BRDA:1126,115,0,0
BRDA:1126,115,1,0
BRDA:1126,116,0,0
BRDA:1126,116,1,0
BRDA:1132,117,0,0
BRDA:1132,117,1,0
BRDA:1147,118,0,4
BRDA:1147,118,1,3
BRDA:1147,118,2,1
BRDA:1147,118,3,1
BRDA:1169,119,0,1
BRDA:1169,119,1,17
BRDA:1169,120,0,18
BRDA:1169,120,1,18
BRDA:1169,121,0,1
BRDA:1169,121,1,17
BRDA:1169,122,0,18
BRDA:1169,122,1,18
BRDA:1170,123,0,12
BRDA:1170,123,1,6
BRDA:1170,124,0,18
BRDA:1170,124,1,18
BRDA:1170,125,0,1
BRDA:1170,125,1,17
BRDA:1170,126,0,18
BRDA:1170,126,1,18
BRDA:1173,127,0,0
BRDA:1173,127,1,14
BRDA:1173,128,0,14
BRDA:1173,128,1,14
BRDA:1174,129,0,9
BRDA:1174,129,1,5
BRDA:1174,130,0,14
BRDA:1174,130,1,13
BRDA:1174,131,0,1
BRDA:1174,131,1,13
BRDA:1174,132,0,14
BRDA:1174,132,1,14
BRDA:1176,133,0,2
BRDA:1176,133,1,7
BRDA:1188,134,0,3
BRDA:1188,134,1,8
BRDA:1191,135,0,2
BRDA:1191,135,1,6
BRDA:1194,136,0,5
BRDA:1194,136,1,1
BRDA:1195,137,0,1
BRDA:1195,137,1,0
BRDA:1195,137,2,0
BRDA:1195,137,3,1
BRDA:1195,137,4,3
BRDA:1205,138,0,3
BRDA:1205,138,1,0
BRDA:1205,139,0,3
BRDA:1205,139,1,3
BRDA:1215,140,0,1
BRDA:1215,140,1,20
BRDA:1215,141,0,21
BRDA:1215,141,1,21
BRDA:1215,142,0,1
BRDA:1215,142,1,20
BRDA:1215,143,0,21
BRDA:1215,143,1,21
BRDA:1216,144,0,15
BRDA:1216,144,1,6
BRDA:1216,145,0,21
BRDA:1216,145,1,21
BRDA:1216,146,0,1
BRDA:1216,146,1,20
BRDA:1216,147,0,21
BRDA:1216,147,1,21
BRDA:1219,148,0,0
BRDA:1219,148,1,17
BRDA:1219,149,0,17
BRDA:1219,149,1,17
BRDA:1220,150,0,11
BRDA:1220,150,1,6
BRDA:1220,151,0,17
BRDA:1220,151,1,13
BRDA:1220,152,0,4
BRDA:1220,152,1,13
BRDA:1220,153,0,17
BRDA:1220,153,1,17
BRDA:1222,154,0,2
BRDA:1222,154,1,9
BRDA:1231,155,0,4
BRDA:1231,155,1,1
BRDA:1231,155,2,4
BRDA:1231,155,3,1
BRDA:1268,156,0,0
BRDA:1268,156,1,21
BRDA:1278,157,0,19
BRDA:1278,157,1,0
BRDA:1278,158,0,19
BRDA:1278,158,1,19
BRDA:1282,159,0,2
BRDA:1282,159,1,0
BRDA:1291,160,0,3
BRDA:1291,160,1,16
BRDA:1292,161,0,19
BRDA:1292,161,1,18
BRDA:1292,161,2,18
BRDA:1301,162,0,5
BRDA:1301,162,1,11
BRDA:1302,163,0,16
BRDA:1302,163,1,9
BRDA:1307,164,0,4
BRDA:1307,164,1,1
BRDA:1307,165,0,5
BRDA:1307,165,1,5
BRDA:1312,166,0,1
BRDA:1312,166,1,10
BRDA:1316,167,0,2
BRDA:1316,167,1,8
BRDA:1316,168,0,10
BRDA:1316,168,1,3
BRDA:1318,169,0,10
BRDA:1318,169,1,0
BRDA:1337,170,0,1
BRDA:1337,170,1,0
BRDA:1346,171,0,8
BRDA:1346,171,1,0
BRDA:1346,172,0,0
BRDA:1346,172,1,8
BRDA:1346,173,0,8
BRDA:1346,173,1,8
BRDA:1347,174,0,1
BRDA:1347,174,1,7
BRDA:1350,175,0,1
BRDA:1350,175,1,7
BRDA:1350,176,0,0
BRDA:1350,176,1,8
BRDA:1350,177,0,8
BRDA:1350,177,1,8
BRDA:1355,178,0,1
BRDA:1355,178,1,7
BRDA:1355,179,0,8
BRDA:1355,179,1,8
BRDA:1355,180,0,0
BRDA:1355,180,1,8
BRDA:1355,181,0,8
BRDA:1355,181,1,8
BRDA:1356,182,0,1
BRDA:1356,182,1,0
BRDA:1357,183,0,1
BRDA:1357,183,1,0
BRDA:1358,184,0,1
BRDA:1358,184,1,0
BRDA:1367,185,0,0
BRDA:1367,185,1,8
BRDA:1367,186,0,8
BRDA:1367,186,1,8
BRDA:1367,187,0,0
BRDA:1367,187,1,8
BRDA:1367,188,0,8
BRDA:1367,188,1,8
BRDA:1368,189,0,3
BRDA:1368,189,1,5
BRDA:1368,190,0,8
BRDA:1368,190,1,8
BRDA:1368,191,0,0
BRDA:1368,191,1,8
BRDA:1368,192,0,8
BRDA:1368,192,1,8
BRDA:1372,193,0,0
BRDA:1372,193,1,3
BRDA:1372,194,0,3
BRDA:1372,194,1,3
BRDA:1373,195,0,2
BRDA:1373,195,1,1
BRDA:1373,196,0,1
BRDA:1373,196,1,2
BRDA:1373,197,0,3
BRDA:1373,197,1,3
BRDA:1376,198,0,1
BRDA:1376,198,1,1
BRDA:1377,199,0,0
BRDA:1377,199,1,1
BRDA:1383,200,0,0
BRDA:1383,200,1,3
BRDA:1383,201,0,3
BRDA:1383,201,1,3
BRDA:1385,202,0,1
BRDA:1385,202,1,2
BRDA:1385,203,0,3
BRDA:1385,203,1,1
BRDA:1386,204,0,1
BRDA:1386,204,1,0
BRDA:1386,205,0,1
BRDA:1386,205,1,1
BRDA:1387,206,0,0
BRDA:1387,206,1,1
BRDA:1393,207,0,2
BRDA:1393,207,1,6
BRDA:1399,208,0,3
BRDA:1399,208,1,5
BRDA:1403,209,0,0
BRDA:1403,209,1,8
BRDA:1419,210,0,6
BRDA:1419,210,1,0
BRDA:1419,211,0,6
BRDA:1419,211,1,6
BRDA:1423,212,0,2
BRDA:1423,212,1,0
BRDA:1430,213,0,3
BRDA:1430,213,1,3
BRDA:1435,214,0,0
BRDA:1435,214,1,0
BRDA:1435,215,0,0
BRDA:1435,215,1,0
BRDA:1435,216,0,0
BRDA:1435,216,1,0
BRDA:1435,217,0,0
BRDA:1435,217,1,0
BRDA:1436,218,0,0
BRDA:1436,218,1,0
BRDA:1442,219,0,2
BRDA:1442,219,1,1
BRDA:1442,220,0,3
BRDA:1442,220,1,2
BRDA:1443,221,0,3
BRDA:1443,221,1,0
BRDA:1443,222,0,3
BRDA:1443,222,1,3
BRDA:1443,223,0,3
BRDA:1443,223,1,0
BRDA:1443,224,0,3
BRDA:1443,224,1,3
BRDA:1445,225,0,0
BRDA:1445,225,1,3
BRDA:1485,226,0,0
BRDA:1485,226,1,0
BRDA:1500,227,0,8
BRDA:1500,227,1,2
BRDA:1526,228,0,4
BRDA:1526,228,1,4
BRDA:1504,229,0,0
BRDA:1504,229,1,15
BRDA:1514,230,0,6
BRDA:1514,230,1,0
BRDA:1522,231,0,2
BRDA:1522,231,1,0
BRDA:1529,232,0,3
BRDA:1529,232,1,6
BRDA:1538,233,0,4
BRDA:1538,233,1,2
BRDA:1541,234,0,0
BRDA:1541,234,1,2
BRDA:1555,235,0,1
BRDA:1555,235,1,3
BRDA:1580,236,0,5
BRDA:1580,236,1,0
BRDA:1585,237,0,0
BRDA:1585,237,1,0
BRDA:1585,238,0,0
BRDA:1585,238,1,0
BRDA:1596,239,0,24
BRDA:1596,239,1,24
BRDA:1611,240,0,3
BRDA:1611,240,1,13
BRDA:1611,241,0,16
BRDA:1611,241,1,14
BRDA:1611,242,0,1
BRDA:1611,242,1,15
BRDA:1611,243,0,16
BRDA:1611,243,1,16
BRDA:1618,244,0,3
BRDA:1622,245,0,1
BRDA:1622,245,1,0
BRDA:1622,246,0,0
BRDA:1622,246,1,1
BRDA:1622,247,0,1
BRDA:1622,247,1,1
BRDA:1625,248,0,0
BRDA:1625,248,1,0
BRDA:1625,249,0,0
BRDA:1625,249,1,0
BRDA:1654,250,0,21
BRDA:1658,251,0,0
BRDA:1658,251,1,0
BRDA:1664,252,0,0
BRDA:1664,253,0,0
BRDA:1664,253,1,0
BRDA:1664,254,0,0
BRDA:1664,254,1,0
BRDA:1672,255,0,0
BRDA:1697,256,0,0
BRDA:1697,256,1,0
BRDA:1697,257,0,0
BRDA:1697,257,1,0
BRDA:1719,258,0,0
BRDA:1723,259,0,213
BRDA:1723,259,1,63
BRDA:1728,260,0,63
BRDA:1728,260,1,0
BRDA:1728,261,0,0
BRDA:1728,261,1,63
BRDA:1728,262,0,63
BRDA:1728,262,1,63
BRDA:1738,263,0,0
BRDA:1738,263,1,0
BRDA:1754,264,0,3
BRDA:1754,264,1,10
BRDA:1754,265,0,13
BRDA:1754,265,1,10
BRDA:1760,266,0,7
BRDA:1764,267,0,2
BRDA:1764,267,1,5
BRDA:1764,268,0,7
BRDA:1764,268,1,7
BRDA:1767,269,0,5
BRDA:1767,269,1,0
BRDA:1770,270,0,0
BRDA:1770,270,1,5
BRDA:1780,271,0,21
BRDA:1780,271,1,0
BRDA:1780,272,0,11
BRDA:1780,272,1,10
BRDA:1780,273,0,21
BRDA:1780,273,1,21
BRDA:1785,274,0,0
BRDA:1785,274,1,0
BRDA:1791,275,0,0
BRDA:1791,275,1,0
BRDA:1794,276,0,0
BRDA:1794,276,1,0
BRDA:1800,277,0,0
BRDA:1800,277,1,0
BRDA:1800,278,0,0
BRDA:1800,278,1,0
BRDA:1800,278,2,0
BRDA:1806,279,0,0
BRDA:1806,279,1,0
BRDA:1819,280,0,0
BRDA:1819,280,1,0
BRDA:1826,281,0,0
BRDA:1826,281,1,0
BRDA:1833,282,0,21
BRDA:1837,283,0,0
BRDA:1837,283,1,0
BRDA:1837,284,0,0
BRDA:1837,284,1,0
BRF:565
BRH:298
end_of_record
TN:
SF:src/k8s/utils/index.ts
FN:35,prepareJobScript
FN:40,(anonymous_23)
FN:59,writeRunScript
FN:94,writeContainerStepScript
FN:129,scriptEnv
FN:161,generateContainerName
FN:180,mergeContainerWithOptions
FN:208,mergePodSpecWithOptions
FN:216,(anonymous_30)
FN:228,mergeObjectMeta
FN:258,readExtensionFromFile
FN:270,useKubeScheduler
FN:274,(anonymous_34)
FN:283,mergeLists
FN:292,fixArgs
FN:301,sleep
FN:302,(anonymous_40)
FN:305,listDirAllCommand
FN:315,formatError
FNF:19
FNH:9
FNDA:0,prepareJobScript
FNDA:0,(anonymous_23)
FNDA:0,writeRunScript
FNDA:0,writeContainerStepScript
FNDA:0,scriptEnv
FNDA:12,generateContainerName
FNDA:2,mergeContainerWithOptions
FNDA:1,mergePodSpecWithOptions
FNDA:1,(anonymous_30)
FNDA:0,mergeObjectMeta
FNDA:23,readExtensionFromFile
FNDA:0,useKubeScheduler
FNDA:14,(anonymous_34)
FNDA:3,mergeLists
FNDA:17,fixArgs
FNDA:0,sleep
FNDA:0,(anonymous_40)
FNDA:0,listDirAllCommand
FNDA:63,formatError
DA:2,14
DA:3,14
DA:4,14
DA:5,14
DA:6,14
DA:7,14
DA:10,14
DA:11,14
DA:13,14
DA:14,14
DA:16,14
DA:17,14
DA:18,14
DA:20,14
DA:35,14
DA:39,0
DA:40,0
DA:43,0
DA:50,0
DA:51,0
DA:52,0
DA:53,0
DA:59,14
DA:66,0
DA:67,0
DA:70,0
DA:71,0
DA:74,0
DA:76,0
DA:85,0
DA:86,0
DA:87,0
DA:88,0
DA:94,14
DA:101,0
DA:103,0
DA:104,0
DA:105,0
DA:108,0
DA:119,0
DA:120,0
DA:121,0
DA:122,0
DA:123,0
DA:130,0
DA:131,0
DA:133,0
DA:134,0
DA:135,0
DA:141,0
DA:145,0
DA:154,0
DA:155,0
DA:158,0
DA:161,14
DA:162,12
DA:163,12
DA:165,12
DA:166,2
DA:169,10
DA:180,14
DA:184,6
DA:185,6
DA:186,2
DA:187,1
DA:189,2
DA:190,4
DA:191,1
DA:192,1
DA:193,3
DA:194,1
DA:195,1
DA:196,2
DA:197,0
DA:198,0
DA:199,2
DA:200,1
DA:201,1
DA:203,1
DA:208,14
DA:212,4
DA:213,4
DA:214,1
DA:216,1
DA:219,3
DA:220,1
DA:221,1
DA:223,2
DA:228,14
DA:232,0
DA:233,0
DA:237,0
DA:238,0
DA:239,0
DA:240,0
DA:242,0
DA:246,0
DA:247,0
DA:248,0
DA:249,0
DA:253,0
DA:258,14
DA:259,23
DA:260,23
DA:261,23
DA:263,0
DA:264,0
DA:265,0
DA:267,0
DA:270,14
DA:271,0
DA:274,14
DA:275,14
DA:276,14
DA:277,14
DA:278,14
DA:279,14
DA:280,14
DA:284,3
DA:285,3
DA:286,0
DA:288,3
DA:289,3
DA:292,14
DA:295,17
DA:296,3
DA:298,14
DA:301,14
DA:302,0
DA:305,14
DA:306,0
DA:315,14
DA:316,63
DA:317,2
DA:323,61
DA:325,61
DA:326,3
DA:327,3
DA:328,3
DA:329,3
DA:335,58
DA:336,47
DA:339,11
DA:344,6
DA:345,6
DA:346,3
DA:348,3
DA:349,3
DA:351,2
DA:357,5
LF:150
LH:91
BRDA:67,0,0,0
BRDA:67,0,1,0
BRDA:67,1,0,0
BRDA:67,1,1,0
BRDA:67,2,0,0
BRDA:67,2,1,0
BRDA:70,3,0,0
BRDA:70,3,1,0
BRDA:82,4,0,0
BRDA:82,4,1,0
BRDA:82,5,0,0
BRDA:82,5,1,0
BRDA:82,6,0,0
BRDA:82,6,1,0
BRDA:104,7,0,0
BRDA:104,7,1,0
BRDA:116,8,0,0
BRDA:116,8,1,0
BRDA:116,9,0,0
BRDA:116,9,1,0
BRDA:116,10,0,0
BRDA:116,10,1,0
BRDA:130,11,0,0
BRDA:130,11,1,0
BRDA:130,12,0,0
BRDA:130,12,1,0
BRDA:135,13,0,0
BRDA:135,13,1,0
BRDA:136,14,0,0
BRDA:136,14,1,0
BRDA:136,14,2,0
BRDA:136,14,3,0
BRDA:154,15,0,0
BRDA:154,15,1,0
BRDA:154,16,0,0
BRDA:154,16,1,0
BRDA:154,17,0,0
BRDA:154,17,1,0
BRDA:163,18,0,0
BRDA:163,18,1,12
BRDA:163,19,0,12
BRDA:163,19,1,12
BRDA:165,20,0,2
BRDA:165,20,1,10
BRDA:185,21,0,2
BRDA:185,21,1,4
BRDA:186,22,0,1
BRDA:186,22,1,1
BRDA:190,23,0,1
BRDA:190,23,1,3
BRDA:193,24,0,1
BRDA:193,24,1,2
BRDA:196,25,0,0
BRDA:196,25,1,2
BRDA:196,26,0,2
BRDA:196,26,1,0
BRDA:199,27,0,1
BRDA:199,27,1,1
BRDA:199,28,0,2
BRDA:199,28,1,1
BRDA:213,29,0,1
BRDA:213,29,1,3
BRDA:216,30,0,0
BRDA:216,30,1,1
BRDA:216,31,0,1
BRDA:216,31,1,1
BRDA:219,32,0,1
BRDA:219,32,1,2
BRDA:219,33,0,3
BRDA:219,33,1,1
BRDA:232,34,0,0
BRDA:232,34,1,0
BRDA:232,35,0,0
BRDA:232,35,1,0
BRDA:232,36,0,0
BRDA:232,36,1,0
BRDA:232,37,0,0
BRDA:232,37,1,0
BRDA:232,38,0,0
BRDA:232,38,1,0
BRDA:232,39,0,0
BRDA:232,39,1,0
BRDA:237,40,0,0
BRDA:237,40,1,0
BRDA:237,41,0,0
BRDA:237,41,1,0
BRDA:237,42,0,0
BRDA:237,42,1,0
BRDA:239,43,0,0
BRDA:239,43,1,0
BRDA:239,44,0,0
BRDA:239,44,1,0
BRDA:239,45,0,0
BRDA:239,45,1,0
BRDA:239,46,0,0
BRDA:239,46,1,0
BRDA:239,47,0,0
BRDA:239,47,1,0
BRDA:246,48,0,0
BRDA:246,48,1,0
BRDA:246,49,0,0
BRDA:246,49,1,0
BRDA:246,50,0,0
BRDA:246,50,1,0
BRDA:248,51,0,0
BRDA:248,51,1,0
BRDA:248,52,0,0
BRDA:248,52,1,0
BRDA:248,53,0,0
BRDA:248,53,1,0
BRDA:248,54,0,0
BRDA:248,54,1,0
BRDA:248,55,0,0
BRDA:248,55,1,0
BRDA:260,56,0,23
BRDA:260,56,1,0
BRDA:264,57,0,0
BRDA:264,57,1,0
BRDA:264,58,0,0
BRDA:264,58,1,0
BRDA:274,59,0,14
BRDA:274,59,1,14
BRDA:284,60,0,3
BRDA:284,60,1,1
BRDA:285,61,0,0
BRDA:285,61,1,3
BRDA:285,62,0,0
BRDA:285,62,1,3
BRDA:285,63,0,3
BRDA:285,63,1,3
BRDA:295,64,0,3
BRDA:295,64,1,14
BRDA:295,65,0,17
BRDA:295,65,1,14
BRDA:295,65,2,3
BRDA:316,66,0,2
BRDA:316,66,1,61
BRDA:316,67,0,63
BRDA:316,67,1,62
BRDA:323,68,0,2
BRDA:323,68,1,59
BRDA:323,69,0,61
BRDA:323,69,1,61
BRDA:323,70,0,57
BRDA:323,70,1,4
BRDA:323,71,0,61
BRDA:323,71,1,61
BRDA:323,72,0,0
BRDA:323,72,1,61
BRDA:323,73,0,61
BRDA:323,73,1,61
BRDA:324,74,0,0
BRDA:324,74,1,59
BRDA:324,75,0,59
BRDA:324,75,1,59
BRDA:325,76,0,3
BRDA:325,76,1,58
BRDA:325,77,0,61
BRDA:325,77,1,3
BRDA:328,78,0,3
BRDA:328,78,1,0
BRDA:329,79,0,1
BRDA:329,79,1,2
BRDA:329,80,0,3
BRDA:329,80,1,1
BRDA:335,81,0,47
BRDA:335,81,1,11
BRDA:339,82,0,6
BRDA:339,82,1,5
BRDA:345,83,0,3
BRDA:345,83,1,3
BRF:171
BRH:75
end_of_record
TN:
SF:src/k8s/utils/npu-metrics.ts
FN:71,npuMetricsEnabled
FN:79,getNpuSampleIntervalSeconds
FN:96,getIdleThresholdPercent
FN:113,containerHasNpuRequest
FN:125,hasNpuRequest
FN:126,(anonymous_30)
FN:129,listNpuCardsCommand
FN:133,buildNpuSamplerScript
FN:187,buildNpuAggregateScript
FN:198,commandHasMarker
FN:202,appendExecCommand
FN:219,(anonymous_36)
FN:224,injectNpuMetrics
FN:269,maybeInjectNpuMetrics
FN:279,parseNpuAggregate
FN:324,isIdleRecord
FN:331,(anonymous_41)
FN:334,escapePromLabelValue
FN:338,formatPromLabels
FN:340,(anonymous_44)
FN:341,(anonymous_45)
FN:359,buildNpuJobMetricsBody
FN:385,(anonymous_48)
FN:401,buildNpuPushFailedBody
FN:408,buildPushgatewayPath
FN:418,withTimeout
FN:422,(anonymous_54)
FN:423,(anonymous_55)
FN:425,(anonymous_56)
FN:429,(anonymous_57)
FN:448,nodeRequest
FN:462,(anonymous_61)
FN:471,(anonymous_62)
FN:473,(anonymous_63)
FN:478,(anonymous_64)
FN:484,pushToPushgateway
FN:497,(anonymous_68)
FN:518,decodePushSecret
FN:522,(anonymous_70)
FN:545,readNpuPushConfig
FN:557,parseScaleSetSuffix
FN:565,extractClusterFromRunnerPod
FN:589,resolveNpuLabelsFromPod
FN:616,(anonymous_77)
FN:630,repoFromEnv
FN:637,(anonymous_79)
FN:644,collectNpuAggregateFromPod
FN:652,(anonymous_83)
FN:670,collectAndPushNpuMetrics
FN:682,(anonymous_87)
FN:716,collectAndPushForPod
FNF:51
FNH:7
FNDA:64,npuMetricsEnabled
FNDA:0,getNpuSampleIntervalSeconds
FNDA:0,getIdleThresholdPercent
FNDA:22,containerHasNpuRequest
FNDA:0,hasNpuRequest
FNDA:0,(anonymous_30)
FNDA:0,listNpuCardsCommand
FNDA:0,buildNpuSamplerScript
FNDA:0,buildNpuAggregateScript
FNDA:0,commandHasMarker
FNDA:0,appendExecCommand
FNDA:0,(anonymous_36)
FNDA:0,injectNpuMetrics
FNDA:22,maybeInjectNpuMetrics
FNDA:0,parseNpuAggregate
FNDA:0,isIdleRecord
FNDA:0,(anonymous_41)
FNDA:0,escapePromLabelValue
FNDA:0,formatPromLabels
FNDA:0,(anonymous_44)
FNDA:0,(anonymous_45)
FNDA:0,buildNpuJobMetricsBody
FNDA:0,(anonymous_48)
FNDA:0,buildNpuPushFailedBody
FNDA:0,buildPushgatewayPath
FNDA:21,withTimeout
FNDA:21,(anonymous_54)
FNDA:0,(anonymous_55)
FNDA:21,(anonymous_56)
FNDA:0,(anonymous_57)
FNDA:0,nodeRequest
FNDA:0,(anonymous_61)
FNDA:0,(anonymous_62)
FNDA:0,(anonymous_63)
FNDA:0,(anonymous_64)
FNDA:0,pushToPushgateway
FNDA:0,(anonymous_68)
FNDA:0,decodePushSecret
FNDA:0,(anonymous_70)
FNDA:0,readNpuPushConfig
FNDA:0,parseScaleSetSuffix
FNDA:0,extractClusterFromRunnerPod
FNDA:0,resolveNpuLabelsFromPod
FNDA:0,(anonymous_77)
FNDA:0,repoFromEnv
FNDA:0,(anonymous_79)
FNDA:0,collectNpuAggregateFromPod
FNDA:0,(anonymous_83)
FNDA:21,collectAndPushNpuMetrics
FNDA:0,(anonymous_87)
FNDA:0,collectAndPushForPod
DA:1,9
DA:3,9
DA:4,9
DA:5,9
DA:6,9
DA:7,9
DA:8,9
DA:16,9
DA:17,9
DA:18,9
DA:19,9
DA:21,9
DA:22,9
DA:23,9
DA:25,9
DA:26,9
DA:27,9
DA:28,9
DA:30,9
DA:31,9
DA:32,9
DA:34,9
DA:35,9
DA:71,9
DA:72,128
DA:74,64
DA:79,9
DA:80,0
DA:82,0
DA:83,0
DA:84,0
DA:86,0
DA:87,0
DA:88,0
DA:91,0
DA:93,0
DA:96,9
DA:97,0
DA:99,0
DA:100,0
DA:101,0
DA:103,0
DA:104,0
DA:105,0
DA:108,0
DA:110,0
DA:113,9
DA:114,22
DA:115,44
DA:116,44
DA:117,0
DA:118,0
DA:122,22
DA:125,9
DA:126,0
DA:130,0
DA:133,9
DA:134,0
DA:136,0
DA:158,9
DA:187,9
DA:188,0
DA:199,0
DA:206,0
DA:212,0
DA:218,0
DA:219,0
DA:221,0
DA:224,9
DA:226,0
DA:228,0
DA:229,0
DA:233,0
DA:236,0
DA:240,0
DA:243,0
DA:246,0
DA:247,0
DA:249,0
DA:257,0
DA:265,0
DA:266,0
DA:269,9
DA:270,22
DA:271,0
DA:273,22
DA:274,22
DA:276,0
DA:279,9
DA:282,0
DA:283,0
DA:285,0
DA:286,0
DA:287,0
DA:289,0
DA:290,0
DA:291,0
DA:292,0
DA:294,0
DA:295,0
DA:296,0
DA:297,0
DA:299,0
DA:301,0
DA:302,0
DA:304,0
DA:305,0
DA:306,0
DA:307,0
DA:309,0
DA:319,0
DA:321,0
DA:324,9
DA:326,0
DA:328,0
DA:329,0
DA:331,0
DA:334,9
DA:335,0
DA:338,9
DA:339,0
DA:340,0
DA:341,0
DA:345,9
DA:359,9
DA:362,0
DA:364,0
DA:375,0
DA:376,0
DA:377,0
DA:378,0
DA:379,0
DA:380,0
DA:381,0
DA:382,0
DA:383,0
DA:385,0
DA:388,0
DA:389,0
DA:390,0
DA:391,0
DA:392,0
DA:394,0
DA:395,0
DA:398,0
DA:401,9
DA:402,0
DA:408,9
DA:413,0
DA:418,9
DA:422,21
DA:423,21
DA:424,21
DA:426,21
DA:427,21
DA:430,0
DA:431,0
DA:448,9
DA:451,0
DA:452,0
DA:453,0
DA:456,0
DA:457,0
DA:460,0
DA:462,0
DA:463,0
DA:472,0
DA:473,0
DA:474,0
DA:478,0
DA:479,0
DA:480,0
DA:484,9
DA:490,0
DA:491,0
DA:492,0
DA:493,0
DA:495,0
DA:496,0
DA:497,0
DA:500,0
DA:507,0
DA:508,0
DA:510,0
DA:512,0
DA:515,0
DA:518,9
DA:521,0
DA:522,0
DA:523,0
DA:524,0
DA:525,0
DA:527,0
DA:528,0
DA:529,0
DA:531,0
DA:534,0
DA:535,0
DA:536,0
DA:538,0
DA:545,9
DA:547,0
DA:548,0
DA:550,0
DA:553,0
DA:558,0
DA:559,0
DA:561,0
DA:562,0
DA:565,9
DA:566,0
DA:567,0
DA:568,0
DA:572,0
DA:573,0
DA:574,0
DA:575,0
DA:576,0
DA:580,0
DA:581,0
DA:582,0
DA:583,0
DA:586,0
DA:589,9
DA:598,0
DA:599,0
DA:600,0
DA:601,0
DA:602,0
DA:606,0
DA:607,0
DA:608,0
DA:609,0
DA:610,0
DA:615,0
DA:616,0
DA:618,0
DA:619,0
DA:622,0
DA:630,9
DA:631,0
DA:633,0
DA:634,0
DA:636,0
DA:637,0
DA:638,0
DA:639,0
DA:641,0
DA:644,9
DA:647,0
DA:648,0
DA:649,0
DA:651,0
DA:652,0
DA:654,0
DA:655,0
DA:656,0
DA:658,0
DA:659,0
DA:661,0
DA:667,0
DA:670,9
DA:671,21
DA:672,0
DA:674,21
DA:676,21
DA:678,21
DA:679,21
DA:681,0
DA:682,0
DA:684,0
DA:685,0
DA:688,0
DA:690,0
DA:691,0
DA:693,0
DA:696,0
DA:697,0
DA:698,0
DA:701,0
DA:704,0
DA:705,0
DA:707,0
DA:709,0
DA:722,0
DA:723,0
DA:724,0
DA:725,0
DA:728,0
DA:729,0
DA:741,0
DA:746,0
DA:748,0
DA:749,0
DA:751,0
DA:753,0
LF:296
LH:70
BRDA:72,0,0,64
BRDA:72,0,1,0
BRDA:75,1,0,0
BRDA:75,1,1,64
BRDA:75,2,0,64
BRDA:75,2,1,64
BRDA:80,3,0,0
BRDA:80,3,1,0
BRDA:83,4,0,0
BRDA:83,4,1,0
BRDA:87,5,0,0
BRDA:87,5,1,0
BRDA:87,6,0,0
BRDA:87,6,1,0
BRDA:97,7,0,0
BRDA:97,7,1,0
BRDA:100,8,0,0
BRDA:100,8,1,0
BRDA:104,9,0,0
BRDA:104,9,1,0
BRDA:104,10,0,0
BRDA:104,10,1,0
BRDA:114,11,0,22
BRDA:114,11,1,0
BRDA:114,12,0,22
BRDA:114,12,1,22
BRDA:114,13,0,22
BRDA:114,13,1,0
BRDA:114,14,0,22
BRDA:114,14,1,22
BRDA:116,15,0,0
BRDA:116,15,1,44
BRDA:116,16,0,44
BRDA:116,16,1,44
BRDA:117,17,0,0
BRDA:117,17,1,0
BRDA:126,18,0,0
BRDA:126,18,1,0
BRDA:126,19,0,0
BRDA:126,19,1,0
BRDA:126,20,0,0
BRDA:126,20,1,0
BRDA:126,21,0,0
BRDA:126,21,1,0
BRDA:134,22,0,0
BRDA:134,22,1,0
BRDA:199,23,0,0
BRDA:199,23,1,0
BRDA:199,24,0,0
BRDA:199,24,1,0
BRDA:206,25,0,0
BRDA:206,25,1,0
BRDA:207,26,0,0
BRDA:207,26,1,0
BRDA:207,26,2,0
BRDA:207,26,3,0
BRDA:218,27,0,0
BRDA:218,27,1,0
BRDA:218,28,0,0
BRDA:218,28,1,0
BRDA:226,29,0,0
BRDA:226,29,1,0
BRDA:228,30,0,0
BRDA:228,30,1,0
BRDA:228,31,0,0
BRDA:228,31,1,0
BRDA:229,32,0,0
BRDA:229,32,1,0
BRDA:230,33,0,0
BRDA:230,33,1,0
BRDA:230,34,0,0
BRDA:230,34,1,0
BRDA:230,35,0,0
BRDA:230,35,1,0
BRDA:230,36,0,0
BRDA:230,36,1,0
BRDA:230,37,0,0
BRDA:230,37,1,0
BRDA:231,38,0,0
BRDA:231,38,1,0
BRDA:231,39,0,0
BRDA:231,39,1,0
BRDA:231,40,0,0
BRDA:231,40,1,0
BRDA:231,41,0,0
BRDA:231,41,1,0
BRDA:236,42,0,0
BRDA:236,42,1,0
BRDA:237,43,0,0
BRDA:237,43,1,0
BRDA:237,43,2,0
BRDA:237,43,3,0
BRDA:251,44,0,0
BRDA:251,44,1,0
BRDA:251,45,0,0
BRDA:251,45,1,0
BRDA:251,46,0,0
BRDA:251,46,1,0
BRDA:251,47,0,0
BRDA:251,47,1,0
BRDA:259,48,0,0
BRDA:259,48,1,0
BRDA:259,49,0,0
BRDA:259,49,1,0
BRDA:259,50,0,0
BRDA:259,50,1,0
BRDA:259,51,0,0
BRDA:259,51,1,0
BRDA:270,52,0,0
BRDA:270,52,1,22
BRDA:273,53,0,22
BRDA:273,53,1,0
BRDA:282,54,0,0
BRDA:282,54,1,0
BRDA:286,55,0,0
BRDA:286,55,1,0
BRDA:291,56,0,0
BRDA:291,56,1,0
BRDA:301,57,0,0
BRDA:301,57,1,0
BRDA:301,58,0,0
BRDA:301,58,1,0
BRDA:301,59,0,0
BRDA:301,59,1,0
BRDA:301,60,0,0
BRDA:301,60,1,0
BRDA:306,61,0,0
BRDA:306,61,1,0
BRDA:306,62,0,0
BRDA:306,62,1,0
BRDA:306,62,2,0
BRDA:311,63,0,0
BRDA:311,63,1,0
BRDA:312,64,0,0
BRDA:312,64,1,0
BRDA:313,65,0,0
BRDA:313,65,1,0
BRDA:314,66,0,0
BRDA:314,66,1,0
BRDA:315,67,0,0
BRDA:315,67,1,0
BRDA:316,68,0,0
BRDA:316,68,1,0
BRDA:319,69,0,0
BRDA:319,69,1,0
BRDA:326,70,0,0
BRDA:326,70,1,0
BRDA:328,71,0,0
BRDA:328,71,1,0
BRDA:331,72,0,0
BRDA:331,72,1,0
BRDA:362,73,0,0
BRDA:362,73,1,0
BRDA:375,74,0,0
BRDA:375,74,1,0
BRDA:422,75,0,21
BRDA:422,75,1,21
BRDA:462,76,0,0
BRDA:452,77,0,0
BRDA:452,77,1,0
BRDA:456,78,0,0
BRDA:456,78,1,0
BRDA:456,79,0,0
BRDA:456,79,1,0
BRDA:458,80,0,0
BRDA:458,80,1,0
BRDA:458,81,0,0
BRDA:458,81,1,0
BRDA:458,82,0,0
BRDA:458,82,1,0
BRDA:458,83,0,0
BRDA:458,83,1,0
BRDA:468,84,0,0
BRDA:468,84,1,0
BRDA:468,85,0,0
BRDA:468,85,1,0
BRDA:474,86,0,0
BRDA:474,86,1,0
BRDA:474,87,0,0
BRDA:474,87,1,0
BRDA:515,88,0,0
BRDA:490,89,0,0
BRDA:490,89,1,0
BRDA:490,90,0,0
BRDA:490,90,1,0
BRDA:490,91,0,0
BRDA:490,91,1,0
BRDA:490,92,0,0
BRDA:490,92,1,0
BRDA:491,93,0,0
BRDA:491,93,1,0
BRDA:491,94,0,0
BRDA:491,94,1,0
BRDA:491,95,0,0
BRDA:491,95,1,0
BRDA:491,96,0,0
BRDA:491,96,1,0
BRDA:492,97,0,0
BRDA:492,97,1,0
BRDA:492,98,0,0
BRDA:492,98,1,0
BRDA:492,99,0,0
BRDA:492,99,1,0
BRDA:492,100,0,0
BRDA:492,100,1,0
BRDA:495,101,0,0
BRDA:495,101,1,0
BRDA:496,102,0,0
BRDA:496,102,1,0
BRDA:507,103,0,0
BRDA:507,103,1,0
BRDA:507,104,0,0
BRDA:507,104,1,0
BRDA:515,105,0,0
BRDA:515,105,1,0
BRDA:521,106,0,0
BRDA:521,106,1,0
BRDA:521,107,0,0
BRDA:521,107,1,0
BRDA:521,108,0,0
BRDA:521,108,1,0
BRDA:521,109,0,0
BRDA:521,109,1,0
BRDA:524,110,0,0
BRDA:524,110,1,0
BRDA:529,111,0,0
BRDA:529,111,1,0
BRDA:535,112,0,0
BRDA:535,112,1,0
BRDA:558,113,0,0
BRDA:558,113,1,0
BRDA:562,114,0,0
BRDA:562,114,1,0
BRDA:566,115,0,0
BRDA:566,115,1,0
BRDA:566,116,0,0
BRDA:566,116,1,0
BRDA:566,117,0,0
BRDA:566,117,1,0
BRDA:566,118,0,0
BRDA:566,118,1,0
BRDA:567,119,0,0
BRDA:567,119,1,0
BRDA:567,120,0,0
BRDA:567,120,1,0
BRDA:567,121,0,0
BRDA:567,121,1,0
BRDA:567,122,0,0
BRDA:567,122,1,0
BRDA:573,123,0,0
BRDA:573,123,1,0
BRDA:575,124,0,0
BRDA:575,124,1,0
BRDA:582,125,0,0
BRDA:582,125,1,0
BRDA:586,126,0,0
BRDA:586,126,1,0
BRDA:586,127,0,0
BRDA:586,127,1,0
BRDA:586,128,0,0
BRDA:586,128,1,0
BRDA:586,129,0,0
BRDA:586,129,1,0
BRDA:598,130,0,0
BRDA:598,130,1,0
BRDA:601,131,0,0
BRDA:601,131,1,0
BRDA:601,132,0,0
BRDA:601,132,1,0
BRDA:601,133,0,0
BRDA:601,133,1,0
BRDA:601,134,0,0
BRDA:601,134,1,0
BRDA:603,135,0,0
BRDA:603,135,1,0
BRDA:603,136,0,0
BRDA:603,136,1,0
BRDA:604,137,0,0
BRDA:604,137,1,0
BRDA:604,138,0,0
BRDA:604,138,1,0
BRDA:606,139,0,0
BRDA:606,139,1,0
BRDA:606,140,0,0
BRDA:606,140,1,0
BRDA:608,141,0,0
BRDA:608,141,1,0
BRDA:610,142,0,0
BRDA:610,142,1,0
BRDA:615,143,0,0
BRDA:615,143,1,0
BRDA:615,144,0,0
BRDA:615,144,1,0
BRDA:615,145,0,0
BRDA:615,145,1,0
BRDA:615,146,0,0
BRDA:615,146,1,0
BRDA:618,147,0,0
BRDA:618,147,1,0
BRDA:618,148,0,0
BRDA:618,148,1,0
BRDA:618,149,0,0
BRDA:618,149,1,0
BRDA:618,150,0,0
BRDA:618,150,1,0
BRDA:619,151,0,0
BRDA:619,151,1,0
BRDA:621,152,0,0
BRDA:621,152,1,0
BRDA:621,153,0,0
BRDA:621,153,1,0
BRDA:621,154,0,0
BRDA:621,154,1,0
BRDA:621,155,0,0
BRDA:621,155,1,0
BRDA:624,156,0,0
BRDA:624,156,1,0
BRDA:625,157,0,0
BRDA:625,157,1,0
BRDA:631,158,0,0
BRDA:631,158,1,0
BRDA:633,159,0,0
BRDA:633,159,1,0
BRDA:636,160,0,0
BRDA:636,160,1,0
BRDA:636,161,0,0
BRDA:636,161,1,0
BRDA:638,162,0,0
BRDA:638,162,1,0
BRDA:647,163,0,0
BRDA:647,163,1,0
BRDA:647,164,0,0
BRDA:647,164,1,0
BRDA:648,165,0,0
BRDA:648,165,1,0
BRDA:651,166,0,0
BRDA:651,166,1,0
BRDA:651,167,0,0
BRDA:651,167,1,0
BRDA:651,168,0,0
BRDA:651,168,1,0
BRDA:651,169,0,0
BRDA:651,169,1,0
BRDA:654,170,0,0
BRDA:654,170,1,0
BRDA:654,171,0,0
BRDA:654,171,1,0
BRDA:654,172,0,0
BRDA:654,172,1,0
BRDA:654,173,0,0
BRDA:654,173,1,0
BRDA:654,174,0,0
BRDA:654,174,1,0
BRDA:654,175,0,0
BRDA:654,175,1,0
BRDA:655,176,0,0
BRDA:655,176,1,0
BRDA:658,177,0,0
BRDA:658,177,1,0
BRDA:658,178,0,0
BRDA:658,178,1,0
BRDA:658,179,0,0
BRDA:658,179,1,0
BRDA:658,180,0,0
BRDA:658,180,1,0
BRDA:658,181,0,0
BRDA:658,181,1,0
BRDA:696,182,0,0
BRDA:671,183,0,0
BRDA:671,183,1,21
BRDA:682,184,0,0
BRDA:682,184,1,0
BRDA:682,185,0,0
BRDA:682,185,1,0
BRDA:682,186,0,0
BRDA:682,186,1,0
BRDA:684,187,0,0
BRDA:684,187,1,0
BRDA:697,188,0,0
BRDA:697,188,1,0
BRDA:704,189,0,0
BRDA:704,189,1,0
BRDA:705,190,0,0
BRDA:705,190,1,0
BRDA:705,191,0,0
BRDA:705,191,1,0
BRDA:722,192,0,0
BRDA:723,193,0,0
BRDA:723,193,1,0
BRDA:723,194,0,0
BRDA:723,194,1,0
BRDA:735,195,0,0
BRDA:735,195,1,0
BRDA:735,196,0,0
BRDA:735,196,1,0
BRF:395
BRH:18
end_of_record
TN:
SF:tests/test-setup.ts
FN:13,(anonymous_22)
FN:19,TestHelper
FN:26,(anonymous_24)
FN:55,(anonymous_27)
FN:64,(anonymous_30)
FN:71,(anonymous_33)
FN:82,(anonymous_34)
FN:88,(anonymous_35)
FN:94,(anonymous_36)
FN:99,(anonymous_37)
FN:123,(anonymous_40)
FN:133,(anonymous_41)
FN:140,(anonymous_42)
FN:152,(anonymous_43)
FNF:14
FNH:2
FNDA:6,(anonymous_22)
FNDA:46,TestHelper
FNDA:0,(anonymous_24)
FNDA:0,(anonymous_27)
FNDA:0,(anonymous_30)
FNDA:0,(anonymous_33)
FNDA:0,(anonymous_34)
FNDA:0,(anonymous_35)
FNDA:0,(anonymous_36)
FNDA:0,(anonymous_37)
FNDA:0,(anonymous_40)
FNDA:0,(anonymous_41)
FNDA:0,(anonymous_42)
FNDA:0,(anonymous_43)
DA:1,6
DA:2,6
DA:4,6
DA:5,6
DA:7,6
DA:9,6
DA:11,6
DA:13,6
DA:20,46
DA:21,46
DA:22,46
DA:23,46
DA:26,6
DA:27,0
DA:28,0
DA:29,0
DA:30,0
DA:31,0
DA:33,0
DA:34,0
DA:35,0
DA:36,0
DA:37,0
DA:38,0
DA:42,0
DA:47,0
DA:49,0
DA:51,0
DA:55,6
DA:57,0
DA:58,0
DA:64,6
DA:65,0
DA:72,0
DA:73,0
DA:76,0
DA:83,0
DA:84,0
DA:88,6
DA:89,0
DA:90,0
DA:91,0
DA:94,6
DA:95,0
DA:96,0
DA:99,6
DA:100,0
DA:106,0
DA:120,0
DA:123,6
DA:124,0
DA:131,0
DA:132,0
DA:133,0
DA:134,0
DA:137,0
DA:140,6
DA:141,0
DA:148,0
DA:149,0
DA:152,6
DA:153,0
DA:160,0
DA:161,0
DA:162,0
DA:163,0
DA:165,6
LF:67
LH:22
BRDA:65,0,0,0
BRDA:72,1,0,0
BRDA:72,1,1,0
BRDA:83,2,0,0
BRDA:83,2,1,0
BRDA:89,3,0,0
BRDA:89,3,1,0
BRF:7
BRH:0
end_of_record
