<?xml version="1.0" encoding="UTF-8"?>
<coverage generated="1788159152392" clover="3.2.0">
  <project timestamp="1788159152392" name="All files">
    <metrics statements="1465" coveredstatements="1240" conditionals="811" coveredconditionals="660" methods="228" coveredmethods="189" elements="2504" coveredelements="2089" complexity="0" loc="1465" ncloc="1465" packages="6" files="14" classes="14"/>
    <package name="hooklib.src">
      <metrics statements="8" coveredstatements="8" conditionals="0" coveredconditionals="0" methods="2" coveredmethods="2"/>
      <file name="index.ts" path="/__w/backlog/backlog/work/runner-container-hooks/packages/hooklib/src/index.ts">
        <metrics statements="0" coveredstatements="0" conditionals="0" coveredconditionals="0" methods="0" coveredmethods="0"/>
      </file>
      <file name="interfaces.ts" path="/__w/backlog/backlog/work/runner-container-hooks/packages/hooklib/src/interfaces.ts">
        <metrics statements="8" coveredstatements="8" conditionals="0" coveredconditionals="0" methods="2" coveredmethods="2"/>
        <line num="1" count="1" type="stmt"/>
        <line num="2" count="1" type="stmt"/>
        <line num="3" count="1" type="stmt"/>
        <line num="4" count="1" type="stmt"/>
        <line num="5" count="1" type="stmt"/>
        <line num="72" count="1" type="stmt"/>
        <line num="73" count="1" type="stmt"/>
        <line num="74" count="1" type="stmt"/>
      </file>
    </package>
    <package name="hooklib.src.utils">
      <metrics statements="17" coveredstatements="10" conditionals="12" coveredconditionals="12" methods="4" coveredmethods="2"/>
      <file name="index.ts" path="/__w/backlog/backlog/work/runner-container-hooks/packages/hooklib/src/utils/index.ts">
        <metrics statements="17" coveredstatements="10" conditionals="12" coveredconditionals="12" methods="4" coveredmethods="2"/>
        <line num="8" count="0" type="stmt"/>
        <line num="10" count="0" type="stmt"/>
        <line num="14" count="0" type="stmt"/>
        <line num="15" count="0" type="stmt"/>
        <line num="17" count="0" type="stmt"/>
        <line num="18" count="0" type="stmt"/>
        <line num="19" count="0" type="stmt"/>
        <line num="23" count="16" type="cond" truecount="2" falsecount="0"/>
        <line num="24" count="1" type="stmt"/>
        <line num="26" count="15" type="cond" truecount="2" falsecount="0"/>
        <line num="27" count="1" type="stmt"/>
        <line num="30" count="14" type="stmt"/>
        <line num="36" count="14" type="cond" truecount="4" falsecount="0"/>
        <line num="37" count="2" type="stmt"/>
        <line num="38" count="12" type="cond" truecount="4" falsecount="0"/>
        <line num="39" count="11" type="stmt"/>
        <line num="41" count="1" type="stmt"/>
      </file>
    </package>
    <package name="k8s.src">
      <metrics statements="22" coveredstatements="0" conditionals="7" coveredconditionals="0" methods="1" coveredmethods="0"/>
      <file name="index.ts" path="/__w/backlog/backlog/work/runner-container-hooks/packages/k8s/src/index.ts">
        <metrics statements="22" coveredstatements="0" conditionals="7" coveredconditionals="0" methods="1" coveredmethods="0"/>
        <line num="18" count="0" type="stmt"/>
        <line num="19" count="0" type="stmt"/>
        <line num="21" count="0" type="stmt"/>
        <line num="22" count="0" type="stmt"/>
        <line num="23" count="0" type="stmt"/>
        <line num="24" count="0" type="stmt"/>
        <line num="25" count="0" type="cond" truecount="0" falsecount="2"/>
        <line num="26" count="0" type="stmt"/>
        <line num="33" count="0" type="stmt"/>
        <line num="34" count="0" type="cond" truecount="0" falsecount="5"/>
        <line num="36" count="0" type="stmt"/>
        <line num="37" count="0" type="stmt"/>
        <line num="39" count="0" type="stmt"/>
        <line num="40" count="0" type="stmt"/>
        <line num="42" count="0" type="stmt"/>
        <line num="43" count="0" type="stmt"/>
        <line num="45" count="0" type="stmt"/>
        <line num="46" count="0" type="stmt"/>
        <line num="48" count="0" type="stmt"/>
        <line num="51" count="0" type="stmt"/>
        <line num="52" count="0" type="stmt"/>
        <line num="56" count="0" type="stmt"/>
      </file>
    </package>
    <package name="k8s.src.hooks">
      <metrics statements="298" coveredstatements="284" conditionals="158" coveredconditionals="134" methods="29" coveredmethods="25"/>
      <file name="cleanup-job.ts" path="/__w/backlog/backlog/work/runner-container-hooks/packages/k8s/src/hooks/cleanup-job.ts">
        <metrics statements="5" coveredstatements="5" conditionals="2" coveredconditionals="2" methods="1" coveredmethods="1"/>
        <line num="12" count="4" type="cond" truecount="2" falsecount="0"/>
        <line num="13" count="3" type="stmt"/>
        <line num="14" count="3" type="stmt"/>
        <line num="16" count="1" type="stmt"/>
        <line num="19" count="4" type="stmt"/>
      </file>
      <file name="constants.ts" path="/__w/backlog/backlog/work/runner-container-hooks/packages/k8s/src/hooks/constants.ts">
        <metrics statements="20" coveredstatements="15" conditionals="4" coveredconditionals="1" methods="9" coveredmethods="8"/>
        <line num="4" count="86" type="stmt"/>
        <line num="5" count="86" type="cond" truecount="1" falsecount="1"/>
        <line num="6" count="0" type="stmt"/>
        <line num="10" count="86" type="stmt"/>
        <line num="14" count="42" type="stmt"/>
        <line num="21" count="18" type="stmt"/>
        <line num="28" count="0" type="stmt"/>
        <line num="29" count="0" type="cond" truecount="0" falsecount="2"/>
        <line num="30" count="0" type="stmt"/>
        <line num="32" count="0" type="stmt"/>
        <line num="36" count="4" type="stmt"/>
        <line num="42" count="7" type="stmt"/>
        <line num="43" count="7" type="stmt"/>
        <line num="44" count="7" type="stmt"/>
        <line num="45" count="7" type="stmt"/>
        <line num="46" count="7" type="stmt"/>
        <line num="51" count="17" type="stmt"/>
        <line num="55" count="10" type="stmt"/>
        <line num="59" count="10" type="stmt"/>
        <line num="63" count="7" type="stmt"/>
      </file>
      <file name="index.ts" path="/__w/backlog/backlog/work/runner-container-hooks/packages/k8s/src/hooks/index.ts">
        <metrics statements="0" coveredstatements="0" conditionals="0" coveredconditionals="0" methods="0" coveredmethods="0"/>
      </file>
      <file name="prepare-job.ts" path="/__w/backlog/backlog/work/runner-container-hooks/packages/k8s/src/hooks/prepare-job.ts">
        <metrics statements="127" coveredstatements="124" conditionals="90" coveredconditionals="78" methods="9" coveredmethods="8"/>
        <line num="44" count="20" type="cond" truecount="2" falsecount="0"/>
        <line num="45" count="1" type="stmt"/>
        <line num="48" count="19" type="stmt"/>
        <line num="50" count="19" type="stmt"/>
        <line num="52" count="19" type="stmt"/>
        <line num="53" count="19" type="cond" truecount="2" falsecount="0"/>
        <line num="54" count="18" type="stmt"/>
        <line num="60" count="18" type="stmt"/>
        <line num="63" count="19" type="stmt"/>
        <line num="64" count="19" type="stmt"/>
        <line num="65" count="19" type="cond" truecount="2" falsecount="0"/>
        <line num="66" count="4" type="stmt"/>
        <line num="67" count="4" type="stmt"/>
        <line num="68" count="6" type="stmt"/>
        <line num="69" count="6" type="cond" truecount="2" falsecount="0"/>
        <line num="72" count="4" type="stmt"/>
        <line num="73" count="4" type="stmt"/>
        <line num="74" count="6" type="stmt"/>
        <line num="75" count="6" type="cond" truecount="1" falsecount="1"/>
        <line num="76" count="6" type="cond" truecount="2" falsecount="0"/>
        <line num="79" count="6" type="cond" truecount="2" falsecount="0"/>
        <line num="80" count="4" type="stmt"/>
        <line num="82" count="2" type="stmt"/>
        <line num="85" count="6" type="stmt"/>
        <line num="86" count="6" type="stmt"/>
        <line num="87" count="6" type="stmt"/>
        <line num="91" count="19" type="cond" truecount="4" falsecount="0"/>
        <line num="92" count="1" type="stmt"/>
        <line num="95" count="18" type="stmt"/>
        <line num="96" count="18" type="stmt"/>
        <line num="97" count="18" type="stmt"/>
        <line num="105" count="6" type="stmt"/>
        <line num="106" count="6" type="stmt"/>
        <line num="113" count="6" type="cond" truecount="1" falsecount="1"/>
        <line num="114" count="6" type="stmt"/>
        <line num="121" count="6" type="stmt"/>
        <line num="122" count="6" type="stmt"/>
        <line num="125" count="6" type="stmt"/>
        <line num="127" count="6" type="cond" truecount="2" falsecount="0"/>
        <line num="130" count="6" type="cond" truecount="5" falsecount="0"/>
        <line num="133" count="5" type="stmt"/>
        <line num="134" count="5" type="stmt"/>
        <line num="137" count="5" type="stmt"/>
        <line num="138" count="5" type="stmt"/>
        <line num="139" count="5" type="cond" truecount="2" falsecount="0"/>
        <line num="140" count="2" type="stmt"/>
        <line num="143" count="2" type="stmt"/>
        <line num="149" count="6" type="stmt"/>
        <line num="159" count="6" type="stmt"/>
        <line num="162" count="12" type="cond" truecount="2" falsecount="0"/>
        <line num="163" count="1" type="stmt"/>
        <line num="165" count="11" type="stmt"/>
        <line num="169" count="20" type="stmt"/>
        <line num="170" count="20" type="cond" truecount="2" falsecount="0"/>
        <line num="171" count="1" type="stmt"/>
        <line num="173" count="10" type="stmt"/>
        <line num="176" count="10" type="cond" truecount="2" falsecount="0"/>
        <line num="177" count="2" type="cond" truecount="1" falsecount="1"/>
        <line num="180" count="10" type="stmt"/>
        <line num="181" count="10" type="stmt"/>
        <line num="188" count="1" type="stmt"/>
        <line num="192" count="1" type="cond" truecount="1" falsecount="1"/>
        <line num="193" count="1" type="stmt"/>
        <line num="196" count="9" type="stmt"/>
        <line num="198" count="9" type="cond" truecount="2" falsecount="0"/>
        <line num="199" count="2" type="stmt"/>
        <line num="205" count="2" type="stmt"/>
        <line num="206" count="2" type="cond" truecount="1" falsecount="1"/>
        <line num="207" count="2" type="stmt"/>
        <line num="215" count="2" type="stmt"/>
        <line num="218" count="9" type="stmt"/>
        <line num="220" count="9" type="stmt"/>
        <line num="221" count="9" type="stmt"/>
        <line num="222" count="9" type="stmt"/>
        <line num="227" count="1" type="stmt"/>
        <line num="228" count="1" type="stmt"/>
        <line num="229" count="1" type="stmt"/>
        <line num="231" count="8" type="stmt"/>
        <line num="232" count="8" type="stmt"/>
        <line num="242" count="8" type="cond" truecount="1" falsecount="1"/>
        <line num="243" count="0" type="stmt"/>
        <line num="245" count="8" type="stmt"/>
        <line num="253" count="8" type="stmt"/>
        <line num="254" count="8" type="stmt"/>
        <line num="256" count="8" type="cond" truecount="1" falsecount="1"/>
        <line num="257" count="8" type="stmt"/>
        <line num="258" count="8" type="cond" truecount="1" falsecount="1"/>
        <line num="259" count="8" type="stmt"/>
        <line num="260" count="0" type="stmt"/>
        <line num="265" count="8" type="stmt"/>
        <line num="271" count="8" type="cond" truecount="2" falsecount="0"/>
        <line num="273" count="4" type="cond" truecount="3" falsecount="1"/>
        <line num="275" count="0" type="cond" truecount="0" falsecount="2"/>
        <line num="277" count="4" type="stmt"/>
        <line num="278" count="10" type="stmt"/>
        <line num="280" count="6" type="stmt"/>
        <line num="281" count="6" type="cond" truecount="2" falsecount="0"/>
        <line num="282" count="1" type="stmt"/>
        <line num="283" count="1" type="cond" truecount="3" falsecount="1"/>
        <line num="284" count="1" type="stmt"/>
        <line num="289" count="6" type="stmt"/>
        <line num="296" count="8" type="stmt"/>
        <line num="305" count="35" type="cond" truecount="4" falsecount="0"/>
        <line num="306" count="1" type="stmt"/>
        <line num="307" count="1" type="stmt"/>
        <line num="310" count="35" type="stmt"/>
        <line num="315" count="35" type="cond" truecount="2" falsecount="0"/>
        <line num="316" count="1" type="stmt"/>
        <line num="319" count="35" type="cond" truecount="2" falsecount="0"/>
        <line num="320" count="28" type="stmt"/>
        <line num="323" count="35" type="cond" truecount="4" falsecount="0"/>
        <line num="324" count="20" type="stmt"/>
        <line num="327" count="35" type="stmt"/>
        <line num="328" count="35" type="stmt"/>
        <line num="331" count="2" type="cond" truecount="4" falsecount="0"/>
        <line num="332" count="1" type="stmt"/>
        <line num="336" count="35" type="stmt"/>
        <line num="341" count="35" type="cond" truecount="4" falsecount="0"/>
        <line num="342" count="34" type="stmt"/>
        <line num="348" count="35" type="stmt"/>
        <line num="350" count="35" type="cond" truecount="2" falsecount="0"/>
        <line num="351" count="34" type="stmt"/>
        <line num="354" count="1" type="stmt"/>
        <line num="355" count="1" type="stmt"/>
        <line num="358" count="35" type="cond" truecount="2" falsecount="0"/>
        <line num="359" count="1" type="stmt"/>
        <line num="362" count="1" type="stmt"/>
      </file>
      <file name="run-container-step.ts" path="/__w/backlog/backlog/work/runner-container-hooks/packages/k8s/src/hooks/run-container-step.ts">
        <metrics statements="102" coveredstatements="97" conditionals="50" coveredconditionals="43" methods="7" coveredmethods="5"/>
        <line num="39" count="20" type="cond" truecount="2" falsecount="0"/>
        <line num="40" count="1" type="stmt"/>
        <line num="43" count="19" type="cond" truecount="2" falsecount="0"/>
        <line num="44" count="1" type="stmt"/>
        <line num="49" count="18" type="cond" truecount="1" falsecount="1"/>
        <line num="50" count="20" type="stmt"/>
        <line num="51" count="20" type="cond" truecount="2" falsecount="0"/>
        <line num="52" count="17" type="stmt"/>
        <line num="55" count="18" type="stmt"/>
        <line num="57" count="18" type="stmt"/>
        <line num="58" count="18" type="stmt"/>
        <line num="61" count="18" type="stmt"/>
        <line num="62" count="18" type="stmt"/>
        <line num="64" count="2" type="stmt"/>
        <line num="65" count="2" type="stmt"/>
        <line num="66" count="2" type="stmt"/>
        <line num="69" count="16" type="cond" truecount="2" falsecount="0"/>
        <line num="70" count="1" type="stmt"/>
        <line num="76" count="15" type="stmt"/>
        <line num="78" count="15" type="stmt"/>
        <line num="79" count="15" type="stmt"/>
        <line num="86" count="14" type="stmt"/>
        <line num="87" count="14" type="stmt"/>
        <line num="88" count="14" type="cond" truecount="4" falsecount="0"/>
        <line num="89" count="1" type="stmt"/>
        <line num="93" count="13" type="stmt"/>
        <line num="94" count="13" type="stmt"/>
        <line num="95" count="13" type="stmt"/>
        <line num="96" count="13" type="cond" truecount="2" falsecount="0"/>
        <line num="97" count="1" type="stmt"/>
        <line num="99" count="12" type="stmt"/>
        <line num="101" count="12" type="stmt"/>
        <line num="104" count="12" type="stmt"/>
        <line num="106" count="12" type="stmt"/>
        <line num="114" count="12" type="stmt"/>
        <line num="116" count="12" type="stmt"/>
        <line num="118" count="12" type="stmt"/>
        <line num="119" count="12" type="stmt"/>
        <line num="120" count="12" type="stmt"/>
        <line num="125" count="10" type="cond" truecount="2" falsecount="0"/>
        <line num="126" count="3" type="stmt"/>
        <line num="132" count="7" type="stmt"/>
        <line num="137" count="7" type="stmt"/>
        <line num="139" count="9" type="stmt"/>
        <line num="141" count="9" type="cond" truecount="2" falsecount="0"/>
        <line num="146" count="7" type="stmt"/>
        <line num="148" count="2" type="stmt"/>
        <line num="149" count="2" type="stmt"/>
        <line num="151" count="12" type="stmt"/>
        <line num="154" count="12" type="stmt"/>
        <line num="155" count="12" type="stmt"/>
        <line num="156" count="11" type="stmt"/>
        <line num="157" count="11" type="cond" truecount="2" falsecount="0"/>
        <line num="158" count="1" type="stmt"/>
        <line num="159" count="1" type="stmt"/>
        <line num="166" count="12" type="stmt"/>
        <line num="167" count="12" type="stmt"/>
        <line num="169" count="15" type="stmt"/>
        <line num="170" count="0" type="stmt"/>
        <line num="186" count="7" type="stmt"/>
        <line num="187" count="7" type="stmt"/>
        <line num="188" count="7" type="stmt"/>
        <line num="190" count="7" type="stmt"/>
        <line num="191" count="7" type="stmt"/>
        <line num="192" count="6" type="stmt"/>
        <line num="193" count="5" type="stmt"/>
        <line num="195" count="7" type="stmt"/>
        <line num="196" count="7" type="cond" truecount="2" falsecount="0"/>
        <line num="197" count="4" type="cond" truecount="1" falsecount="1"/>
        <line num="199" count="4" type="cond" truecount="4" falsecount="1"/>
        <line num="203" count="4" type="cond" truecount="2" falsecount="0"/>
        <line num="204" count="1" type="cond" truecount="1" falsecount="1"/>
        <line num="205" count="1" type="stmt"/>
        <line num="206" count="1" type="stmt"/>
        <line num="210" count="3" type="stmt"/>
        <line num="213" count="3" type="stmt"/>
        <line num="219" count="2" type="stmt"/>
        <line num="221" count="6" type="cond" truecount="2" falsecount="0"/>
        <line num="222" count="1" type="stmt"/>
        <line num="228" count="1" type="stmt"/>
        <line num="231" count="7" type="cond" truecount="2" falsecount="0"/>
        <line num="232" count="1" type="stmt"/>
        <line num="234" count="2" type="stmt"/>
        <line num="236" count="1" type="stmt"/>
        <line num="239" count="7" type="stmt"/>
        <line num="240" count="7" type="cond" truecount="2" falsecount="0"/>
        <line num="241" count="3" type="stmt"/>
        <line num="243" count="7" type="stmt"/>
        <line num="250" count="18" type="stmt"/>
        <line num="251" count="18" type="stmt"/>
        <line num="252" count="18" type="stmt"/>
        <line num="253" count="18" type="stmt"/>
        <line num="254" count="18" type="stmt"/>
        <line num="255" count="18" type="stmt"/>
        <line num="257" count="18" type="stmt"/>
        <line num="259" count="18" type="cond" truecount="1" falsecount="1"/>
        <line num="260" count="18" type="stmt"/>
        <line num="263" count="0" type="stmt"/>
        <line num="264" count="0" type="stmt"/>
        <line num="266" count="18" type="cond" truecount="1" falsecount="1"/>
        <line num="267" count="0" type="stmt"/>
        <line num="270" count="0" type="stmt"/>
      </file>
      <file name="run-script-step.ts" path="/__w/backlog/backlog/work/runner-container-hooks/packages/k8s/src/hooks/run-script-step.ts">
        <metrics statements="44" coveredstatements="43" conditionals="12" coveredconditionals="10" methods="3" coveredmethods="3"/>
        <line num="17" count="2" type="stmt"/>
        <line num="18" count="2" type="stmt"/>
        <line num="22" count="2" type="stmt"/>
        <line num="23" count="2" type="cond" truecount="1" falsecount="1"/>
        <line num="24" count="2" type="stmt"/>
        <line num="26" count="2" type="stmt"/>
        <line num="28" count="2" type="stmt"/>
        <line num="30" count="2" type="stmt"/>
        <line num="31" count="2" type="cond" truecount="1" falsecount="1"/>
        <line num="32" count="2" type="stmt"/>
        <line num="40" count="10" type="cond" truecount="2" falsecount="0"/>
        <line num="41" count="2" type="stmt"/>
        <line num="47" count="8" type="stmt"/>
        <line num="48" count="8" type="stmt"/>
        <line num="56" count="8" type="stmt"/>
        <line num="57" count="8" type="stmt"/>
        <line num="58" count="8" type="stmt"/>
        <line num="59" count="8" type="stmt"/>
        <line num="61" count="8" type="stmt"/>
        <line num="70" count="8" type="stmt"/>
        <line num="76" count="8" type="stmt"/>
        <line num="93" count="8" type="stmt"/>
        <line num="94" count="8" type="stmt"/>
        <line num="100" count="1" type="stmt"/>
        <line num="101" count="1" type="stmt"/>
        <line num="102" count="1" type="stmt"/>
        <line num="106" count="7" type="stmt"/>
        <line num="107" count="7" type="stmt"/>
        <line num="108" count="7" type="stmt"/>
        <line num="109" count="7" type="stmt"/>
        <line num="114" count="5" type="cond" truecount="2" falsecount="0"/>
        <line num="115" count="2" type="stmt"/>
        <line num="118" count="4" type="stmt"/>
        <line num="119" count="4" type="cond" truecount="2" falsecount="0"/>
        <line num="123" count="3" type="stmt"/>
        <line num="125" count="1" type="stmt"/>
        <line num="126" count="1" type="stmt"/>
        <line num="128" count="7" type="stmt"/>
        <line num="129" count="7" type="stmt"/>
        <line num="131" count="0" type="stmt"/>
        <line num="135" count="3" type="stmt"/>
        <line num="136" count="3" type="stmt"/>
        <line num="139" count="3" type="stmt"/>
        <line num="145" count="1" type="stmt"/>
      </file>
    </package>
    <package name="k8s.src.k8s">
      <metrics statements="728" coveredstatements="551" conditionals="350" coveredconditionals="251" methods="122" coveredmethods="91"/>
      <file name="heartbeat.ts" path="/__w/backlog/backlog/work/runner-container-hooks/packages/k8s/src/k8s/heartbeat.ts">
        <metrics statements="61" coveredstatements="58" conditionals="30" coveredconditionals="26" methods="11" coveredmethods="11"/>
        <line num="15" count="22" type="cond" truecount="2" falsecount="0"/>
        <line num="16" count="22" type="cond" truecount="4" falsecount="0"/>
        <line num="20" count="20" type="stmt"/>
        <line num="21" count="20" type="stmt"/>
        <line num="22" count="20" type="stmt"/>
        <line num="23" count="2" type="stmt"/>
        <line num="26" count="20" type="stmt"/>
        <line num="27" count="20" type="stmt"/>
        <line num="31" count="38" type="stmt"/>
        <line num="32" count="38" type="cond" truecount="2" falsecount="0"/>
        <line num="33" count="8" type="stmt"/>
        <line num="34" count="8" type="stmt"/>
        <line num="36" count="30" type="stmt"/>
        <line num="40" count="21" type="cond" truecount="2" falsecount="0"/>
        <line num="41" count="8" type="stmt"/>
        <line num="43" count="21" type="cond" truecount="2" falsecount="0"/>
        <line num="44" count="9" type="stmt"/>
        <line num="45" count="9" type="stmt"/>
        <line num="47" count="21" type="cond" truecount="2" falsecount="0"/>
        <line num="48" count="6" type="stmt"/>
        <line num="49" count="6" type="stmt"/>
        <line num="54" count="16" type="stmt"/>
        <line num="57" count="16" type="stmt"/>
        <line num="59" count="16" type="stmt"/>
        <line num="60" count="9" type="cond" truecount="2" falsecount="0"/>
        <line num="61" count="1" type="stmt"/>
        <line num="62" count="1" type="stmt"/>
        <line num="64" count="9" type="stmt"/>
        <line num="65" count="3" type="stmt"/>
        <line num="68" count="3" type="stmt"/>
        <line num="69" count="3" type="stmt"/>
        <line num="70" count="3" type="stmt"/>
        <line num="74" count="3" type="stmt"/>
        <line num="84" count="16" type="stmt"/>
        <line num="86" count="16" type="stmt"/>
        <line num="87" count="1" type="cond" truecount="1" falsecount="1"/>
        <line num="88" count="0" type="stmt"/>
        <line num="90" count="1" type="cond" truecount="1" falsecount="1"/>
        <line num="91" count="1" type="stmt"/>
        <line num="95" count="16" type="stmt"/>
        <line num="96" count="1" type="stmt"/>
        <line num="97" count="1" type="stmt"/>
        <line num="100" count="16" type="stmt"/>
        <line num="101" count="1" type="stmt"/>
        <line num="102" count="1" type="stmt"/>
        <line num="106" count="16" type="stmt"/>
        <line num="107" count="21" type="cond" truecount="2" falsecount="0"/>
        <line num="109" count="4" type="stmt"/>
        <line num="111" count="17" type="cond" truecount="2" falsecount="0"/>
        <line num="112" count="16" type="stmt"/>
        <line num="113" count="16" type="stmt"/>
        <line num="114" count="16" type="cond" truecount="2" falsecount="0"/>
        <line num="115" count="8" type="stmt"/>
        <line num="116" count="8" type="stmt"/>
        <line num="118" count="15" type="cond" truecount="1" falsecount="1"/>
        <line num="119" count="0" type="stmt"/>
        <line num="122" count="1" type="stmt"/>
        <line num="123" count="1" type="stmt"/>
        <line num="127" count="1" type="cond" truecount="1" falsecount="1"/>
        <line num="128" count="0" type="stmt"/>
        <line num="132" count="1" type="stmt"/>
      </file>
      <file name="index.ts" path="/__w/backlog/backlog/work/runner-container-hooks/packages/k8s/src/k8s/index.ts">
        <metrics statements="667" coveredstatements="493" conditionals="320" coveredconditionals="225" methods="111" coveredmethods="80"/>
        <line num="32" count="1" type="stmt"/>
        <line num="34" count="1" type="stmt"/>
        <line num="36" count="1" type="stmt"/>
        <line num="37" count="1" type="stmt"/>
        <line num="38" count="1" type="stmt"/>
        <line num="40" count="1" type="stmt"/>
        <line num="42" count="1" type="stmt"/>
        <line num="76" count="5" type="stmt"/>
        <line num="77" count="5" type="cond" truecount="2" falsecount="0"/>
        <line num="78" count="4" type="stmt"/>
        <line num="80" count="5" type="cond" truecount="2" falsecount="0"/>
        <line num="81" count="1" type="stmt"/>
        <line num="84" count="5" type="stmt"/>
        <line num="86" count="5" type="stmt"/>
        <line num="87" count="5" type="stmt"/>
        <line num="89" count="5" type="stmt"/>
        <line num="90" count="5" type="stmt"/>
        <line num="92" count="5" type="stmt"/>
        <line num="93" count="5" type="stmt"/>
        <line num="96" count="5" type="stmt"/>
        <line num="98" count="5" type="stmt"/>
        <line num="99" count="5" type="stmt"/>
        <line num="100" count="5" type="stmt"/>
        <line num="106" count="5" type="stmt"/>
        <line num="107" count="5" type="cond" truecount="1" falsecount="1"/>
        <line num="109" count="5" type="stmt"/>
        <line num="116" count="5" type="cond" truecount="1" falsecount="1"/>
        <line num="117" count="5" type="stmt"/>
        <line num="120" count="5" type="stmt"/>
        <line num="148" count="5" type="stmt"/>
        <line num="150" count="5" type="stmt"/>
        <line num="165" count="5" type="cond" truecount="1" falsecount="1"/>
        <line num="166" count="0" type="stmt"/>
        <line num="167" count="0" type="cond" truecount="0" falsecount="2"/>
        <line num="168" count="0" type="stmt"/>
        <line num="170" count="0" type="stmt"/>
        <line num="171" count="0" type="stmt"/>
        <line num="172" count="0" type="stmt"/>
        <line num="175" count="5" type="cond" truecount="2" falsecount="0"/>
        <line num="176" count="1" type="stmt"/>
        <line num="179" count="5" type="cond" truecount="2" falsecount="0"/>
        <line num="180" count="1" type="stmt"/>
        <line num="183" count="5" type="stmt"/>
        <line num="194" count="1" type="stmt"/>
        <line num="196" count="1" type="stmt"/>
        <line num="197" count="1" type="stmt"/>
        <line num="199" count="1" type="stmt"/>
        <line num="200" count="1" type="stmt"/>
        <line num="202" count="1" type="stmt"/>
        <line num="203" count="1" type="stmt"/>
        <line num="206" count="1" type="stmt"/>
        <line num="208" count="1" type="stmt"/>
        <line num="209" count="1" type="stmt"/>
        <line num="211" count="1" type="stmt"/>
        <line num="213" count="1" type="stmt"/>
        <line num="228" count="1" type="cond" truecount="1" falsecount="1"/>
        <line num="229" count="0" type="stmt"/>
        <line num="232" count="1" type="cond" truecount="1" falsecount="1"/>
        <line num="233" count="0" type="stmt"/>
        <line num="236" count="1" type="stmt"/>
        <line num="243" count="3" type="stmt"/>
        <line num="256" count="7" type="stmt"/>
        <line num="257" count="7" type="stmt"/>
        <line num="261" count="7" type="stmt"/>
        <line num="263" count="7" type="stmt"/>
        <line num="264" count="7" type="stmt"/>
        <line num="268" count="7" type="stmt"/>
        <line num="272" count="7" type="stmt"/>
        <line num="276" count="7" type="stmt"/>
        <line num="278" count="7" type="stmt"/>
        <line num="279" count="7" type="stmt"/>
        <line num="280" count="7" type="stmt"/>
        <line num="282" count="7" type="stmt"/>
        <line num="293" count="6" type="stmt"/>
        <line num="297" count="6" type="stmt"/>
        <line num="300" count="6" type="stmt"/>
        <line num="301" count="6" type="stmt"/>
        <line num="302" count="6" type="cond" truecount="1" falsecount="1"/>
        <line num="306" count="0" type="stmt"/>
        <line num="307" count="0" type="stmt"/>
        <line num="308" count="0" type="stmt"/>
        <line num="311" count="0" type="stmt"/>
        <line num="314" count="0" type="stmt"/>
        <line num="315" count="0" type="stmt"/>
        <line num="316" count="0" type="stmt"/>
        <line num="317" count="0" type="stmt"/>
        <line num="319" count="0" type="stmt"/>
        <line num="324" count="6" type="cond" truecount="2" falsecount="0"/>
        <line num="325" count="3" type="stmt"/>
        <line num="326" count="3" type="stmt"/>
        <line num="327" count="3" type="cond" truecount="2" falsecount="0"/>
        <line num="329" count="3" type="stmt"/>
        <line num="332" count="3" type="stmt"/>
        <line num="333" count="3" type="cond" truecount="1" falsecount="1"/>
        <line num="338" count="6" type="stmt"/>
        <line num="339" count="6" type="stmt"/>
        <line num="340" count="6" type="cond" truecount="2" falsecount="0"/>
        <line num="341" count="4" type="stmt"/>
        <line num="343" count="2" type="stmt"/>
        <line num="347" count="5" type="stmt"/>
        <line num="348" count="5" type="stmt"/>
        <line num="351" count="5" type="stmt"/>
        <line num="352" count="5" type="cond" truecount="5" falsecount="0"/>
        <line num="353" count="2" type="stmt"/>
        <line num="354" count="2" type="stmt"/>
        <line num="355" count="0" type="stmt"/>
        <line num="358" count="0" type="stmt"/>
        <line num="361" count="2" type="stmt"/>
        <line num="362" count="1" type="stmt"/>
        <line num="363" count="1" type="stmt"/>
        <line num="365" count="2" type="stmt"/>
        <line num="369" count="4" type="stmt"/>
        <line num="386" count="5" type="stmt"/>
        <line num="387" count="5" type="stmt"/>
        <line num="390" count="5" type="stmt"/>
        <line num="391" count="5" type="stmt"/>
        <line num="392" count="2" type="cond" truecount="1" falsecount="1"/>
        <line num="393" count="2" type="stmt"/>
        <line num="394" count="2" type="cond" truecount="1" falsecount="1"/>
        <line num="398" count="5" type="stmt"/>
        <line num="399" count="5" type="stmt"/>
        <line num="400" count="1" type="stmt"/>
        <line num="401" count="1" type="stmt"/>
        <line num="402" count="1" type="cond" truecount="1" falsecount="1"/>
        <line num="403" count="2" type="stmt"/>
        <line num="406" count="5" type="stmt"/>
        <line num="407" count="5" type="stmt"/>
        <line num="408" count="0" type="stmt"/>
        <line num="409" count="0" type="stmt"/>
        <line num="410" count="0" type="cond" truecount="0" falsecount="2"/>
        <line num="411" count="0" type="stmt"/>
        <line num="414" count="5" type="stmt"/>
        <line num="415" count="5" type="cond" truecount="1" falsecount="1"/>
        <line num="416" count="0" type="stmt"/>
        <line num="417" count="0" type="stmt"/>
        <line num="419" count="5" type="cond" truecount="1" falsecount="1"/>
        <line num="420" count="0" type="stmt"/>
        <line num="421" count="0" type="stmt"/>
        <line num="425" count="5" type="stmt"/>
        <line num="427" count="1" type="stmt"/>
        <line num="428" count="1" type="stmt"/>
        <line num="429" count="1" type="stmt"/>
        <line num="430" count="1" type="stmt"/>
        <line num="432" count="0" type="stmt"/>
        <line num="436" count="5" type="stmt"/>
        <line num="438" count="0" type="stmt"/>
        <line num="439" count="0" type="stmt"/>
        <line num="440" count="0" type="stmt"/>
        <line num="441" count="0" type="stmt"/>
        <line num="443" count="0" type="stmt"/>
        <line num="451" count="5" type="stmt"/>
        <line num="452" count="4" type="stmt"/>
        <line num="453" count="4" type="cond" truecount="2" falsecount="0"/>
        <line num="456" count="5" type="stmt"/>
        <line num="457" count="5" type="stmt"/>
        <line num="468" count="3" type="stmt"/>
        <line num="469" count="3" type="stmt"/>
        <line num="470" count="3" type="cond" truecount="2" falsecount="0"/>
        <line num="471" count="1" type="cond" truecount="2" falsecount="0"/>
        <line num="476" count="2" type="stmt"/>
        <line num="477" count="2" type="cond" truecount="2" falsecount="0"/>
        <line num="478" count="1" type="stmt"/>
        <line num="480" count="1" type="cond" truecount="1" falsecount="1"/>
        <line num="491" count="2" type="stmt"/>
        <line num="492" count="2" type="cond" truecount="1" falsecount="1"/>
        <line num="493" count="2" type="stmt"/>
        <line num="494" count="2" type="cond" truecount="2" falsecount="0"/>
        <line num="495" count="1" type="stmt"/>
        <line num="497" count="1" type="stmt"/>
        <line num="508" count="3" type="stmt"/>
        <line num="510" count="3" type="stmt"/>
        <line num="511" count="3" type="stmt"/>
        <line num="513" count="2" type="stmt"/>
        <line num="514" count="2" type="stmt"/>
        <line num="515" count="2" type="stmt"/>
        <line num="517" count="0" type="stmt"/>
        <line num="522" count="3" type="stmt"/>
        <line num="523" count="3" type="stmt"/>
        <line num="534" count="2" type="stmt"/>
        <line num="535" count="2" type="cond" truecount="2" falsecount="0"/>
        <line num="536" count="1" type="stmt"/>
        <line num="538" count="1" type="stmt"/>
        <line num="544" count="1" type="cond" truecount="1" falsecount="1"/>
        <line num="548" count="1" type="stmt"/>
        <line num="551" count="1" type="stmt"/>
        <line num="554" count="1" type="stmt"/>
        <line num="556" count="4" type="stmt"/>
        <line num="558" count="1" type="stmt"/>
        <line num="560" count="1" type="stmt"/>
        <line num="561" count="1" type="stmt"/>
        <line num="562" count="1" type="stmt"/>
        <line num="568" count="2" type="stmt"/>
        <line num="570" count="2" type="stmt"/>
        <line num="574" count="2" type="stmt"/>
        <line num="575" count="2" type="stmt"/>
        <line num="576" count="1" type="stmt"/>
        <line num="578" count="2" type="stmt"/>
        <line num="579" count="2" type="stmt"/>
        <line num="580" count="2" type="cond" truecount="2" falsecount="0"/>
        <line num="582" count="1" type="stmt"/>
        <line num="584" count="2" type="stmt"/>
        <line num="586" count="1" type="stmt"/>
        <line num="588" count="1" type="stmt"/>
        <line num="589" count="1" type="stmt"/>
        <line num="590" count="1" type="stmt"/>
        <line num="592" count="1" type="stmt"/>
        <line num="604" count="0" type="stmt"/>
        <line num="606" count="0" type="stmt"/>
        <line num="607" count="0" type="stmt"/>
        <line num="608" count="0" type="stmt"/>
        <line num="609" count="0" type="stmt"/>
        <line num="612" count="0" type="stmt"/>
        <line num="620" count="0" type="stmt"/>
        <line num="621" count="0" type="stmt"/>
        <line num="622" count="0" type="stmt"/>
        <line num="623" count="0" type="stmt"/>
        <line num="634" count="0" type="cond" truecount="0" falsecount="2"/>
        <line num="635" count="0" type="stmt"/>
        <line num="641" count="0" type="stmt"/>
        <line num="644" count="0" type="stmt"/>
        <line num="646" count="0" type="stmt"/>
        <line num="648" count="0" type="stmt"/>
        <line num="649" count="0" type="stmt"/>
        <line num="650" count="0" type="cond" truecount="0" falsecount="2"/>
        <line num="651" count="0" type="stmt"/>
        <line num="655" count="0" type="stmt"/>
        <line num="659" count="0" type="stmt"/>
        <line num="660" count="0" type="stmt"/>
        <line num="661" count="0" type="stmt"/>
        <line num="662" count="0" type="stmt"/>
        <line num="664" count="0" type="stmt"/>
        <line num="671" count="0" type="stmt"/>
        <line num="677" count="0" type="cond" truecount="0" falsecount="2"/>
        <line num="678" count="0" type="stmt"/>
        <line num="681" count="0" type="stmt"/>
        <line num="684" count="0" type="stmt"/>
        <line num="685" count="0" type="stmt"/>
        <line num="687" count="0" type="stmt"/>
        <line num="688" count="0" type="stmt"/>
        <line num="690" count="0" type="stmt"/>
        <line num="691" count="0" type="stmt"/>
        <line num="693" count="0" type="stmt"/>
        <line num="694" count="0" type="stmt"/>
        <line num="696" count="0" type="stmt"/>
        <line num="698" count="0" type="stmt"/>
        <line num="699" count="0" type="cond" truecount="0" falsecount="2"/>
        <line num="702" count="0" type="stmt"/>
        <line num="703" count="0" type="stmt"/>
        <line num="705" count="0" type="stmt"/>
        <line num="706" count="0" type="stmt"/>
        <line num="707" count="0" type="stmt"/>
        <line num="708" count="0" type="stmt"/>
        <line num="709" count="0" type="stmt"/>
        <line num="712" count="0" type="stmt"/>
        <line num="714" count="0" type="stmt"/>
        <line num="715" count="0" type="stmt"/>
        <line num="725" count="0" type="stmt"/>
        <line num="726" count="0" type="stmt"/>
        <line num="734" count="0" type="cond" truecount="0" falsecount="2"/>
        <line num="735" count="0" type="stmt"/>
        <line num="738" count="0" type="stmt"/>
        <line num="739" count="0" type="stmt"/>
        <line num="740" count="0" type="stmt"/>
        <line num="742" count="0" type="stmt"/>
        <line num="743" count="0" type="stmt"/>
        <line num="744" count="0" type="stmt"/>
        <line num="745" count="0" type="stmt"/>
        <line num="753" count="0" type="stmt"/>
        <line num="754" count="0" type="stmt"/>
        <line num="756" count="0" type="stmt"/>
        <line num="761" count="0" type="stmt"/>
        <line num="762" count="0" type="stmt"/>
        <line num="763" count="0" type="stmt"/>
        <line num="774" count="0" type="cond" truecount="0" falsecount="2"/>
        <line num="775" count="0" type="stmt"/>
        <line num="783" count="0" type="stmt"/>
        <line num="785" count="0" type="stmt"/>
        <line num="787" count="0" type="stmt"/>
        <line num="788" count="0" type="stmt"/>
        <line num="789" count="0" type="cond" truecount="0" falsecount="2"/>
        <line num="790" count="0" type="stmt"/>
        <line num="794" count="0" type="stmt"/>
        <line num="798" count="0" type="stmt"/>
        <line num="799" count="0" type="stmt"/>
        <line num="800" count="0" type="stmt"/>
        <line num="801" count="0" type="stmt"/>
        <line num="803" count="0" type="stmt"/>
        <line num="810" count="0" type="stmt"/>
        <line num="816" count="0" type="cond" truecount="0" falsecount="2"/>
        <line num="817" count="0" type="stmt"/>
        <line num="820" count="0" type="stmt"/>
        <line num="823" count="0" type="stmt"/>
        <line num="824" count="0" type="stmt"/>
        <line num="826" count="0" type="stmt"/>
        <line num="827" count="0" type="stmt"/>
        <line num="829" count="0" type="stmt"/>
        <line num="830" count="0" type="stmt"/>
        <line num="832" count="0" type="stmt"/>
        <line num="833" count="0" type="stmt"/>
        <line num="835" count="0" type="stmt"/>
        <line num="837" count="0" type="stmt"/>
        <line num="838" count="0" type="cond" truecount="0" falsecount="2"/>
        <line num="841" count="0" type="stmt"/>
        <line num="842" count="0" type="stmt"/>
        <line num="844" count="0" type="stmt"/>
        <line num="845" count="0" type="stmt"/>
        <line num="846" count="0" type="stmt"/>
        <line num="847" count="0" type="stmt"/>
        <line num="848" count="0" type="stmt"/>
        <line num="851" count="0" type="stmt"/>
        <line num="853" count="0" type="stmt"/>
        <line num="854" count="0" type="stmt"/>
        <line num="860" count="2" type="stmt"/>
        <line num="861" count="2" type="stmt"/>
        <line num="862" count="2" type="stmt"/>
        <line num="863" count="2" type="cond" truecount="2" falsecount="0"/>
        <line num="864" count="1" type="stmt"/>
        <line num="867" count="1" type="stmt"/>
        <line num="869" count="0" type="stmt"/>
        <line num="876" count="2" type="stmt"/>
        <line num="888" count="2" type="stmt"/>
        <line num="890" count="2" type="stmt"/>
        <line num="891" count="2" type="stmt"/>
        <line num="892" count="2" type="stmt"/>
        <line num="893" count="2" type="stmt"/>
        <line num="894" count="2" type="stmt"/>
        <line num="895" count="2" type="stmt"/>
        <line num="896" count="2" type="stmt"/>
        <line num="897" count="2" type="stmt"/>
        <line num="900" count="2" type="stmt"/>
        <line num="901" count="2" type="stmt"/>
        <line num="902" count="2" type="stmt"/>
        <line num="908" count="2" type="stmt"/>
        <line num="917" count="2" type="stmt"/>
        <line num="919" count="2" type="stmt"/>
        <line num="920" count="2" type="stmt"/>
        <line num="921" count="2" type="stmt"/>
        <line num="922" count="2" type="stmt"/>
        <line num="923" count="2" type="stmt"/>
        <line num="924" count="2" type="stmt"/>
        <line num="926" count="2" type="stmt"/>
        <line num="929" count="2" type="stmt"/>
        <line num="930" count="2" type="stmt"/>
        <line num="931" count="2" type="stmt"/>
        <line num="932" count="2" type="stmt"/>
        <line num="935" count="2" type="stmt"/>
        <line num="939" count="2" type="stmt"/>
        <line num="943" count="3" type="stmt"/>
        <line num="950" count="2" type="stmt"/>
        <line num="954" count="2" type="cond" truecount="2" falsecount="0"/>
        <line num="955" count="1" type="stmt"/>
        <line num="958" count="1" type="stmt"/>
        <line num="961" count="3" type="cond" truecount="2" falsecount="0"/>
        <line num="966" count="1" type="stmt"/>
        <line num="1001" count="1" type="stmt"/>
        <line num="1024" count="1" type="stmt"/>
        <line num="1038" count="1" type="stmt"/>
        <line num="1046" count="1" type="stmt"/>
        <line num="1053" count="28" type="stmt"/>
        <line num="1054" count="28" type="cond" truecount="2" falsecount="0"/>
        <line num="1055" count="26" type="stmt"/>
        <line num="1057" count="2" type="stmt"/>
        <line num="1058" count="2" type="stmt"/>
        <line num="1059" count="2" type="stmt"/>
        <line num="1060" count="2" type="cond" truecount="1" falsecount="1"/>
        <line num="1061" count="2" type="stmt"/>
        <line num="1064" count="2" type="stmt"/>
        <line num="1071" count="21" type="stmt"/>
        <line num="1072" count="21" type="cond" truecount="2" falsecount="0"/>
        <line num="1073" count="20" type="stmt"/>
        <line num="1075" count="1" type="stmt"/>
        <line num="1076" count="1" type="stmt"/>
        <line num="1077" count="1" type="stmt"/>
        <line num="1078" count="1" type="cond" truecount="1" falsecount="1"/>
        <line num="1079" count="1" type="stmt"/>
        <line num="1082" count="1" type="stmt"/>
        <line num="1087" count="20" type="stmt"/>
        <line num="1088" count="20" type="cond" truecount="2" falsecount="0"/>
        <line num="1089" count="19" type="stmt"/>
        <line num="1091" count="1" type="stmt"/>
        <line num="1092" count="1" type="stmt"/>
        <line num="1093" count="3" type="stmt"/>
        <line num="1094" count="3" type="cond" truecount="2" falsecount="0"/>
        <line num="1095" count="1" type="stmt"/>
        <line num="1098" count="1" type="stmt"/>
        <line num="1110" count="11" type="cond" truecount="2" falsecount="0"/>
        <line num="1111" count="26" type="stmt"/>
        <line num="1124" count="15" type="stmt"/>
        <line num="1125" count="15" type="cond" truecount="2" falsecount="0"/>
        <line num="1126" count="5" type="cond" truecount="4" falsecount="0"/>
        <line num="1127" count="1" type="stmt"/>
        <line num="1129" count="4" type="stmt"/>
        <line num="1130" count="4" type="stmt"/>
        <line num="1131" count="8" type="stmt"/>
        <line num="1132" count="8" type="cond" truecount="2" falsecount="0"/>
        <line num="1133" count="5" type="stmt"/>
        <line num="1134" count="5" type="stmt"/>
        <line num="1136" count="1" type="stmt"/>
        <line num="1141" count="4" type="stmt"/>
        <line num="1142" count="4" type="stmt"/>
        <line num="1143" count="4" type="stmt"/>
        <line num="1147" count="10" type="cond" truecount="4" falsecount="0"/>
        <line num="1149" count="5" type="stmt"/>
        <line num="1157" count="2" type="stmt"/>
        <line num="1159" count="2" type="stmt"/>
        <line num="1161" count="1" type="stmt"/>
        <line num="1166" count="20" type="stmt"/>
        <line num="1167" count="20" type="stmt"/>
        <line num="1168" count="20" type="stmt"/>
        <line num="1172" count="20" type="stmt"/>
        <line num="1173" count="13" type="stmt"/>
        <line num="1174" count="13" type="cond" truecount="4" falsecount="0"/>
        <line num="1175" count="10" type="stmt"/>
        <line num="1176" count="10" type="cond" truecount="2" falsecount="0"/>
        <line num="1177" count="10" type="stmt"/>
        <line num="1178" count="10" type="stmt"/>
        <line num="1181" count="20" type="stmt"/>
        <line num="1188" count="14" type="cond" truecount="2" falsecount="0"/>
        <line num="1189" count="5" type="stmt"/>
        <line num="1191" count="9" type="cond" truecount="2" falsecount="0"/>
        <line num="1192" count="2" type="stmt"/>
        <line num="1194" count="7" type="cond" truecount="2" falsecount="0"/>
        <line num="1195" count="6" type="cond" truecount="4" falsecount="1"/>
        <line num="1197" count="1" type="stmt"/>
        <line num="1199" count="0" type="stmt"/>
        <line num="1201" count="1" type="stmt"/>
        <line num="1203" count="1" type="stmt"/>
        <line num="1205" count="3" type="cond" truecount="1" falsecount="1"/>
        <line num="1208" count="1" type="stmt"/>
        <line num="1212" count="18" type="stmt"/>
        <line num="1213" count="18" type="stmt"/>
        <line num="1214" count="18" type="stmt"/>
        <line num="1218" count="18" type="stmt"/>
        <line num="1219" count="11" type="stmt"/>
        <line num="1220" count="11" type="cond" truecount="4" falsecount="0"/>
        <line num="1221" count="7" type="stmt"/>
        <line num="1222" count="7" type="cond" truecount="1" falsecount="1"/>
        <line num="1223" count="7" type="stmt"/>
        <line num="1224" count="7" type="stmt"/>
        <line num="1227" count="18" type="stmt"/>
        <line num="1231" count="10" type="cond" truecount="3" falsecount="1"/>
        <line num="1233" count="7" type="stmt"/>
        <line num="1240" count="1" type="stmt"/>
        <line num="1247" count="2" type="stmt"/>
        <line num="1254" count="0" type="stmt"/>
        <line num="1267" count="19" type="stmt"/>
        <line num="1268" count="19" type="cond" truecount="1" falsecount="1"/>
        <line num="1269" count="0" type="stmt"/>
        <line num="1273" count="19" type="stmt"/>
        <line num="1274" count="19" type="stmt"/>
        <line num="1278" count="18" type="cond" truecount="1" falsecount="1"/>
        <line num="1280" count="1" type="stmt"/>
        <line num="1285" count="1" type="stmt"/>
        <line num="1288" count="18" type="stmt"/>
        <line num="1289" count="18" type="stmt"/>
        <line num="1290" count="18" type="stmt"/>
        <line num="1291" count="14" type="cond" truecount="2" falsecount="0"/>
        <line num="1296" count="1" type="stmt"/>
        <line num="1301" count="13" type="cond" truecount="2" falsecount="0"/>
        <line num="1305" count="2" type="stmt"/>
        <line num="1310" count="2" type="stmt"/>
        <line num="1312" count="11" type="cond" truecount="2" falsecount="0"/>
        <line num="1313" count="1" type="stmt"/>
        <line num="1315" count="10" type="stmt"/>
        <line num="1316" count="10" type="cond" truecount="4" falsecount="0"/>
        <line num="1317" count="14" type="stmt"/>
        <line num="1318" count="14" type="cond" truecount="1" falsecount="1"/>
        <line num="1319" count="14" type="stmt"/>
        <line num="1320" count="14" type="stmt"/>
        <line num="1322" count="18" type="stmt"/>
        <line num="1333" count="7" type="stmt"/>
        <line num="1334" count="7" type="stmt"/>
        <line num="1336" count="1" type="stmt"/>
        <line num="1341" count="6" type="stmt"/>
        <line num="1342" count="6" type="stmt"/>
        <line num="1345" count="6" type="stmt"/>
        <line num="1346" count="6" type="cond" truecount="1" falsecount="1"/>
        <line num="1349" count="7" type="stmt"/>
        <line num="1350" count="7" type="cond" truecount="1" falsecount="1"/>
        <line num="1351" count="0" type="stmt"/>
        <line num="1355" count="6" type="cond" truecount="2" falsecount="0"/>
        <line num="1356" count="0" type="cond" truecount="0" falsecount="2"/>
        <line num="1357" count="0" type="cond" truecount="0" falsecount="2"/>
        <line num="1358" count="0" type="cond" truecount="0" falsecount="2"/>
        <line num="1359" count="0" type="stmt"/>
        <line num="1362" count="6" type="stmt"/>
        <line num="1365" count="6" type="stmt"/>
        <line num="1366" count="6" type="stmt"/>
        <line num="1370" count="7" type="stmt"/>
        <line num="1371" count="7" type="stmt"/>
        <line num="1372" count="2" type="stmt"/>
        <line num="1373" count="2" type="cond" truecount="2" falsecount="0"/>
        <line num="1376" count="1" type="cond" truecount="1" falsecount="1"/>
        <line num="1377" count="0" type="cond" truecount="0" falsecount="2"/>
        <line num="1378" count="0" type="stmt"/>
        <line num="1383" count="2" type="stmt"/>
        <line num="1385" count="2" type="cond" truecount="4" falsecount="0"/>
        <line num="1386" count="1" type="cond" truecount="1" falsecount="1"/>
        <line num="1387" count="1" type="cond" truecount="1" falsecount="1"/>
        <line num="1388" count="1" type="stmt"/>
        <line num="1393" count="6" type="cond" truecount="2" falsecount="0"/>
        <line num="1394" count="1" type="stmt"/>
        <line num="1398" count="6" type="stmt"/>
        <line num="1399" count="6" type="cond" truecount="2" falsecount="0"/>
        <line num="1400" count="3" type="stmt"/>
        <line num="1403" count="6" type="cond" truecount="1" falsecount="1"/>
        <line num="1404" count="0" type="stmt"/>
        <line num="1406" count="6" type="stmt"/>
        <line num="1414" count="6" type="stmt"/>
        <line num="1415" count="6" type="stmt"/>
        <line num="1419" count="6" type="cond" truecount="1" falsecount="1"/>
        <line num="1421" count="0" type="stmt"/>
        <line num="1426" count="0" type="stmt"/>
        <line num="1429" count="6" type="stmt"/>
        <line num="1430" count="6" type="cond" truecount="2" falsecount="0"/>
        <line num="1431" count="3" type="stmt"/>
        <line num="1434" count="3" type="stmt"/>
        <line num="1435" count="0" type="cond" truecount="0" falsecount="3"/>
        <line num="1436" count="0" type="cond" truecount="0" falsecount="2"/>
        <line num="1438" count="3" type="stmt"/>
        <line num="1440" count="3" type="stmt"/>
        <line num="1441" count="3" type="stmt"/>
        <line num="1442" count="3" type="cond" truecount="2" falsecount="2"/>
        <line num="1443" count="3" type="cond" truecount="2" falsecount="2"/>
        <line num="1445" count="3" type="cond" truecount="1" falsecount="1"/>
        <line num="1446" count="0" type="stmt"/>
        <line num="1450" count="3" type="stmt"/>
        <line num="1460" count="9" type="stmt"/>
        <line num="1474" count="8" type="stmt"/>
        <line num="1476" count="8" type="stmt"/>
        <line num="1478" count="8" type="stmt"/>
        <line num="1482" count="8" type="stmt"/>
        <line num="1484" count="0" type="stmt"/>
        <line num="1485" count="0" type="cond" truecount="0" falsecount="2"/>
        <line num="1488" count="8" type="stmt"/>
        <line num="1502" count="6" type="stmt"/>
        <line num="1503" count="6" type="stmt"/>
        <line num="1504" count="6" type="stmt"/>
        <line num="1506" count="8" type="stmt"/>
        <line num="1507" count="8" type="stmt"/>
        <line num="1512" count="2" type="stmt"/>
        <line num="1517" count="2" type="stmt"/>
        <line num="1518" count="2" type="stmt"/>
        <line num="1520" count="0" type="stmt"/>
        <line num="1526" count="2" type="stmt"/>
        <line num="1528" count="6" type="stmt"/>
        <line num="1529" count="6" type="cond" truecount="2" falsecount="0"/>
        <line num="1530" count="2" type="stmt"/>
        <line num="1538" count="4" type="cond" truecount="2" falsecount="0"/>
        <line num="1539" count="1" type="stmt"/>
        <line num="1540" count="1" type="stmt"/>
        <line num="1541" count="1" type="cond" truecount="1" falsecount="1"/>
        <line num="1542" count="0" type="stmt"/>
        <line num="1546" count="1" type="stmt"/>
        <line num="1554" count="3" type="stmt"/>
        <line num="1555" count="3" type="cond" truecount="1" falsecount="1"/>
        <line num="1556" count="3" type="stmt"/>
        <line num="1557" count="3" type="stmt"/>
        <line num="1562" count="0" type="stmt"/>
        <line num="1563" count="0" type="stmt"/>
        <line num="1568" count="0" type="stmt"/>
        <line num="1569" count="0" type="stmt"/>
        <line num="1578" count="4" type="stmt"/>
        <line num="1580" count="4" type="cond" truecount="2" falsecount="0"/>
        <line num="1581" count="1" type="stmt"/>
        <line num="1584" count="3" type="stmt"/>
        <line num="1585" count="3" type="cond" truecount="4" falsecount="0"/>
        <line num="1586" count="2" type="stmt"/>
        <line num="1589" count="2" type="stmt"/>
        <line num="1592" count="1" type="stmt"/>
        <line num="1596" count="15" type="stmt"/>
        <line num="1602" count="1" type="stmt"/>
        <line num="1611" count="13" type="cond" truecount="4" falsecount="0"/>
        <line num="1612" count="3" type="stmt"/>
        <line num="1614" count="10" type="stmt"/>
        <line num="1618" count="2" type="stmt"/>
        <line num="1622" count="2" type="cond" truecount="2" falsecount="0"/>
        <line num="1623" count="1" type="stmt"/>
        <line num="1625" count="1" type="stmt"/>
        <line num="1632" count="2" type="stmt"/>
        <line num="1633" count="2" type="stmt"/>
        <line num="1634" count="2" type="stmt"/>
        <line num="1636" count="0" type="stmt"/>
        <line num="1639" count="2" type="stmt"/>
        <line num="1644" count="2" type="stmt"/>
        <line num="1645" count="2" type="stmt"/>
        <line num="1646" count="2" type="stmt"/>
        <line num="1647" count="1" type="stmt"/>
        <line num="1648" count="1" type="stmt"/>
        <line num="1654" count="2" type="stmt"/>
        <line num="1658" count="2" type="cond" truecount="2" falsecount="0"/>
        <line num="1659" count="1" type="stmt"/>
        <line num="1662" count="1" type="stmt"/>
        <line num="1664" count="2" type="cond" truecount="2" falsecount="0"/>
        <line num="1672" count="1" type="stmt"/>
        <line num="1676" count="1" type="stmt"/>
        <line num="1680" count="2" type="stmt"/>
        <line num="1681" count="2" type="stmt"/>
        <line num="1682" count="2" type="stmt"/>
        <line num="1683" count="8" type="stmt"/>
        <line num="1684" count="26" type="stmt"/>
        <line num="1685" count="26" type="stmt"/>
        <line num="1686" count="26" type="stmt"/>
        <line num="1687" count="26" type="stmt"/>
        <line num="1688" count="26" type="stmt"/>
        <line num="1689" count="26" type="stmt"/>
        <line num="1690" count="26" type="stmt"/>
        <line num="1691" count="26" type="stmt"/>
        <line num="1696" count="2" type="stmt"/>
        <line num="1697" count="14" type="stmt"/>
        <line num="1704" count="2" type="stmt"/>
        <line num="1705" count="2" type="stmt"/>
        <line num="1706" count="2" type="stmt"/>
        <line num="1716" count="1" type="stmt"/>
        <line num="1719" count="2" type="stmt"/>
        <line num="1723" count="117" type="cond" truecount="2" falsecount="0"/>
        <line num="1724" count="116" type="stmt"/>
        <line num="1727" count="1" type="stmt"/>
        <line num="1728" count="1" type="cond" truecount="1" falsecount="1"/>
        <line num="1729" count="1" type="stmt"/>
        <line num="1735" count="0" type="stmt"/>
        <line num="1736" count="0" type="stmt"/>
        <line num="1737" count="0" type="stmt"/>
        <line num="1738" count="0" type="cond" truecount="0" falsecount="2"/>
        <line num="1739" count="0" type="stmt"/>
        <line num="1745" count="0" type="stmt"/>
        <line num="1751" count="8" type="stmt"/>
        <line num="1752" count="8" type="stmt"/>
        <line num="1753" count="8" type="stmt"/>
        <line num="1754" count="8" type="cond" truecount="4" falsecount="0"/>
        <line num="1755" count="2" type="stmt"/>
        <line num="1760" count="2" type="stmt"/>
        <line num="1761" count="2" type="stmt"/>
        <line num="1763" count="2" type="stmt"/>
        <line num="1764" count="2" type="cond" truecount="3" falsecount="1"/>
        <line num="1765" count="0" type="stmt"/>
        <line num="1767" count="2" type="cond" truecount="1" falsecount="1"/>
        <line num="1768" count="2" type="stmt"/>
        <line num="1770" count="2" type="cond" truecount="1" falsecount="1"/>
        <line num="1771" count="0" type="stmt"/>
        <line num="1779" count="12" type="stmt"/>
        <line num="1780" count="12" type="cond" truecount="2" falsecount="0"/>
        <line num="1781" count="2" type="stmt"/>
        <line num="1783" count="10" type="stmt"/>
        <line num="1784" count="11" type="stmt"/>
        <line num="1785" count="11" type="cond" truecount="2" falsecount="0"/>
        <line num="1786" count="1" type="stmt"/>
        <line num="1789" count="10" type="stmt"/>
        <line num="1790" count="10" type="stmt"/>
        <line num="1793" count="11" type="stmt"/>
        <line num="1794" count="11" type="cond" truecount="2" falsecount="0"/>
        <line num="1795" count="1" type="stmt"/>
        <line num="1798" count="9" type="stmt"/>
        <line num="1799" count="13" type="stmt"/>
        <line num="1800" count="13" type="cond" truecount="5" falsecount="0"/>
        <line num="1801" count="3" type="stmt"/>
        <line num="1803" count="10" type="stmt"/>
        <line num="1806" count="9" type="cond" truecount="2" falsecount="0"/>
        <line num="1807" count="5" type="stmt"/>
        <line num="1809" count="4" type="stmt"/>
        <line num="1810" count="4" type="stmt"/>
        <line num="1813" count="6" type="stmt"/>
        <line num="1815" count="5" type="stmt"/>
        <line num="1819" count="2" type="stmt"/>
        <line num="1826" count="2" type="stmt"/>
        <line num="1833" count="3" type="stmt"/>
        <line num="1837" count="2" type="cond" truecount="1" falsecount="1"/>
      </file>
    </package>
    <package name="k8s.src.k8s.utils">
      <metrics statements="392" coveredstatements="387" conditionals="284" coveredconditionals="263" methods="70" coveredmethods="69"/>
      <file name="index.ts" path="/__w/backlog/backlog/work/runner-container-hooks/packages/k8s/src/k8s/utils/index.ts">
        <metrics statements="131" coveredstatements="129" conditionals="95" coveredconditionals="91" methods="19" coveredmethods="19"/>
        <line num="10" count="7" type="stmt"/>
        <line num="11" count="7" type="stmt"/>
        <line num="13" count="7" type="stmt"/>
        <line num="14" count="7" type="stmt"/>
        <line num="16" count="7" type="stmt"/>
        <line num="17" count="7" type="stmt"/>
        <line num="18" count="7" type="stmt"/>
        <line num="20" count="7" type="stmt"/>
        <line num="39" count="5" type="stmt"/>
        <line num="40" count="5" type="stmt"/>
        <line num="43" count="5" type="stmt"/>
        <line num="50" count="5" type="stmt"/>
        <line num="51" count="5" type="stmt"/>
        <line num="52" count="5" type="stmt"/>
        <line num="53" count="5" type="stmt"/>
        <line num="66" count="16" type="stmt"/>
        <line num="67" count="16" type="cond" truecount="2" falsecount="0"/>
        <line num="70" count="2" type="cond" truecount="2" falsecount="0"/>
        <line num="71" count="2" type="stmt"/>
        <line num="74" count="16" type="stmt"/>
        <line num="76" count="16" type="stmt"/>
        <line num="85" count="16" type="stmt"/>
        <line num="86" count="16" type="stmt"/>
        <line num="87" count="16" type="stmt"/>
        <line num="88" count="16" type="stmt"/>
        <line num="101" count="3" type="stmt"/>
        <line num="103" count="3" type="stmt"/>
        <line num="104" count="3" type="cond" truecount="2" falsecount="0"/>
        <line num="105" count="1" type="stmt"/>
        <line num="108" count="1" type="stmt"/>
        <line num="119" count="3" type="stmt"/>
        <line num="120" count="3" type="stmt"/>
        <line num="121" count="3" type="stmt"/>
        <line num="122" count="3" type="stmt"/>
        <line num="123" count="3" type="stmt"/>
        <line num="130" count="19" type="cond" truecount="4" falsecount="0"/>
        <line num="131" count="7" type="stmt"/>
        <line num="133" count="12" type="stmt"/>
        <line num="134" count="12" type="stmt"/>
        <line num="135" count="14" type="cond" truecount="2" falsecount="0"/>
        <line num="141" count="3" type="stmt"/>
        <line num="145" count="11" type="stmt"/>
        <line num="154" count="9" type="cond" truecount="1" falsecount="1"/>
        <line num="155" count="0" type="stmt"/>
        <line num="158" count="9" type="stmt"/>
        <line num="162" count="18" type="stmt"/>
        <line num="163" count="18" type="stmt"/>
        <line num="165" count="18" type="cond" truecount="2" falsecount="0"/>
        <line num="166" count="2" type="stmt"/>
        <line num="169" count="16" type="stmt"/>
        <line num="184" count="5" type="stmt"/>
        <line num="185" count="9" type="cond" truecount="2" falsecount="0"/>
        <line num="186" count="2" type="cond" truecount="1" falsecount="1"/>
        <line num="187" count="0" type="stmt"/>
        <line num="189" count="2" type="stmt"/>
        <line num="190" count="7" type="cond" truecount="2" falsecount="0"/>
        <line num="191" count="1" type="stmt"/>
        <line num="192" count="1" type="stmt"/>
        <line num="193" count="6" type="cond" truecount="2" falsecount="0"/>
        <line num="194" count="2" type="stmt"/>
        <line num="195" count="2" type="stmt"/>
        <line num="196" count="4" type="cond" truecount="4" falsecount="0"/>
        <line num="197" count="1" type="stmt"/>
        <line num="198" count="1" type="stmt"/>
        <line num="199" count="3" type="cond" truecount="4" falsecount="0"/>
        <line num="200" count="2" type="stmt"/>
        <line num="201" count="2" type="stmt"/>
        <line num="203" count="1" type="stmt"/>
        <line num="212" count="2" type="stmt"/>
        <line num="213" count="5" type="cond" truecount="2" falsecount="0"/>
        <line num="214" count="2" type="stmt"/>
        <line num="216" count="1" type="stmt"/>
        <line num="219" count="3" type="cond" truecount="4" falsecount="0"/>
        <line num="220" count="1" type="stmt"/>
        <line num="221" count="1" type="stmt"/>
        <line num="223" count="2" type="stmt"/>
        <line num="232" count="6" type="cond" truecount="4" falsecount="0"/>
        <line num="233" count="2" type="stmt"/>
        <line num="237" count="4" type="cond" truecount="2" falsecount="0"/>
        <line num="238" count="3" type="stmt"/>
        <line num="239" count="3" type="cond" truecount="2" falsecount="0"/>
        <line num="240" count="1" type="stmt"/>
        <line num="242" count="3" type="stmt"/>
        <line num="246" count="4" type="cond" truecount="2" falsecount="0"/>
        <line num="247" count="3" type="stmt"/>
        <line num="248" count="3" type="cond" truecount="2" falsecount="0"/>
        <line num="249" count="1" type="stmt"/>
        <line num="253" count="3" type="stmt"/>
        <line num="259" count="42" type="stmt"/>
        <line num="260" count="42" type="cond" truecount="2" falsecount="0"/>
        <line num="261" count="38" type="stmt"/>
        <line num="263" count="4" type="stmt"/>
        <line num="264" count="4" type="cond" truecount="4" falsecount="0"/>
        <line num="265" count="1" type="stmt"/>
        <line num="267" count="1" type="stmt"/>
        <line num="271" count="3" type="stmt"/>
        <line num="274" count="7" type="stmt"/>
        <line num="275" count="7" type="stmt"/>
        <line num="276" count="7" type="stmt"/>
        <line num="277" count="7" type="stmt"/>
        <line num="278" count="7" type="stmt"/>
        <line num="279" count="7" type="stmt"/>
        <line num="280" count="7" type="stmt"/>
        <line num="284" count="6" type="cond" truecount="2" falsecount="0"/>
        <line num="285" count="6" type="cond" truecount="2" falsecount="0"/>
        <line num="286" count="1" type="stmt"/>
        <line num="288" count="5" type="stmt"/>
        <line num="289" count="5" type="stmt"/>
        <line num="295" count="35" type="cond" truecount="5" falsecount="0"/>
        <line num="296" count="8" type="stmt"/>
        <line num="298" count="27" type="stmt"/>
        <line num="302" count="1" type="stmt"/>
        <line num="306" count="2" type="stmt"/>
        <line num="316" count="39" type="cond" truecount="4" falsecount="0"/>
        <line num="317" count="2" type="stmt"/>
        <line num="323" count="37" type="cond" truecount="2" falsecount="0"/>
        <line num="325" count="39" type="cond" truecount="4" falsecount="0"/>
        <line num="326" count="5" type="stmt"/>
        <line num="327" count="5" type="stmt"/>
        <line num="328" count="5" type="cond" truecount="1" falsecount="1"/>
        <line num="329" count="5" type="cond" truecount="4" falsecount="0"/>
        <line num="335" count="32" type="cond" truecount="2" falsecount="0"/>
        <line num="336" count="27" type="stmt"/>
        <line num="339" count="5" type="cond" truecount="2" falsecount="0"/>
        <line num="344" count="3" type="stmt"/>
        <line num="345" count="3" type="cond" truecount="2" falsecount="0"/>
        <line num="346" count="1" type="stmt"/>
        <line num="348" count="2" type="stmt"/>
        <line num="349" count="2" type="stmt"/>
        <line num="351" count="1" type="stmt"/>
        <line num="357" count="2" type="stmt"/>
      </file>
      <file name="npu-metrics.ts" path="/__w/backlog/backlog/work/runner-container-hooks/packages/k8s/src/k8s/utils/npu-metrics.ts">
        <metrics statements="261" coveredstatements="258" conditionals="189" coveredconditionals="172" methods="51" coveredmethods="50"/>
        <line num="16" count="3" type="stmt"/>
        <line num="17" count="3" type="stmt"/>
        <line num="18" count="3" type="stmt"/>
        <line num="19" count="3" type="stmt"/>
        <line num="21" count="3" type="stmt"/>
        <line num="22" count="3" type="stmt"/>
        <line num="23" count="3" type="stmt"/>
        <line num="25" count="3" type="stmt"/>
        <line num="26" count="3" type="stmt"/>
        <line num="27" count="3" type="stmt"/>
        <line num="28" count="3" type="stmt"/>
        <line num="30" count="3" type="stmt"/>
        <line num="31" count="3" type="stmt"/>
        <line num="32" count="3" type="stmt"/>
        <line num="34" count="3" type="stmt"/>
        <line num="35" count="3" type="stmt"/>
        <line num="74" count="51" type="stmt"/>
        <line num="82" count="5" type="stmt"/>
        <line num="83" count="5" type="cond" truecount="2" falsecount="0"/>
        <line num="84" count="1" type="stmt"/>
        <line num="86" count="4" type="stmt"/>
        <line num="87" count="4" type="cond" truecount="4" falsecount="0"/>
        <line num="88" count="2" type="stmt"/>
        <line num="91" count="2" type="stmt"/>
        <line num="93" count="2" type="stmt"/>
        <line num="99" count="9" type="stmt"/>
        <line num="100" count="9" type="cond" truecount="2" falsecount="0"/>
        <line num="101" count="7" type="stmt"/>
        <line num="103" count="2" type="stmt"/>
        <line num="104" count="2" type="cond" truecount="4" falsecount="0"/>
        <line num="105" count="1" type="stmt"/>
        <line num="108" count="1" type="stmt"/>
        <line num="110" count="1" type="stmt"/>
        <line num="114" count="60" type="stmt"/>
        <line num="115" count="60" type="stmt"/>
        <line num="116" count="107" type="cond" truecount="2" falsecount="0"/>
        <line num="117" count="16" type="cond" truecount="2" falsecount="0"/>
        <line num="118" count="14" type="stmt"/>
        <line num="122" count="46" type="stmt"/>
        <line num="126" count="18" type="cond" truecount="2" falsecount="0"/>
        <line num="130" count="19" type="stmt"/>
        <line num="136" count="8" type="stmt"/>
        <line num="158" count="3" type="stmt"/>
        <line num="188" count="11" type="stmt"/>
        <line num="199" count="13" type="cond" truecount="2" falsecount="0"/>
        <line num="206" count="10" type="cond" truecount="2" falsecount="0"/>
        <line num="212" count="1" type="stmt"/>
        <line num="218" count="9" type="cond" truecount="2" falsecount="0"/>
        <line num="219" count="2" type="stmt"/>
        <line num="221" count="10" type="stmt"/>
        <line num="228" count="7" type="cond" truecount="2" falsecount="0"/>
        <line num="229" count="7" type="cond" truecount="2" falsecount="0"/>
        <line num="233" count="1" type="stmt"/>
        <line num="236" count="6" type="cond" truecount="2" falsecount="0"/>
        <line num="240" count="1" type="stmt"/>
        <line num="243" count="1" type="stmt"/>
        <line num="246" count="5" type="stmt"/>
        <line num="247" count="5" type="stmt"/>
        <line num="249" count="5" type="stmt"/>
        <line num="257" count="7" type="stmt"/>
        <line num="265" count="7" type="stmt"/>
        <line num="266" count="7" type="stmt"/>
        <line num="270" count="39" type="cond" truecount="2" falsecount="0"/>
        <line num="271" count="1" type="stmt"/>
        <line num="273" count="38" type="cond" truecount="2" falsecount="0"/>
        <line num="274" count="37" type="stmt"/>
        <line num="276" count="1" type="stmt"/>
        <line num="282" count="17" type="cond" truecount="2" falsecount="0"/>
        <line num="283" count="2" type="stmt"/>
        <line num="285" count="15" type="stmt"/>
        <line num="286" count="15" type="cond" truecount="2" falsecount="0"/>
        <line num="287" count="2" type="stmt"/>
        <line num="289" count="13" type="stmt"/>
        <line num="290" count="13" type="stmt"/>
        <line num="291" count="13" type="cond" truecount="2" falsecount="0"/>
        <line num="292" count="12" type="stmt"/>
        <line num="294" count="13" type="stmt"/>
        <line num="296" count="15" type="stmt"/>
        <line num="297" count="15" type="stmt"/>
        <line num="299" count="2" type="stmt"/>
        <line num="301" count="13" type="cond" truecount="4" falsecount="0"/>
        <line num="302" count="2" type="stmt"/>
        <line num="304" count="11" type="stmt"/>
        <line num="305" count="11" type="stmt"/>
        <line num="306" count="11" type="cond" truecount="5" falsecount="0"/>
        <line num="307" count="2" type="stmt"/>
        <line num="309" count="9" type="stmt"/>
        <line num="319" count="11" type="cond" truecount="1" falsecount="1"/>
        <line num="321" count="2" type="stmt"/>
        <line num="328" count="14" type="cond" truecount="2" falsecount="0"/>
        <line num="329" count="1" type="stmt"/>
        <line num="331" count="15" type="cond" truecount="2" falsecount="0"/>
        <line num="335" count="111" type="stmt"/>
        <line num="339" count="8" type="stmt"/>
        <line num="340" count="88" type="stmt"/>
        <line num="341" count="88" type="stmt"/>
        <line num="345" count="3" type="stmt"/>
        <line num="364" count="8" type="stmt"/>
        <line num="375" count="8" type="cond" truecount="2" falsecount="0"/>
        <line num="376" count="8" type="stmt"/>
        <line num="377" count="8" type="stmt"/>
        <line num="378" count="8" type="stmt"/>
        <line num="379" count="8" type="stmt"/>
        <line num="380" count="8" type="stmt"/>
        <line num="381" count="8" type="stmt"/>
        <line num="382" count="8" type="stmt"/>
        <line num="383" count="8" type="stmt"/>
        <line num="385" count="88" type="stmt"/>
        <line num="388" count="8" type="stmt"/>
        <line num="389" count="8" type="stmt"/>
        <line num="390" count="8" type="stmt"/>
        <line num="391" count="8" type="stmt"/>
        <line num="392" count="8" type="stmt"/>
        <line num="394" count="8" type="stmt"/>
        <line num="395" count="8" type="stmt"/>
        <line num="398" count="8" type="stmt"/>
        <line num="402" count="3" type="stmt"/>
        <line num="413" count="7" type="stmt"/>
        <line num="422" count="3" type="stmt"/>
        <line num="423" count="3" type="stmt"/>
        <line num="424" count="3" type="stmt"/>
        <line num="426" count="2" type="stmt"/>
        <line num="427" count="2" type="stmt"/>
        <line num="430" count="1" type="stmt"/>
        <line num="431" count="1" type="stmt"/>
        <line num="451" count="18" type="stmt"/>
        <line num="452" count="18" type="cond" truecount="1" falsecount="1"/>
        <line num="453" count="18" type="stmt"/>
        <line num="456" count="18" type="cond" truecount="4" falsecount="0"/>
        <line num="457" count="5" type="stmt"/>
        <line num="460" count="5" type="stmt"/>
        <line num="462" count="17" type="stmt"/>
        <line num="463" count="17" type="stmt"/>
        <line num="472" count="5" type="stmt"/>
        <line num="473" count="5" type="stmt"/>
        <line num="474" count="5" type="cond" truecount="1" falsecount="1"/>
        <line num="478" count="17" type="stmt"/>
        <line num="479" count="17" type="stmt"/>
        <line num="480" count="17" type="stmt"/>
        <line num="490" count="13" type="cond" truecount="2" falsecount="0"/>
        <line num="491" count="13" type="cond" truecount="2" falsecount="0"/>
        <line num="492" count="13" type="cond" truecount="2" falsecount="0"/>
        <line num="493" count="13" type="stmt"/>
        <line num="495" count="13" type="stmt"/>
        <line num="496" count="25" type="cond" truecount="2" falsecount="0"/>
        <line num="497" count="12" type="stmt"/>
        <line num="499" count="25" type="stmt"/>
        <line num="500" count="25" type="stmt"/>
        <line num="507" count="9" type="cond" truecount="4" falsecount="0"/>
        <line num="508" count="8" type="stmt"/>
        <line num="510" count="1" type="stmt"/>
        <line num="512" count="16" type="stmt"/>
        <line num="515" count="17" type="cond" truecount="1" falsecount="1"/>
        <line num="521" count="8" type="cond" truecount="2" falsecount="0"/>
        <line num="522" count="8" type="stmt"/>
        <line num="523" count="18" type="stmt"/>
        <line num="524" count="18" type="cond" truecount="2" falsecount="0"/>
        <line num="525" count="5" type="stmt"/>
        <line num="527" count="13" type="stmt"/>
        <line num="528" count="13" type="stmt"/>
        <line num="529" count="13" type="cond" truecount="1" falsecount="1"/>
        <line num="531" count="0" type="stmt"/>
        <line num="534" count="8" type="stmt"/>
        <line num="535" count="8" type="cond" truecount="2" falsecount="0"/>
        <line num="536" count="3" type="stmt"/>
        <line num="538" count="5" type="stmt"/>
        <line num="546" count="5" type="stmt"/>
        <line num="547" count="5" type="stmt"/>
        <line num="548" count="4" type="stmt"/>
        <line num="550" count="1" type="stmt"/>
        <line num="553" count="1" type="stmt"/>
        <line num="558" count="11" type="cond" truecount="1" falsecount="1"/>
        <line num="559" count="0" type="stmt"/>
        <line num="561" count="11" type="stmt"/>
        <line num="562" count="11" type="cond" truecount="2" falsecount="0"/>
        <line num="566" count="10" type="cond" truecount="1" falsecount="1"/>
        <line num="567" count="10" type="cond" truecount="2" falsecount="0"/>
        <line num="568" count="10" type="stmt"/>
        <line num="572" count="10" type="stmt"/>
        <line num="573" count="8" type="cond" truecount="2" falsecount="0"/>
        <line num="574" count="6" type="stmt"/>
        <line num="575" count="6" type="cond" truecount="1" falsecount="1"/>
        <line num="576" count="6" type="stmt"/>
        <line num="580" count="4" type="stmt"/>
        <line num="581" count="2" type="stmt"/>
        <line num="582" count="2" type="cond" truecount="2" falsecount="0"/>
        <line num="583" count="1" type="stmt"/>
        <line num="586" count="3" type="cond" truecount="2" falsecount="0"/>
        <line num="598" count="9" type="cond" truecount="2" falsecount="0"/>
        <line num="599" count="9" type="stmt"/>
        <line num="600" count="9" type="stmt"/>
        <line num="601" count="9" type="cond" truecount="1" falsecount="1"/>
        <line num="602" count="9" type="stmt"/>
        <line num="606" count="18" type="cond" truecount="2" falsecount="0"/>
        <line num="607" count="8" type="stmt"/>
        <line num="608" count="8" type="cond" truecount="1" falsecount="1"/>
        <line num="609" count="8" type="stmt"/>
        <line num="610" count="8" type="cond" truecount="1" falsecount="1"/>
        <line num="615" count="9" type="cond" truecount="2" falsecount="0"/>
        <line num="616" count="7" type="stmt"/>
        <line num="618" count="9" type="stmt"/>
        <line num="619" count="9" type="cond" truecount="2" falsecount="0"/>
        <line num="622" count="9" type="stmt"/>
        <line num="633" count="9" type="cond" truecount="2" falsecount="0"/>
        <line num="634" count="7" type="stmt"/>
        <line num="636" count="2" type="cond" truecount="2" falsecount="0"/>
        <line num="637" count="9" type="stmt"/>
        <line num="638" count="9" type="cond" truecount="2" falsecount="0"/>
        <line num="639" count="1" type="stmt"/>
        <line num="641" count="1" type="stmt"/>
        <line num="647" count="12" type="stmt"/>
        <line num="648" count="12" type="cond" truecount="2" falsecount="0"/>
        <line num="649" count="1" type="stmt"/>
        <line num="651" count="11" type="cond" truecount="1" falsecount="1"/>
        <line num="652" count="11" type="stmt"/>
        <line num="654" count="12" type="stmt"/>
        <line num="655" count="12" type="cond" truecount="2" falsecount="0"/>
        <line num="656" count="5" type="stmt"/>
        <line num="658" count="6" type="cond" truecount="2" falsecount="0"/>
        <line num="659" count="1" type="stmt"/>
        <line num="661" count="5" type="stmt"/>
        <line num="667" count="4" type="stmt"/>
        <line num="671" count="8" type="cond" truecount="2" falsecount="0"/>
        <line num="672" count="1" type="stmt"/>
        <line num="674" count="7" type="stmt"/>
        <line num="675" count="7" type="stmt"/>
        <line num="676" count="7" type="stmt"/>
        <line num="678" count="1" type="stmt"/>
        <line num="679" count="1" type="stmt"/>
        <line num="681" count="6" type="stmt"/>
        <line num="682" count="16" type="cond" truecount="2" falsecount="0"/>
        <line num="684" count="6" type="cond" truecount="2" falsecount="0"/>
        <line num="685" count="1" type="stmt"/>
        <line num="688" count="5" type="stmt"/>
        <line num="689" count="5" type="stmt"/>
        <line num="690" count="5" type="stmt"/>
        <line num="691" count="5" type="stmt"/>
        <line num="693" count="0" type="stmt"/>
        <line num="696" count="5" type="stmt"/>
        <line num="697" count="5" type="cond" truecount="2" falsecount="0"/>
        <line num="698" count="1" type="stmt"/>
        <line num="701" count="1" type="stmt"/>
        <line num="704" count="4" type="stmt"/>
        <line num="705" count="8" type="stmt"/>
        <line num="706" count="8" type="stmt"/>
        <line num="707" count="8" type="stmt"/>
        <line num="709" count="1" type="stmt"/>
        <line num="722" count="8" type="stmt"/>
        <line num="723" count="7" type="cond" truecount="4" falsecount="0"/>
        <line num="724" count="1" type="stmt"/>
        <line num="725" count="1" type="stmt"/>
        <line num="728" count="6" type="stmt"/>
        <line num="729" count="6" type="stmt"/>
        <line num="741" count="8" type="stmt"/>
        <line num="746" count="8" type="stmt"/>
        <line num="747" count="8" type="stmt"/>
        <line num="748" count="8" type="stmt"/>
        <line num="749" count="4" type="stmt"/>
        <line num="751" count="2" type="stmt"/>
        <line num="752" count="2" type="stmt"/>
        <line num="753" count="2" type="stmt"/>
      </file>
    </package>
  </project>
</coverage>
