TN:
SF:packages/hooklib/src/index.ts
FNF:0
FNH:0
LF:0
LH:0
BRF:0
BRH:0
end_of_record
TN:
SF:packages/hooklib/src/interfaces.ts
FN:1,(anonymous_0)
FN:72,(anonymous_1)
FNF:2
FNH:2
FNDA:1,(anonymous_0)
FNDA:1,(anonymous_1)
DA:1,1
DA:2,1
DA:3,1
DA:4,1
DA:5,1
DA:72,1
DA:73,1
DA:74,1
LF:8
LH:8
BRF:0
BRH:0
end_of_record
TN:
SF:packages/hooklib/src/utils/index.ts
FN:7,getInputFromStdin
FN:14,(anonymous_1)
FN:22,writeToResponseFile
FN:35,toCommandValue
FNF:4
FNH:2
FNDA:0,getInputFromStdin
FNDA:0,(anonymous_1)
FNDA:16,writeToResponseFile
FNDA:14,toCommandValue
DA:8,0
DA:10,0
DA:14,0
DA:15,0
DA:17,0
DA:18,0
DA:19,0
DA:23,16
DA:24,1
DA:26,15
DA:27,1
DA:30,14
DA:36,14
DA:37,2
DA:38,12
DA:39,11
DA:41,1
LF:17
LH:10
BRDA:23,0,0,1
BRDA:23,0,1,15
BRDA:26,1,0,1
BRDA:26,1,1,14
BRDA:36,2,0,2
BRDA:36,2,1,12
BRDA:36,3,0,14
BRDA:36,3,1,13
BRDA:38,4,0,11
BRDA:38,4,1,1
BRDA:38,5,0,12
BRDA:38,5,1,1
BRF:12
BRH:12
end_of_record
TN:
SF:packages/k8s/src/index.ts
FN:17,run
FNF:1
FNH:0
FNDA:0,run
DA:18,0
DA:19,0
DA:21,0
DA:22,0
DA:23,0
DA:24,0
DA:25,0
DA:26,0
DA:33,0
DA:34,0
DA:36,0
DA:37,0
DA:39,0
DA:40,0
DA:42,0
DA:43,0
DA:45,0
DA:46,0
DA:48,0
DA:51,0
DA:52,0
DA:56,0
LF:22
LH:0
BRDA:25,0,0,0
BRDA:25,0,1,0
BRDA:34,1,0,0
BRDA:34,1,1,0
BRDA:34,1,2,0
BRDA:34,1,3,0
BRDA:34,1,4,0
BRF:7
BRH:0
end_of_record
TN:
SF:packages/k8s/src/hooks/cleanup-job.ts
FN:11,cleanupJob
FNF:1
FNH:1
FNDA:4,cleanupJob
DA:12,4
DA:13,3
DA:14,3
DA:16,1
DA:19,4
LF:5
LH:5
BRDA:12,0,0,3
BRDA:12,0,1,1
BRF:2
BRH:2
end_of_record
TN:
SF:packages/k8s/src/hooks/constants.ts
FN:3,getRunnerPodName
FN:13,getJobPodName
FN:20,getStepPodName
FN:27,getVolumeClaimName
FN:35,getSecretName
FN:50,constructor
FN:54,key
FN:58,value
FN:62,toString
FNF:9
FNH:8
FNDA:86,getRunnerPodName
FNDA:42,getJobPodName
FNDA:18,getStepPodName
FNDA:0,getVolumeClaimName
FNDA:4,getSecretName
FNDA:17,constructor
FNDA:10,key
FNDA:10,value
FNDA:7,toString
DA:4,86
DA:5,86
DA:6,0
DA:10,86
DA:14,42
DA:21,18
DA:28,0
DA:29,0
DA:30,0
DA:32,0
DA:36,4
DA:42,7
DA:43,7
DA:44,7
DA:45,7
DA:46,7
DA:51,17
DA:55,10
DA:59,10
DA:63,7
LF:20
LH:15
BRDA:5,0,0,0
BRDA:5,0,1,86
BRDA:29,1,0,0
BRDA:29,1,1,0
BRF:4
BRH:1
end_of_record
TN:
SF:packages/k8s/src/hooks/index.ts
FNF:0
FNH:0
LF:0
LH:0
BRF:0
BRH:0
end_of_record
TN:
SF:packages/k8s/src/hooks/prepare-job.ts
FN:40,prepareJob
FN:73,(anonymous_1)
FN:235,generateResponseFile
FN:253,(anonymous_3)
FN:275,(anonymous_4)
FN:278,(anonymous_5)
FN:279,(anonymous_6)
FN:299,createContainerSpec
FN:354,(anonymous_8)
FNF:9
FNH:8
FNDA:20,prepareJob
FNDA:6,(anonymous_1)
FNDA:8,generateResponseFile
FNDA:8,(anonymous_3)
FNDA:0,(anonymous_4)
FNDA:10,(anonymous_5)
FNDA:6,(anonymous_6)
FNDA:35,createContainerSpec
FNDA:1,(anonymous_8)
DA:44,20
DA:45,1
DA:48,19
DA:50,19
DA:52,19
DA:53,19
DA:54,18
DA:60,18
DA:63,19
DA:64,19
DA:65,19
DA:66,4
DA:67,4
DA:68,6
DA:69,6
DA:72,4
DA:73,4
DA:74,6
DA:75,6
DA:76,6
DA:79,6
DA:80,4
DA:82,2
DA:85,6
DA:86,6
DA:87,6
DA:91,19
DA:92,1
DA:95,18
DA:96,18
DA:97,18
DA:105,6
DA:106,6
DA:113,6
DA:114,6
DA:121,6
DA:122,6
DA:125,6
DA:127,6
DA:130,6
DA:133,5
DA:134,5
DA:137,5
DA:138,5
DA:139,5
DA:140,2
DA:143,2
DA:149,6
DA:159,6
DA:162,12
DA:163,1
DA:165,11
DA:169,20
DA:170,20
DA:171,1
DA:173,10
DA:176,10
DA:177,2
DA:180,10
DA:181,10
DA:188,1
DA:192,1
DA:193,1
DA:196,9
DA:198,9
DA:199,2
DA:205,2
DA:206,2
DA:207,2
DA:215,2
DA:218,9
DA:220,9
DA:221,9
DA:222,9
DA:227,1
DA:228,1
DA:229,1
DA:231,8
DA:232,8
DA:242,8
DA:243,0
DA:245,8
DA:253,8
DA:254,8
DA:256,8
DA:257,8
DA:258,8
DA:259,8
DA:260,0
DA:265,8
DA:271,8
DA:273,4
DA:275,0
DA:277,4
DA:278,10
DA:280,6
DA:281,6
DA:282,1
DA:283,1
DA:284,1
DA:289,6
DA:296,8
DA:305,35
DA:306,1
DA:307,1
DA:310,35
DA:315,35
DA:316,1
DA:319,35
DA:320,28
DA:323,35
DA:324,20
DA:327,35
DA:328,35
DA:331,2
DA:332,1
DA:336,35
DA:341,35
DA:342,34
DA:348,35
DA:350,35
DA:351,34
DA:354,1
DA:355,1
DA:358,35
DA:359,1
DA:362,1
LF:127
LH:124
BRDA:44,0,0,1
BRDA:44,0,1,19
BRDA:53,1,0,18
BRDA:53,1,1,1
BRDA:65,2,0,4
BRDA:65,2,1,15
BRDA:69,3,0,6
BRDA:69,3,1,4
BRDA:75,4,0,6
BRDA:75,4,1,0
BRDA:76,5,0,6
BRDA:76,5,1,4
BRDA:79,6,0,4
BRDA:79,6,1,2
BRDA:91,7,0,1
BRDA:91,7,1,18
BRDA:91,8,0,19
BRDA:91,8,1,1
BRDA:113,9,0,6
BRDA:113,9,1,0
BRDA:127,10,0,5
BRDA:127,10,1,1
BRDA:130,11,0,5
BRDA:130,11,1,1
BRDA:130,12,0,6
BRDA:130,12,1,5
BRDA:130,12,2,5
BRDA:139,13,0,2
BRDA:139,13,1,3
BRDA:162,14,0,1
BRDA:162,14,1,11
BRDA:170,15,0,1
BRDA:170,15,1,19
BRDA:176,16,0,2
BRDA:176,16,1,8
BRDA:177,17,0,2
BRDA:177,17,1,0
BRDA:192,18,0,1
BRDA:192,18,1,0
BRDA:198,19,0,2
BRDA:198,19,1,7
BRDA:206,20,0,2
BRDA:206,20,1,0
BRDA:242,21,0,0
BRDA:242,21,1,8
BRDA:256,22,0,8
BRDA:256,22,1,0
BRDA:258,23,0,8
BRDA:258,23,1,0
BRDA:271,24,0,4
BRDA:271,24,1,4
BRDA:273,25,0,4
BRDA:273,25,1,0
BRDA:273,26,0,4
BRDA:273,26,1,4
BRDA:275,27,0,0
BRDA:275,27,1,0
BRDA:281,28,0,1
BRDA:281,28,1,5
BRDA:283,29,0,1
BRDA:283,29,1,0
BRDA:283,30,0,1
BRDA:283,30,1,1
BRDA:302,31,0,35
BRDA:305,32,0,1
BRDA:305,32,1,34
BRDA:305,33,0,35
BRDA:305,33,1,8
BRDA:315,34,0,1
BRDA:315,34,1,34
BRDA:319,35,0,28
BRDA:319,35,1,7
BRDA:323,36,0,20
BRDA:323,36,1,15
BRDA:323,37,0,35
BRDA:323,37,1,20
BRDA:329,38,0,35
BRDA:329,38,1,9
BRDA:331,39,0,1
BRDA:331,39,1,1
BRDA:331,40,0,2
BRDA:331,40,1,2
BRDA:341,41,0,34
BRDA:341,41,1,1
BRDA:341,42,0,35
BRDA:341,42,1,9
BRDA:350,43,0,34
BRDA:350,43,1,1
BRDA:358,44,0,1
BRDA:358,44,1,34
BRF:90
BRH:78
end_of_record
TN:
SF:packages/k8s/src/hooks/run-container-step.ts
FN:36,runContainerStep
FN:169,(anonymous_1)
FN:181,classifyScriptError
FN:192,(anonymous_3)
FN:234,(anonymous_4)
FN:246,createContainerSpec
FN:263,(anonymous_6)
FNF:7
FNH:5
FNDA:20,runContainerStep
FNDA:0,(anonymous_1)
FNDA:7,classifyScriptError
FNDA:5,(anonymous_3)
FNDA:2,(anonymous_4)
FNDA:18,createContainerSpec
FNDA:0,(anonymous_6)
DA:39,20
DA:40,1
DA:43,19
DA:44,1
DA:49,18
DA:50,20
DA:51,20
DA:52,17
DA:55,18
DA:57,18
DA:58,18
DA:61,18
DA:62,18
DA:64,2
DA:65,2
DA:66,2
DA:69,16
DA:70,1
DA:76,15
DA:78,15
DA:79,15
DA:86,14
DA:87,14
DA:88,14
DA:89,1
DA:93,13
DA:94,13
DA:95,13
DA:96,13
DA:97,1
DA:99,12
DA:101,12
DA:104,12
DA:106,12
DA:114,12
DA:116,12
DA:118,12
DA:119,12
DA:120,12
DA:125,10
DA:126,3
DA:132,7
DA:137,7
DA:139,9
DA:141,9
DA:146,7
DA:148,2
DA:149,2
DA:151,12
DA:154,12
DA:155,12
DA:156,11
DA:157,11
DA:158,1
DA:159,1
DA:166,12
DA:167,12
DA:169,15
DA:170,0
DA:186,7
DA:187,7
DA:188,7
DA:190,7
DA:191,7
DA:192,6
DA:193,5
DA:195,7
DA:196,7
DA:197,4
DA:199,4
DA:203,4
DA:204,1
DA:205,1
DA:206,1
DA:210,3
DA:213,3
DA:219,2
DA:221,6
DA:222,1
DA:228,1
DA:231,7
DA:232,1
DA:234,2
DA:236,1
DA:239,7
DA:240,7
DA:241,3
DA:243,7
DA:250,18
DA:251,18
DA:252,18
DA:253,18
DA:254,18
DA:255,18
DA:257,18
DA:259,18
DA:260,18
DA:263,0
DA:264,0
DA:266,18
DA:267,0
DA:270,0
LF:102
LH:97
BRDA:39,0,0,1
BRDA:39,0,1,19
BRDA:43,1,0,1
BRDA:43,1,1,18
BRDA:49,2,0,18
BRDA:49,2,1,0
BRDA:51,3,0,17
BRDA:51,3,1,3
BRDA:69,4,0,1
BRDA:69,4,1,15
BRDA:88,5,0,1
BRDA:88,5,1,13
BRDA:88,6,0,14
BRDA:88,6,1,13
BRDA:96,7,0,1
BRDA:96,7,1,12
BRDA:125,8,0,3
BRDA:125,8,1,7
BRDA:141,9,0,7
BRDA:141,9,1,2
BRDA:142,10,0,9
BRDA:142,10,1,9
BRDA:142,10,2,9
BRDA:157,11,0,1
BRDA:157,11,1,10
BRDA:196,12,0,4
BRDA:196,12,1,2
BRDA:197,13,0,4
BRDA:197,13,1,0
BRDA:199,14,0,4
BRDA:199,14,1,3
BRDA:199,14,2,3
BRDA:199,14,3,3
BRDA:199,14,4,0
BRDA:203,15,0,1
BRDA:203,15,1,3
BRDA:204,16,0,0
BRDA:204,16,1,1
BRDA:221,17,0,1
BRDA:221,17,1,5
BRDA:223,18,0,1
BRDA:223,18,1,0
BRDA:231,19,0,1
BRDA:231,19,1,6
BRDA:240,20,0,3
BRDA:240,20,1,4
BRDA:259,21,0,18
BRDA:259,21,1,0
BRDA:266,22,0,0
BRDA:266,22,1,18
BRF:50
BRH:43
end_of_record
TN:
SF:packages/k8s/src/hooks/run-script-step.ts
FN:16,formatScriptError
FN:26,(anonymous_1)
FN:35,runScriptStep
FNF:3
FNH:3
FNDA:2,formatScriptError
FNDA:2,(anonymous_1)
FNDA:10,runScriptStep
DA:17,2
DA:18,2
DA:22,2
DA:23,2
DA:24,2
DA:26,2
DA:28,2
DA:30,2
DA:31,2
DA:32,2
DA:40,10
DA:41,2
DA:47,8
DA:48,8
DA:56,8
DA:57,8
DA:58,8
DA:59,8
DA:61,8
DA:70,8
DA:76,8
DA:93,8
DA:94,8
DA:100,1
DA:101,1
DA:102,1
DA:106,7
DA:107,7
DA:108,7
DA:109,7
DA:114,5
DA:115,2
DA:118,4
DA:119,4
DA:123,3
DA:125,1
DA:126,1
DA:128,7
DA:129,7
DA:131,0
DA:135,3
DA:136,3
DA:139,3
DA:145,1
LF:44
LH:43
BRDA:23,0,0,2
BRDA:23,0,1,0
BRDA:31,1,0,2
BRDA:31,1,1,0
BRDA:40,2,0,2
BRDA:40,2,1,8
BRDA:114,3,0,2
BRDA:114,3,1,3
BRDA:119,4,0,3
BRDA:119,4,1,1
BRDA:120,5,0,4
BRDA:120,5,1,4
BRF:12
BRH:10
end_of_record
TN:
SF:packages/k8s/src/k8s/heartbeat.ts
FN:11,parsePositiveMsEnv
FN:25,constructor
FN:30,shouldLog
FN:39,stop
FN:53,start
FN:59,(anonymous_5)
FN:64,(anonymous_6)
FN:86,(anonymous_7)
FN:95,(anonymous_8)
FN:100,(anonymous_9)
FN:106,(anonymous_10)
FNF:11
FNH:11
FNDA:22,parsePositiveMsEnv
FNDA:20,constructor
FNDA:38,shouldLog
FNDA:21,stop
FNDA:16,start
FNDA:9,(anonymous_5)
FNDA:3,(anonymous_6)
FNDA:1,(anonymous_7)
FNDA:1,(anonymous_8)
FNDA:1,(anonymous_9)
FNDA:21,(anonymous_10)
DA:15,22
DA:16,22
DA:20,20
DA:21,20
DA:22,20
DA:23,2
DA:26,20
DA:27,20
DA:31,38
DA:32,38
DA:33,8
DA:34,8
DA:36,30
DA:40,21
DA:41,8
DA:43,21
DA:44,9
DA:45,9
DA:47,21
DA:48,6
DA:49,6
DA:54,16
DA:57,16
DA:59,16
DA:60,9
DA:61,1
DA:62,1
DA:64,9
DA:65,3
DA:68,3
DA:69,3
DA:70,3
DA:74,3
DA:84,16
DA:86,16
DA:87,1
DA:88,0
DA:90,1
DA:91,1
DA:95,16
DA:96,1
DA:97,1
DA:100,16
DA:101,1
DA:102,1
DA:106,16
DA:107,21
DA:109,4
DA:111,17
DA:112,16
DA:113,16
DA:114,16
DA:115,8
DA:116,8
DA:118,15
DA:119,0
DA:122,1
DA:123,1
DA:127,1
DA:128,0
DA:132,1
LF:61
LH:58
BRDA:15,0,0,22
BRDA:15,0,1,15
BRDA:16,1,0,3
BRDA:16,1,1,19
BRDA:16,2,0,22
BRDA:16,2,1,5
BRDA:32,3,0,8
BRDA:32,3,1,30
BRDA:40,4,0,8
BRDA:40,4,1,13
BRDA:43,5,0,9
BRDA:43,5,1,12
BRDA:47,6,0,6
BRDA:47,6,1,15
BRDA:60,7,0,1
BRDA:60,7,1,8
BRDA:87,8,0,0
BRDA:87,8,1,1
BRDA:90,9,0,1
BRDA:90,9,1,0
BRDA:107,10,0,4
BRDA:107,10,1,17
BRDA:111,11,0,16
BRDA:111,11,1,1
BRDA:114,12,0,8
BRDA:114,12,1,8
BRDA:118,13,0,0
BRDA:118,13,1,15
BRDA:127,14,0,0
BRDA:127,14,1,1
BRF:30
BRH:26
end_of_record
TN:
SF:packages/k8s/src/k8s/index.ts
FN:69,createJobPod
FN:189,createContainerStepPod
FN:242,deletePod
FN:250,execPodStep
FN:278,(anonymous_4)
FN:292,(anonymous_5)
FN:300,(anonymous_6)
FN:306,(anonymous_7)
FN:307,(anonymous_8)
FN:314,(anonymous_9)
FN:337,(anonymous_10)
FN:346,(anonymous_11)
FN:353,(anonymous_12)
FN:354,(anonymous_13)
FN:361,(anonymous_14)
FN:379,execPodStepWithOutput
FN:391,(anonymous_16)
FN:399,(anonymous_17)
FN:407,(anonymous_18)
FN:414,(anonymous_19)
FN:426,write
FN:437,write_2
FN:451,(anonymous_22)
FN:456,(anonymous_23)
FN:466,(anonymous_24)
FN:485,(anonymous_25)
FN:503,execCalculateOutputHashSorted
FN:512,write_3
FN:522,(anonymous_28)
FN:532,(anonymous_29)
FN:548,(anonymous_30)
FN:556,(anonymous_31)
FN:565,localCalculateOutputHashSorted
FN:568,(anonymous_33)
FN:575,(anonymous_34)
FN:579,(anonymous_35)
FN:584,(anonymous_36)
FN:599,execCpToPod
FN:622,(anonymous_38)
FN:633,(anonymous_39)
FN:644,(anonymous_40)
FN:685,(anonymous_41)
FN:688,(anonymous_42)
FN:690,(anonymous_43)
FN:693,(anonymous_44)
FN:697,(anonymous_45)
FN:701,(anonymous_46)
FN:720,execCpFromPod
FN:756,(anonymous_48)
FN:773,(anonymous_49)
FN:783,(anonymous_50)
FN:824,(anonymous_51)
FN:827,(anonymous_52)
FN:829,(anonymous_53)
FN:832,(anonymous_54)
FN:836,(anonymous_55)
FN:840,(anonymous_56)
FN:859,waitForJobToComplete
FN:873,createDockerSecret
FN:914,createSecretForEnvs
FN:942,deleteSecret
FN:949,pruneSecrets
FN:960,(anonymous_62)
FN:1052,getUnrecoverableWaitingReasons
FN:1070,getUnrecoverableEventReasons
FN:1085,getUnrecoverableTerminatedReasons
FN:1107,isPermanentSchedulingFailure
FN:1111,(anonymous_67)
FN:1123,getPermanentSchedulingPatterns
FN:1146,getWaitingReasonHint
FN:1165,getContainerErrors
FN:1184,getTerminatedReasonHint
FN:1211,getContainerTerminatedErrors
FN:1230,getEventReasonHint
FN:1266,getPodEventErrors
FN:1331,describePodFailure
FN:1412,describePodWarningEvents
FN:1429,(anonymous_77)
FN:1434,(anonymous_78)
FN:1438,(anonymous_79)
FN:1441,(anonymous_80)
FN:1459,getPodConditionErrors
FN:1469,checkUnrecoverableErrors
FN:1482,(anonymous_83)
FN:1484,(anonymous_84)
FN:1496,waitForPodPhases
FN:1576,getPrepareJobTimeoutSeconds
FN:1595,readPod
FN:1610,parsePodPhase
FN:1617,isJobSucceeded
FN:1628,getPodLogs
FN:1634,(anonymous_91)
FN:1644,(anonymous_92)
FN:1645,(anonymous_93)
FN:1646,(anonymous_94)
FN:1653,prunePods
FN:1664,(anonymous_96)
FN:1669,getPodStatus
FN:1679,isAuthPermissionsOK
FN:1697,(anonymous_99)
FN:1700,isPodContainerAlpine
FN:1722,namespace
FN:1727,(anonymous_102)
FN:1753,constructor
FN:1759,backOff
FN:1760,(anonymous_105)
FN:1776,containerPorts
FN:1798,(anonymous_107)
FN:1818,getPodByName
FN:1825,getSecretByName
FN:1832,listPodsByRunnerInstance
FNF:111
FNH:80
FNDA:5,createJobPod
FNDA:1,createContainerStepPod
FNDA:3,deletePod
FNDA:7,execPodStep
FNDA:7,(anonymous_4)
FNDA:6,(anonymous_5)
FNDA:6,(anonymous_6)
FNDA:0,(anonymous_7)
FNDA:0,(anonymous_8)
FNDA:0,(anonymous_9)
FNDA:6,(anonymous_10)
FNDA:5,(anonymous_11)
FNDA:2,(anonymous_12)
FNDA:0,(anonymous_13)
FNDA:1,(anonymous_14)
FNDA:5,execPodStepWithOutput
FNDA:2,(anonymous_16)
FNDA:1,(anonymous_17)
FNDA:0,(anonymous_18)
FNDA:5,(anonymous_19)
FNDA:1,write
FNDA:0,write_2
FNDA:4,(anonymous_22)
FNDA:5,(anonymous_23)
FNDA:3,(anonymous_24)
FNDA:2,(anonymous_25)
FNDA:3,execCalculateOutputHashSorted
FNDA:2,write_3
FNDA:3,(anonymous_28)
FNDA:2,(anonymous_29)
FNDA:1,(anonymous_30)
FNDA:4,(anonymous_31)
FNDA:2,localCalculateOutputHashSorted
FNDA:2,(anonymous_33)
FNDA:1,(anonymous_34)
FNDA:2,(anonymous_35)
FNDA:2,(anonymous_36)
FNDA:0,execCpToPod
FNDA:0,(anonymous_38)
FNDA:0,(anonymous_39)
FNDA:0,(anonymous_40)
FNDA:0,(anonymous_41)
FNDA:0,(anonymous_42)
FNDA:0,(anonymous_43)
FNDA:0,(anonymous_44)
FNDA:0,(anonymous_45)
FNDA:0,(anonymous_46)
FNDA:0,execCpFromPod
FNDA:0,(anonymous_48)
FNDA:0,(anonymous_49)
FNDA:0,(anonymous_50)
FNDA:0,(anonymous_51)
FNDA:0,(anonymous_52)
FNDA:0,(anonymous_53)
FNDA:0,(anonymous_54)
FNDA:0,(anonymous_55)
FNDA:0,(anonymous_56)
FNDA:2,waitForJobToComplete
FNDA:2,createDockerSecret
FNDA:2,createSecretForEnvs
FNDA:3,deleteSecret
FNDA:2,pruneSecrets
FNDA:3,(anonymous_62)
FNDA:28,getUnrecoverableWaitingReasons
FNDA:21,getUnrecoverableEventReasons
FNDA:20,getUnrecoverableTerminatedReasons
FNDA:11,isPermanentSchedulingFailure
FNDA:26,(anonymous_67)
FNDA:15,getPermanentSchedulingPatterns
FNDA:10,getWaitingReasonHint
FNDA:20,getContainerErrors
FNDA:14,getTerminatedReasonHint
FNDA:18,getContainerTerminatedErrors
FNDA:10,getEventReasonHint
FNDA:19,getPodEventErrors
FNDA:7,describePodFailure
FNDA:6,describePodWarningEvents
FNDA:3,(anonymous_77)
FNDA:0,(anonymous_78)
FNDA:0,(anonymous_79)
FNDA:3,(anonymous_80)
FNDA:9,getPodConditionErrors
FNDA:8,checkUnrecoverableErrors
FNDA:0,(anonymous_83)
FNDA:0,(anonymous_84)
FNDA:6,waitForPodPhases
FNDA:4,getPrepareJobTimeoutSeconds
FNDA:15,readPod
FNDA:13,parsePodPhase
FNDA:2,isJobSucceeded
FNDA:2,getPodLogs
FNDA:0,(anonymous_91)
FNDA:2,(anonymous_92)
FNDA:1,(anonymous_93)
FNDA:1,(anonymous_94)
FNDA:2,prunePods
FNDA:2,(anonymous_96)
FNDA:1,getPodStatus
FNDA:2,isAuthPermissionsOK
FNDA:14,(anonymous_99)
FNDA:2,isPodContainerAlpine
FNDA:117,namespace
FNDA:1,(anonymous_102)
FNDA:8,constructor
FNDA:2,backOff
FNDA:2,(anonymous_105)
FNDA:12,containerPorts
FNDA:13,(anonymous_107)
FNDA:2,getPodByName
FNDA:2,getSecretByName
FNDA:3,listPodsByRunnerInstance
DA:32,1
DA:34,1
DA:36,1
DA:37,1
DA:38,1
DA:40,1
DA:42,1
DA:76,5
DA:77,5
DA:78,4
DA:80,5
DA:81,1
DA:84,5
DA:86,5
DA:87,5
DA:89,5
DA:90,5
DA:92,5
DA:93,5
DA:96,5
DA:98,5
DA:99,5
DA:100,5
DA:106,5
DA:107,5
DA:109,5
DA:116,5
DA:117,5
DA:120,5
DA:148,5
DA:150,5
DA:165,5
DA:166,0
DA:167,0
DA:168,0
DA:170,0
DA:171,0
DA:172,0
DA:175,5
DA:176,1
DA:179,5
DA:180,1
DA:183,5
DA:194,1
DA:196,1
DA:197,1
DA:199,1
DA:200,1
DA:202,1
DA:203,1
DA:206,1
DA:208,1
DA:209,1
DA:211,1
DA:213,1
DA:228,1
DA:229,0
DA:232,1
DA:233,0
DA:236,1
DA:243,3
DA:256,7
DA:257,7
DA:261,7
DA:263,7
DA:264,7
DA:268,7
DA:272,7
DA:276,7
DA:278,7
DA:279,7
DA:280,7
DA:282,7
DA:293,6
DA:297,6
DA:300,6
DA:301,6
DA:302,6
DA:306,0
DA:307,0
DA:308,0
DA:311,0
DA:314,0
DA:315,0
DA:316,0
DA:317,0
DA:319,0
DA:324,6
DA:325,3
DA:326,3
DA:327,3
DA:329,3
DA:332,3
DA:333,3
DA:338,6
DA:339,6
DA:340,6
DA:341,4
DA:343,2
DA:347,5
DA:348,5
DA:351,5
DA:352,5
DA:353,2
DA:354,2
DA:355,0
DA:358,0
DA:361,2
DA:362,1
DA:363,1
DA:365,2
DA:369,4
DA:386,5
DA:387,5
DA:390,5
DA:391,5
DA:392,2
DA:393,2
DA:394,2
DA:398,5
DA:399,5
DA:400,1
DA:401,1
DA:402,1
DA:403,2
DA:406,5
DA:407,5
DA:408,0
DA:409,0
DA:410,0
DA:411,0
DA:414,5
DA:415,5
DA:416,0
DA:417,0
DA:419,5
DA:420,0
DA:421,0
DA:425,5
DA:427,1
DA:428,1
DA:429,1
DA:430,1
DA:432,0
DA:436,5
DA:438,0
DA:439,0
DA:440,0
DA:441,0
DA:443,0
DA:451,5
DA:452,4
DA:453,4
DA:456,5
DA:457,5
DA:468,3
DA:469,3
DA:470,3
DA:471,1
DA:476,2
DA:477,2
DA:478,1
DA:480,1
DA:491,2
DA:492,2
DA:493,2
DA:494,2
DA:495,1
DA:497,1
DA:508,3
DA:510,3
DA:511,3
DA:513,2
DA:514,2
DA:515,2
DA:517,0
DA:522,3
DA:523,3
DA:534,2
DA:535,2
DA:536,1
DA:538,1
DA:544,1
DA:548,1
DA:551,1
DA:554,1
DA:556,4
DA:558,1
DA:560,1
DA:561,1
DA:562,1
DA:568,2
DA:570,2
DA:574,2
DA:575,2
DA:576,1
DA:578,2
DA:579,2
DA:580,2
DA:582,1
DA:584,2
DA:586,1
DA:588,1
DA:589,1
DA:590,1
DA:592,1
DA:604,0
DA:606,0
DA:607,0
DA:608,0
DA:609,0
DA:612,0
DA:620,0
DA:621,0
DA:622,0
DA:623,0
DA:634,0
DA:635,0
DA:641,0
DA:644,0
DA:646,0
DA:648,0
DA:649,0
DA:650,0
DA:651,0
DA:655,0
DA:659,0
DA:660,0
DA:661,0
DA:662,0
DA:664,0
DA:671,0
DA:677,0
DA:678,0
DA:681,0
DA:684,0
DA:685,0
DA:687,0
DA:688,0
DA:690,0
DA:691,0
DA:693,0
DA:694,0
DA:696,0
DA:698,0
DA:699,0
DA:702,0
DA:703,0
DA:705,0
DA:706,0
DA:707,0
DA:708,0
DA:709,0
DA:712,0
DA:714,0
DA:715,0
DA:725,0
DA:726,0
DA:734,0
DA:735,0
DA:738,0
DA:739,0
DA:740,0
DA:742,0
DA:743,0
DA:744,0
DA:745,0
DA:753,0
DA:754,0
DA:756,0
DA:761,0
DA:762,0
DA:763,0
DA:774,0
DA:775,0
DA:783,0
DA:785,0
DA:787,0
DA:788,0
DA:789,0
DA:790,0
DA:794,0
DA:798,0
DA:799,0
DA:800,0
DA:801,0
DA:803,0
DA:810,0
DA:816,0
DA:817,0
DA:820,0
DA:823,0
DA:824,0
DA:826,0
DA:827,0
DA:829,0
DA:830,0
DA:832,0
DA:833,0
DA:835,0
DA:837,0
DA:838,0
DA:841,0
DA:842,0
DA:844,0
DA:845,0
DA:846,0
DA:847,0
DA:848,0
DA:851,0
DA:853,0
DA:854,0
DA:860,2
DA:861,2
DA:862,2
DA:863,2
DA:864,1
DA:867,1
DA:869,0
DA:876,2
DA:888,2
DA:890,2
DA:891,2
DA:892,2
DA:893,2
DA:894,2
DA:895,2
DA:896,2
DA:897,2
DA:900,2
DA:901,2
DA:902,2
DA:908,2
DA:917,2
DA:919,2
DA:920,2
DA:921,2
DA:922,2
DA:923,2
DA:924,2
DA:926,2
DA:929,2
DA:930,2
DA:931,2
DA:932,2
DA:935,2
DA:939,2
DA:943,3
DA:950,2
DA:954,2
DA:955,1
DA:958,1
DA:961,3
DA:966,1
DA:1001,1
DA:1024,1
DA:1038,1
DA:1046,1
DA:1053,28
DA:1054,28
DA:1055,26
DA:1057,2
DA:1058,2
DA:1059,2
DA:1060,2
DA:1061,2
DA:1064,2
DA:1071,21
DA:1072,21
DA:1073,20
DA:1075,1
DA:1076,1
DA:1077,1
DA:1078,1
DA:1079,1
DA:1082,1
DA:1087,20
DA:1088,20
DA:1089,19
DA:1091,1
DA:1092,1
DA:1093,3
DA:1094,3
DA:1095,1
DA:1098,1
DA:1110,11
DA:1111,26
DA:1124,15
DA:1125,15
DA:1126,5
DA:1127,1
DA:1129,4
DA:1130,4
DA:1131,8
DA:1132,8
DA:1133,5
DA:1134,5
DA:1136,1
DA:1141,4
DA:1142,4
DA:1143,4
DA:1147,10
DA:1149,5
DA:1157,2
DA:1159,2
DA:1161,1
DA:1166,20
DA:1167,20
DA:1168,20
DA:1172,20
DA:1173,13
DA:1174,13
DA:1175,10
DA:1176,10
DA:1177,10
DA:1178,10
DA:1181,20
DA:1188,14
DA:1189,5
DA:1191,9
DA:1192,2
DA:1194,7
DA:1195,6
DA:1197,1
DA:1199,0
DA:1201,1
DA:1203,1
DA:1205,3
DA:1208,1
DA:1212,18
DA:1213,18
DA:1214,18
DA:1218,18
DA:1219,11
DA:1220,11
DA:1221,7
DA:1222,7
DA:1223,7
DA:1224,7
DA:1227,18
DA:1231,10
DA:1233,7
DA:1240,1
DA:1247,2
DA:1254,0
DA:1267,19
DA:1268,19
DA:1269,0
DA:1273,19
DA:1274,19
DA:1278,18
DA:1280,1
DA:1285,1
DA:1288,18
DA:1289,18
DA:1290,18
DA:1291,14
DA:1296,1
DA:1301,13
DA:1305,2
DA:1310,2
DA:1312,11
DA:1313,1
DA:1315,10
DA:1316,10
DA:1317,14
DA:1318,14
DA:1319,14
DA:1320,14
DA:1322,18
DA:1333,7
DA:1334,7
DA:1336,1
DA:1341,6
DA:1342,6
DA:1345,6
DA:1346,6
DA:1349,7
DA:1350,7
DA:1351,0
DA:1355,6
DA:1356,0
DA:1357,0
DA:1358,0
DA:1359,0
DA:1362,6
DA:1365,6
DA:1366,6
DA:1370,7
DA:1371,7
DA:1372,2
DA:1373,2
DA:1376,1
DA:1377,0
DA:1378,0
DA:1383,2
DA:1385,2
DA:1386,1
DA:1387,1
DA:1388,1
DA:1393,6
DA:1394,1
DA:1398,6
DA:1399,6
DA:1400,3
DA:1403,6
DA:1404,0
DA:1406,6
DA:1414,6
DA:1415,6
DA:1419,6
DA:1421,0
DA:1426,0
DA:1429,6
DA:1430,6
DA:1431,3
DA:1434,3
DA:1435,0
DA:1436,0
DA:1438,3
DA:1440,3
DA:1441,3
DA:1442,3
DA:1443,3
DA:1445,3
DA:1446,0
DA:1450,3
DA:1460,9
DA:1474,8
DA:1476,8
DA:1478,8
DA:1482,8
DA:1484,0
DA:1485,0
DA:1488,8
DA:1502,6
DA:1503,6
DA:1504,6
DA:1506,8
DA:1507,8
DA:1512,2
DA:1517,2
DA:1518,2
DA:1520,0
DA:1526,2
DA:1528,6
DA:1529,6
DA:1530,2
DA:1538,4
DA:1539,1
DA:1540,1
DA:1541,1
DA:1542,0
DA:1546,1
DA:1554,3
DA:1555,3
DA:1556,3
DA:1557,3
DA:1562,0
DA:1563,0
DA:1568,0
DA:1569,0
DA:1578,4
DA:1580,4
DA:1581,1
DA:1584,3
DA:1585,3
DA:1586,2
DA:1589,2
DA:1592,1
DA:1596,15
DA:1602,1
DA:1611,13
DA:1612,3
DA:1614,10
DA:1618,2
DA:1622,2
DA:1623,1
DA:1625,1
DA:1632,2
DA:1633,2
DA:1634,2
DA:1636,0
DA:1639,2
DA:1644,2
DA:1645,2
DA:1646,2
DA:1647,1
DA:1648,1
DA:1654,2
DA:1658,2
DA:1659,1
DA:1662,1
DA:1664,2
DA:1672,1
DA:1676,1
DA:1680,2
DA:1681,2
DA:1682,2
DA:1683,8
DA:1684,26
DA:1685,26
DA:1686,26
DA:1687,26
DA:1688,26
DA:1689,26
DA:1690,26
DA:1691,26
DA:1696,2
DA:1697,14
DA:1704,2
DA:1705,2
DA:1706,2
DA:1716,1
DA:1719,2
DA:1723,117
DA:1724,116
DA:1727,1
DA:1728,1
DA:1729,1
DA:1735,0
DA:1736,0
DA:1737,0
DA:1738,0
DA:1739,0
DA:1745,0
DA:1751,8
DA:1752,8
DA:1753,8
DA:1754,8
DA:1755,2
DA:1760,2
DA:1761,2
DA:1763,2
DA:1764,2
DA:1765,0
DA:1767,2
DA:1768,2
DA:1770,2
DA:1771,0
DA:1779,12
DA:1780,12
DA:1781,2
DA:1783,10
DA:1784,11
DA:1785,11
DA:1786,1
DA:1789,10
DA:1790,10
DA:1793,11
DA:1794,11
DA:1795,1
DA:1798,9
DA:1799,13
DA:1800,13
DA:1801,3
DA:1803,10
DA:1806,9
DA:1807,5
DA:1809,4
DA:1810,4
DA:1813,6
DA:1815,5
DA:1819,2
DA:1826,2
DA:1833,3
DA:1837,2
LF:667
LH:493
BRDA:77,0,0,4
BRDA:77,0,1,1
BRDA:80,1,0,1
BRDA:80,1,1,4
BRDA:107,2,0,5
BRDA:107,2,1,0
BRDA:116,3,0,5
BRDA:116,3,1,0
BRDA:124,4,0,5
BRDA:124,4,1,5
BRDA:165,5,0,0
BRDA:165,5,1,5
BRDA:167,6,0,0
BRDA:167,6,1,0
BRDA:175,7,0,1
BRDA:175,7,1,4
BRDA:179,8,0,1
BRDA:179,8,1,4
BRDA:228,9,0,0
BRDA:228,9,1,1
BRDA:232,10,0,0
BRDA:232,10,1,1
BRDA:290,11,0,7
BRDA:290,11,1,7
BRDA:302,12,0,0
BRDA:302,12,1,6
BRDA:303,13,0,6
BRDA:303,13,1,0
BRDA:303,13,2,0
BRDA:324,14,0,3
BRDA:324,14,1,3
BRDA:327,15,0,3
BRDA:327,15,1,2
BRDA:333,16,0,3
BRDA:333,16,1,0
BRDA:340,17,0,4
BRDA:340,17,1,2
BRDA:352,18,0,2
BRDA:352,18,1,3
BRDA:352,19,0,5
BRDA:352,19,1,4
BRDA:352,19,2,2
BRDA:383,20,0,5
BRDA:392,21,0,0
BRDA:392,21,1,2
BRDA:394,22,0,0
BRDA:394,22,1,2
BRDA:402,23,0,1
BRDA:402,23,1,0
BRDA:410,24,0,0
BRDA:410,24,1,0
BRDA:415,25,0,0
BRDA:415,25,1,5
BRDA:419,26,0,0
BRDA:419,26,1,5
BRDA:453,27,0,2
BRDA:453,27,1,2
BRDA:465,28,0,5
BRDA:465,28,1,5
BRDA:470,29,0,1
BRDA:470,29,1,2
BRDA:471,30,0,1
BRDA:471,30,1,1
BRDA:477,31,0,1
BRDA:477,31,1,1
BRDA:480,32,0,1
BRDA:480,32,1,0
BRDA:492,33,0,2
BRDA:492,33,1,0
BRDA:494,34,0,1
BRDA:494,34,1,1
BRDA:535,35,0,1
BRDA:535,35,1,1
BRDA:544,36,0,1
BRDA:544,36,1,0
BRDA:580,37,0,1
BRDA:580,37,1,1
BRDA:634,38,0,0
BRDA:634,38,1,0
BRDA:650,39,0,0
BRDA:650,39,1,0
BRDA:677,40,0,0
BRDA:677,40,1,0
BRDA:699,41,0,0
BRDA:699,41,1,0
BRDA:734,42,0,0
BRDA:734,42,1,0
BRDA:750,43,0,0
BRDA:750,43,1,0
BRDA:774,44,0,0
BRDA:774,44,1,0
BRDA:789,45,0,0
BRDA:789,45,1,0
BRDA:816,46,0,0
BRDA:816,46,1,0
BRDA:838,47,0,0
BRDA:838,47,1,0
BRDA:863,48,0,1
BRDA:863,48,1,1
BRDA:878,49,0,2
BRDA:878,49,1,1
BRDA:954,50,0,1
BRDA:954,50,1,1
BRDA:961,51,0,3
BRDA:961,51,1,2
BRDA:1054,52,0,26
BRDA:1054,52,1,2
BRDA:1060,53,0,2
BRDA:1060,53,1,0
BRDA:1072,54,0,20
BRDA:1072,54,1,1
BRDA:1078,55,0,1
BRDA:1078,55,1,0
BRDA:1088,56,0,19
BRDA:1088,56,1,1
BRDA:1094,57,0,1
BRDA:1094,57,1,2
BRDA:1110,58,0,2
BRDA:1110,58,1,9
BRDA:1125,59,0,10
BRDA:1125,59,1,5
BRDA:1126,60,0,1
BRDA:1126,60,1,4
BRDA:1126,61,0,5
BRDA:1126,61,1,4
BRDA:1132,62,0,3
BRDA:1132,62,1,5
BRDA:1147,63,0,5
BRDA:1147,63,1,2
BRDA:1147,63,2,2
BRDA:1147,63,3,1
BRDA:1169,64,0,20
BRDA:1169,64,1,19
BRDA:1170,65,0,20
BRDA:1170,65,1,8
BRDA:1174,66,0,10
BRDA:1174,66,1,3
BRDA:1174,67,0,13
BRDA:1174,67,1,12
BRDA:1176,68,0,2
BRDA:1176,68,1,8
BRDA:1188,69,0,5
BRDA:1188,69,1,9
BRDA:1191,70,0,2
BRDA:1191,70,1,7
BRDA:1194,71,0,6
BRDA:1194,71,1,1
BRDA:1195,72,0,1
BRDA:1195,72,1,0
BRDA:1195,72,2,1
BRDA:1195,72,3,1
BRDA:1195,72,4,3
BRDA:1205,73,0,3
BRDA:1205,73,1,0
BRDA:1215,74,0,18
BRDA:1215,74,1,17
BRDA:1216,75,0,18
BRDA:1216,75,1,8
BRDA:1220,76,0,7
BRDA:1220,76,1,4
BRDA:1220,77,0,11
BRDA:1220,77,1,8
BRDA:1222,78,0,0
BRDA:1222,78,1,7
BRDA:1231,79,0,7
BRDA:1231,79,1,1
BRDA:1231,79,2,2
BRDA:1231,79,3,0
BRDA:1268,80,0,0
BRDA:1268,80,1,19
BRDA:1278,81,0,18
BRDA:1278,81,1,0
BRDA:1282,82,0,1
BRDA:1282,82,1,0
BRDA:1291,83,0,1
BRDA:1291,83,1,13
BRDA:1292,84,0,14
BRDA:1292,84,1,13
BRDA:1292,84,2,13
BRDA:1301,85,0,2
BRDA:1301,85,1,11
BRDA:1302,86,0,13
BRDA:1302,86,1,4
BRDA:1307,87,0,2
BRDA:1307,87,1,0
BRDA:1312,88,0,1
BRDA:1312,88,1,10
BRDA:1316,89,0,1
BRDA:1316,89,1,9
BRDA:1316,90,0,10
BRDA:1316,90,1,1
BRDA:1318,91,0,10
BRDA:1318,91,1,0
BRDA:1337,92,0,1
BRDA:1337,92,1,0
BRDA:1346,93,0,6
BRDA:1346,93,1,0
BRDA:1347,94,0,0
BRDA:1347,94,1,6
BRDA:1350,95,0,0
BRDA:1350,95,1,7
BRDA:1355,96,0,6
BRDA:1355,96,1,6
BRDA:1356,97,0,0
BRDA:1356,97,1,0
BRDA:1357,98,0,0
BRDA:1357,98,1,0
BRDA:1358,99,0,0
BRDA:1358,99,1,0
BRDA:1367,100,0,6
BRDA:1367,100,1,6
BRDA:1368,101,0,7
BRDA:1368,101,1,4
BRDA:1373,102,0,1
BRDA:1373,102,1,1
BRDA:1376,103,0,0
BRDA:1376,103,1,1
BRDA:1377,104,0,0
BRDA:1377,104,1,0
BRDA:1385,105,0,1
BRDA:1385,105,1,1
BRDA:1385,106,0,2
BRDA:1385,106,1,1
BRDA:1386,107,0,1
BRDA:1386,107,1,0
BRDA:1387,108,0,0
BRDA:1387,108,1,1
BRDA:1393,109,0,1
BRDA:1393,109,1,5
BRDA:1399,110,0,3
BRDA:1399,110,1,3
BRDA:1403,111,0,0
BRDA:1403,111,1,6
BRDA:1419,112,0,6
BRDA:1419,112,1,0
BRDA:1423,113,0,0
BRDA:1423,113,1,0
BRDA:1430,114,0,3
BRDA:1430,114,1,3
BRDA:1435,115,0,0
BRDA:1435,115,1,0
BRDA:1435,115,2,0
BRDA:1436,116,0,0
BRDA:1436,116,1,0
BRDA:1442,117,0,0
BRDA:1442,117,1,3
BRDA:1442,118,0,3
BRDA:1442,118,1,0
BRDA:1443,119,0,3
BRDA:1443,119,1,0
BRDA:1443,120,0,3
BRDA:1443,120,1,0
BRDA:1445,121,0,0
BRDA:1445,121,1,3
BRDA:1485,122,0,0
BRDA:1485,122,1,0
BRDA:1500,123,0,6
BRDA:1514,124,0,2
BRDA:1514,124,1,0
BRDA:1522,125,0,0
BRDA:1522,125,1,0
BRDA:1529,126,0,2
BRDA:1529,126,1,4
BRDA:1538,127,0,1
BRDA:1538,127,1,3
BRDA:1541,128,0,0
BRDA:1541,128,1,1
BRDA:1555,129,0,3
BRDA:1555,129,1,0
BRDA:1580,130,0,1
BRDA:1580,130,1,3
BRDA:1585,131,0,2
BRDA:1585,131,1,1
BRDA:1585,132,0,3
BRDA:1585,132,1,1
BRDA:1611,133,0,3
BRDA:1611,133,1,10
BRDA:1611,134,0,13
BRDA:1611,134,1,11
BRDA:1622,135,0,1
BRDA:1622,135,1,1
BRDA:1658,136,0,1
BRDA:1658,136,1,1
BRDA:1664,137,0,2
BRDA:1664,137,1,2
BRDA:1723,138,0,116
BRDA:1723,138,1,1
BRDA:1728,139,0,1
BRDA:1728,139,1,0
BRDA:1738,140,0,0
BRDA:1738,140,1,0
BRDA:1754,141,0,2
BRDA:1754,141,1,6
BRDA:1754,142,0,8
BRDA:1754,142,1,6
BRDA:1764,143,0,0
BRDA:1764,143,1,2
BRDA:1764,144,0,2
BRDA:1764,144,1,2
BRDA:1767,145,0,2
BRDA:1767,145,1,0
BRDA:1770,146,0,0
BRDA:1770,146,1,2
BRDA:1780,147,0,2
BRDA:1780,147,1,10
BRDA:1785,148,0,1
BRDA:1785,148,1,10
BRDA:1791,149,0,3
BRDA:1791,149,1,7
BRDA:1794,150,0,1
BRDA:1794,150,1,10
BRDA:1800,151,0,3
BRDA:1800,151,1,10
BRDA:1800,152,0,13
BRDA:1800,152,1,12
BRDA:1800,152,2,11
BRDA:1806,153,0,5
BRDA:1806,153,1,4
BRDA:1837,154,0,2
BRDA:1837,154,1,0
BRF:320
BRH:225
end_of_record
TN:
SF:packages/k8s/src/k8s/utils/index.ts
FN:35,prepareJobScript
FN:40,(anonymous_1)
FN:59,writeRunScript
FN:94,writeContainerStepScript
FN:129,scriptEnv
FN:161,generateContainerName
FN:180,mergeContainerWithOptions
FN:208,mergePodSpecWithOptions
FN:215,(anonymous_8)
FN:228,mergeObjectMeta
FN:258,readExtensionFromFile
FN:270,useKubeScheduler
FN:274,(anonymous_12)
FN:283,mergeLists
FN:292,fixArgs
FN:301,sleep
FN:302,(anonymous_16)
FN:305,listDirAllCommand
FN:315,formatError
FNF:19
FNH:19
FNDA:5,prepareJobScript
FNDA:5,(anonymous_1)
FNDA:16,writeRunScript
FNDA:3,writeContainerStepScript
FNDA:19,scriptEnv
FNDA:18,generateContainerName
FNDA:5,mergeContainerWithOptions
FNDA:2,mergePodSpecWithOptions
FNDA:1,(anonymous_8)
FNDA:6,mergeObjectMeta
FNDA:42,readExtensionFromFile
FNDA:3,useKubeScheduler
FNDA:7,(anonymous_12)
FNDA:6,mergeLists
FNDA:35,fixArgs
FNDA:1,sleep
FNDA:1,(anonymous_16)
FNDA:2,listDirAllCommand
FNDA:39,formatError
DA:10,7
DA:11,7
DA:13,7
DA:14,7
DA:16,7
DA:17,7
DA:18,7
DA:20,7
DA:39,5
DA:40,5
DA:43,5
DA:50,5
DA:51,5
DA:52,5
DA:53,5
DA:66,16
DA:67,16
DA:70,2
DA:71,2
DA:74,16
DA:76,16
DA:85,16
DA:86,16
DA:87,16
DA:88,16
DA:101,3
DA:103,3
DA:104,3
DA:105,1
DA:108,1
DA:119,3
DA:120,3
DA:121,3
DA:122,3
DA:123,3
DA:130,19
DA:131,7
DA:133,12
DA:134,12
DA:135,14
DA:141,3
DA:145,11
DA:154,9
DA:155,0
DA:158,9
DA:162,18
DA:163,18
DA:165,18
DA:166,2
DA:169,16
DA:184,5
DA:185,9
DA:186,2
DA:187,0
DA:189,2
DA:190,7
DA:191,1
DA:192,1
DA:193,6
DA:194,2
DA:195,2
DA:196,4
DA:197,1
DA:198,1
DA:199,3
DA:200,2
DA:201,2
DA:203,1
DA:212,2
DA:213,5
DA:214,2
DA:216,1
DA:219,3
DA:220,1
DA:221,1
DA:223,2
DA:232,6
DA:233,2
DA:237,4
DA:238,3
DA:239,3
DA:240,1
DA:242,3
DA:246,4
DA:247,3
DA:248,3
DA:249,1
DA:253,3
DA:259,42
DA:260,42
DA:261,38
DA:263,4
DA:264,4
DA:265,1
DA:267,1
DA:271,3
DA:274,7
DA:275,7
DA:276,7
DA:277,7
DA:278,7
DA:279,7
DA:280,7
DA:284,6
DA:285,6
DA:286,1
DA:288,5
DA:289,5
DA:295,35
DA:296,8
DA:298,27
DA:302,1
DA:306,2
DA:316,39
DA:317,2
DA:323,37
DA:325,39
DA:326,5
DA:327,5
DA:328,5
DA:329,5
DA:335,32
DA:336,27
DA:339,5
DA:344,3
DA:345,3
DA:346,1
DA:348,2
DA:349,2
DA:351,1
DA:357,2
LF:131
LH:129
BRDA:67,0,0,2
BRDA:67,0,1,14
BRDA:70,1,0,1
BRDA:70,1,1,1
BRDA:82,2,0,11
BRDA:82,2,1,3
BRDA:104,3,0,1
BRDA:104,3,1,2
BRDA:116,4,0,1
BRDA:116,4,1,0
BRDA:130,5,0,7
BRDA:130,5,1,12
BRDA:130,6,0,19
BRDA:130,6,1,14
BRDA:135,7,0,3
BRDA:135,7,1,11
BRDA:136,8,0,14
BRDA:136,8,1,12
BRDA:136,8,2,12
BRDA:136,8,3,12
BRDA:154,9,0,0
BRDA:154,9,1,9
BRDA:165,10,0,2
BRDA:165,10,1,16
BRDA:185,11,0,2
BRDA:185,11,1,7
BRDA:186,12,0,0
BRDA:186,12,1,2
BRDA:190,13,0,1
BRDA:190,13,1,6
BRDA:193,14,0,2
BRDA:193,14,1,4
BRDA:196,15,0,1
BRDA:196,15,1,3
BRDA:196,16,0,4
BRDA:196,16,1,1
BRDA:199,17,0,2
BRDA:199,17,1,1
BRDA:199,18,0,3
BRDA:199,18,1,2
BRDA:213,19,0,2
BRDA:213,19,1,3
BRDA:219,20,0,1
BRDA:219,20,1,2
BRDA:219,21,0,3
BRDA:219,21,1,1
BRDA:232,22,0,2
BRDA:232,22,1,4
BRDA:232,23,0,6
BRDA:232,23,1,5
BRDA:237,24,0,3
BRDA:237,24,1,1
BRDA:239,25,0,1
BRDA:239,25,1,2
BRDA:246,26,0,3
BRDA:246,26,1,1
BRDA:248,27,0,1
BRDA:248,27,1,2
BRDA:260,28,0,38
BRDA:260,28,1,4
BRDA:264,29,0,1
BRDA:264,29,1,3
BRDA:264,30,0,4
BRDA:264,30,1,2
BRDA:284,31,0,6
BRDA:284,31,1,1
BRDA:285,32,0,1
BRDA:285,32,1,5
BRDA:295,33,0,8
BRDA:295,33,1,27
BRDA:295,34,0,35
BRDA:295,34,1,30
BRDA:295,34,2,8
BRDA:316,35,0,2
BRDA:316,35,1,37
BRDA:316,36,0,39
BRDA:316,36,1,38
BRDA:323,37,0,37
BRDA:323,37,1,33
BRDA:325,38,0,5
BRDA:325,38,1,34
BRDA:325,39,0,39
BRDA:325,39,1,5
BRDA:328,40,0,5
BRDA:328,40,1,0
BRDA:329,41,0,1
BRDA:329,41,1,4
BRDA:329,42,0,5
BRDA:329,42,1,2
BRDA:335,43,0,27
BRDA:335,43,1,5
BRDA:339,44,0,3
BRDA:339,44,1,2
BRDA:345,45,0,1
BRDA:345,45,1,2
BRF:95
BRH:91
end_of_record
TN:
SF:packages/k8s/src/k8s/utils/npu-metrics.ts
FN:71,npuMetricsEnabled
FN:79,getNpuSampleIntervalSeconds
FN:96,getIdleThresholdPercent
FN:113,containerHasNpuRequest
FN:125,hasNpuRequest
FN:126,(anonymous_5)
FN:129,listNpuCardsCommand
FN:133,buildNpuSamplerScript
FN:187,buildNpuAggregateScript
FN:198,commandHasMarker
FN:202,appendExecCommand
FN:218,(anonymous_11)
FN:224,injectNpuMetrics
FN:269,maybeInjectNpuMetrics
FN:279,parseNpuAggregate
FN:324,isIdleRecord
FN:331,(anonymous_16)
FN:334,escapePromLabelValue
FN:338,formatPromLabels
FN:340,(anonymous_19)
FN:341,(anonymous_20)
FN:359,buildNpuJobMetricsBody
FN:385,(anonymous_22)
FN:401,buildNpuPushFailedBody
FN:408,buildPushgatewayPath
FN:418,withTimeout
FN:422,(anonymous_26)
FN:423,(anonymous_27)
FN:424,(anonymous_28)
FN:428,(anonymous_29)
FN:448,nodeRequest
FN:462,(anonymous_31)
FN:470,(anonymous_32)
FN:473,(anonymous_33)
FN:478,(anonymous_34)
FN:484,pushToPushgateway
FN:497,(anonymous_36)
FN:518,decodePushSecret
FN:522,(anonymous_38)
FN:545,readNpuPushConfig
FN:557,parseScaleSetSuffix
FN:565,extractClusterFromRunnerPod
FN:589,resolveNpuLabelsFromPod
FN:615,(anonymous_43)
FN:630,repoFromEnv
FN:637,(anonymous_45)
FN:644,collectNpuAggregateFromPod
FN:651,(anonymous_47)
FN:670,collectAndPushNpuMetrics
FN:681,(anonymous_49)
FN:716,collectAndPushForPod
FNF:51
FNH:50
FNDA:51,npuMetricsEnabled
FNDA:5,getNpuSampleIntervalSeconds
FNDA:9,getIdleThresholdPercent
FNDA:60,containerHasNpuRequest
FNDA:18,hasNpuRequest
FNDA:18,(anonymous_5)
FNDA:19,listNpuCardsCommand
FNDA:8,buildNpuSamplerScript
FNDA:11,buildNpuAggregateScript
FNDA:13,commandHasMarker
FNDA:10,appendExecCommand
FNDA:2,(anonymous_11)
FNDA:7,injectNpuMetrics
FNDA:39,maybeInjectNpuMetrics
FNDA:17,parseNpuAggregate
FNDA:14,isIdleRecord
FNDA:15,(anonymous_16)
FNDA:111,escapePromLabelValue
FNDA:8,formatPromLabels
FNDA:88,(anonymous_19)
FNDA:88,(anonymous_20)
FNDA:8,buildNpuJobMetricsBody
FNDA:88,(anonymous_22)
FNDA:3,buildNpuPushFailedBody
FNDA:7,buildPushgatewayPath
FNDA:3,withTimeout
FNDA:3,(anonymous_26)
FNDA:1,(anonymous_27)
FNDA:2,(anonymous_28)
FNDA:1,(anonymous_29)
FNDA:18,nodeRequest
FNDA:17,(anonymous_31)
FNDA:5,(anonymous_32)
FNDA:5,(anonymous_33)
FNDA:0,(anonymous_34)
FNDA:13,pushToPushgateway
FNDA:12,(anonymous_36)
FNDA:8,decodePushSecret
FNDA:18,(anonymous_38)
FNDA:5,readNpuPushConfig
FNDA:11,parseScaleSetSuffix
FNDA:10,extractClusterFromRunnerPod
FNDA:9,resolveNpuLabelsFromPod
FNDA:7,(anonymous_43)
FNDA:9,repoFromEnv
FNDA:5,(anonymous_45)
FNDA:12,collectNpuAggregateFromPod
FNDA:11,(anonymous_47)
FNDA:8,collectAndPushNpuMetrics
FNDA:16,(anonymous_49)
FNDA:8,collectAndPushForPod
DA:16,3
DA:17,3
DA:18,3
DA:19,3
DA:21,3
DA:22,3
DA:23,3
DA:25,3
DA:26,3
DA:27,3
DA:28,3
DA:30,3
DA:31,3
DA:32,3
DA:34,3
DA:35,3
DA:74,51
DA:82,5
DA:83,5
DA:84,1
DA:86,4
DA:87,4
DA:88,2
DA:91,2
DA:93,2
DA:99,9
DA:100,9
DA:101,7
DA:103,2
DA:104,2
DA:105,1
DA:108,1
DA:110,1
DA:114,60
DA:115,60
DA:116,107
DA:117,16
DA:118,14
DA:122,46
DA:126,18
DA:130,19
DA:136,8
DA:158,3
DA:188,11
DA:199,13
DA:206,10
DA:212,1
DA:218,9
DA:219,2
DA:221,10
DA:228,7
DA:229,7
DA:233,1
DA:236,6
DA:240,1
DA:243,1
DA:246,5
DA:247,5
DA:249,5
DA:257,7
DA:265,7
DA:266,7
DA:270,39
DA:271,1
DA:273,38
DA:274,37
DA:276,1
DA:282,17
DA:283,2
DA:285,15
DA:286,15
DA:287,2
DA:289,13
DA:290,13
DA:291,13
DA:292,12
DA:294,13
DA:296,15
DA:297,15
DA:299,2
DA:301,13
DA:302,2
DA:304,11
DA:305,11
DA:306,11
DA:307,2
DA:309,9
DA:319,11
DA:321,2
DA:328,14
DA:329,1
DA:331,15
DA:335,111
DA:339,8
DA:340,88
DA:341,88
DA:345,3
DA:364,8
DA:375,8
DA:376,8
DA:377,8
DA:378,8
DA:379,8
DA:380,8
DA:381,8
DA:382,8
DA:383,8
DA:385,88
DA:388,8
DA:389,8
DA:390,8
DA:391,8
DA:392,8
DA:394,8
DA:395,8
DA:398,8
DA:402,3
DA:413,7
DA:422,3
DA:423,3
DA:424,3
DA:426,2
DA:427,2
DA:430,1
DA:431,1
DA:451,18
DA:452,18
DA:453,18
DA:456,18
DA:457,5
DA:460,5
DA:462,17
DA:463,17
DA:472,5
DA:473,5
DA:474,5
DA:478,17
DA:479,17
DA:480,17
DA:490,13
DA:491,13
DA:492,13
DA:493,13
DA:495,13
DA:496,25
DA:497,12
DA:499,25
DA:500,25
DA:507,9
DA:508,8
DA:510,1
DA:512,16
DA:515,17
DA:521,8
DA:522,8
DA:523,18
DA:524,18
DA:525,5
DA:527,13
DA:528,13
DA:529,13
DA:531,0
DA:534,8
DA:535,8
DA:536,3
DA:538,5
DA:546,5
DA:547,5
DA:548,4
DA:550,1
DA:553,1
DA:558,11
DA:559,0
DA:561,11
DA:562,11
DA:566,10
DA:567,10
DA:568,10
DA:572,10
DA:573,8
DA:574,6
DA:575,6
DA:576,6
DA:580,4
DA:581,2
DA:582,2
DA:583,1
DA:586,3
DA:598,9
DA:599,9
DA:600,9
DA:601,9
DA:602,9
DA:606,18
DA:607,8
DA:608,8
DA:609,8
DA:610,8
DA:615,9
DA:616,7
DA:618,9
DA:619,9
DA:622,9
DA:633,9
DA:634,7
DA:636,2
DA:637,9
DA:638,9
DA:639,1
DA:641,1
DA:647,12
DA:648,12
DA:649,1
DA:651,11
DA:652,11
DA:654,12
DA:655,12
DA:656,5
DA:658,6
DA:659,1
DA:661,5
DA:667,4
DA:671,8
DA:672,1
DA:674,7
DA:675,7
DA:676,7
DA:678,1
DA:679,1
DA:681,6
DA:682,16
DA:684,6
DA:685,1
DA:688,5
DA:689,5
DA:690,5
DA:691,5
DA:693,0
DA:696,5
DA:697,5
DA:698,1
DA:701,1
DA:704,4
DA:705,8
DA:706,8
DA:707,8
DA:709,1
DA:722,8
DA:723,7
DA:724,1
DA:725,1
DA:728,6
DA:729,6
DA:741,8
DA:746,8
DA:747,8
DA:748,8
DA:749,4
DA:751,2
DA:752,2
DA:753,2
LF:261
LH:258
BRDA:72,0,0,51
BRDA:75,1,0,51
BRDA:75,1,1,46
BRDA:80,2,0,5
BRDA:83,3,0,1
BRDA:83,3,1,4
BRDA:87,4,0,2
BRDA:87,4,1,2
BRDA:87,5,0,4
BRDA:87,5,1,3
BRDA:97,6,0,9
BRDA:100,7,0,7
BRDA:100,7,1,2
BRDA:104,8,0,1
BRDA:104,8,1,1
BRDA:104,9,0,2
BRDA:104,9,1,1
BRDA:116,10,0,107
BRDA:116,10,1,92
BRDA:117,11,0,14
BRDA:117,11,1,2
BRDA:126,12,0,18
BRDA:126,12,1,1
BRDA:134,13,0,8
BRDA:199,14,0,13
BRDA:199,14,1,10
BRDA:206,15,0,1
BRDA:206,15,1,9
BRDA:207,16,0,10
BRDA:207,16,1,2
BRDA:207,16,2,1
BRDA:207,16,3,1
BRDA:218,17,0,9
BRDA:218,17,1,8
BRDA:226,18,0,7
BRDA:228,19,0,7
BRDA:228,19,1,3
BRDA:229,20,0,1
BRDA:229,20,1,6
BRDA:230,21,0,7
BRDA:230,21,1,6
BRDA:236,22,0,1
BRDA:236,22,1,5
BRDA:237,23,0,6
BRDA:237,23,1,3
BRDA:237,23,2,5
BRDA:237,23,3,0
BRDA:270,24,0,1
BRDA:270,24,1,38
BRDA:273,25,0,37
BRDA:273,25,1,1
BRDA:282,26,0,2
BRDA:282,26,1,15
BRDA:286,27,0,2
BRDA:286,27,1,13
BRDA:291,28,0,12
BRDA:291,28,1,1
BRDA:301,29,0,2
BRDA:301,29,1,11
BRDA:301,30,0,13
BRDA:301,30,1,11
BRDA:306,31,0,2
BRDA:306,31,1,9
BRDA:306,32,0,11
BRDA:306,32,1,10
BRDA:306,32,2,10
BRDA:311,33,0,9
BRDA:311,33,1,0
BRDA:312,34,0,11
BRDA:312,34,1,1
BRDA:313,35,0,11
BRDA:313,35,1,1
BRDA:314,36,0,11
BRDA:314,36,1,1
BRDA:315,37,0,11
BRDA:315,37,1,1
BRDA:316,38,0,11
BRDA:316,38,1,1
BRDA:319,39,0,11
BRDA:319,39,1,0
BRDA:326,40,0,14
BRDA:328,41,0,1
BRDA:328,41,1,13
BRDA:331,42,0,15
BRDA:331,42,1,10
BRDA:362,43,0,8
BRDA:375,44,0,5
BRDA:375,44,1,3
BRDA:452,45,0,17
BRDA:452,45,1,0
BRDA:456,46,0,5
BRDA:456,46,1,13
BRDA:456,47,0,18
BRDA:456,47,1,12
BRDA:458,48,0,5
BRDA:458,48,1,0
BRDA:458,49,0,5
BRDA:458,49,1,0
BRDA:468,50,0,17
BRDA:468,50,1,17
BRDA:474,51,0,5
BRDA:474,51,1,0
BRDA:490,52,0,13
BRDA:490,52,1,13
BRDA:491,53,0,13
BRDA:491,53,1,10
BRDA:492,54,0,13
BRDA:492,54,1,8
BRDA:496,55,0,12
BRDA:496,55,1,13
BRDA:507,56,0,8
BRDA:507,56,1,1
BRDA:507,57,0,9
BRDA:507,57,1,9
BRDA:515,58,0,5
BRDA:515,58,1,0
BRDA:521,59,0,8
BRDA:521,59,1,2
BRDA:524,60,0,5
BRDA:524,60,1,13
BRDA:529,61,0,13
BRDA:529,61,1,0
BRDA:535,62,0,3
BRDA:535,62,1,5
BRDA:558,63,0,0
BRDA:558,63,1,11
BRDA:562,64,0,8
BRDA:562,64,1,3
BRDA:566,65,0,10
BRDA:566,65,1,0
BRDA:567,66,0,10
BRDA:567,66,1,10
BRDA:573,67,0,6
BRDA:573,67,1,2
BRDA:575,68,0,6
BRDA:575,68,1,0
BRDA:582,69,0,1
BRDA:582,69,1,1
BRDA:586,70,0,3
BRDA:586,70,1,2
BRDA:598,71,0,5
BRDA:598,71,1,4
BRDA:601,72,0,9
BRDA:601,72,1,0
BRDA:606,73,0,18
BRDA:606,73,1,10
BRDA:608,74,0,8
BRDA:608,74,1,0
BRDA:610,75,0,8
BRDA:610,75,1,0
BRDA:615,76,0,9
BRDA:615,76,1,2
BRDA:619,77,0,5
BRDA:619,77,1,4
BRDA:621,78,0,4
BRDA:621,78,1,1
BRDA:624,79,0,9
BRDA:624,79,1,2
BRDA:625,80,0,9
BRDA:625,80,1,2
BRDA:631,81,0,9
BRDA:633,82,0,7
BRDA:633,82,1,2
BRDA:636,83,0,2
BRDA:636,83,1,1
BRDA:638,84,0,1
BRDA:638,84,1,8
BRDA:648,85,0,1
BRDA:648,85,1,11
BRDA:651,86,0,11
BRDA:651,86,1,0
BRDA:655,87,0,5
BRDA:655,87,1,7
BRDA:658,88,0,1
BRDA:658,88,1,5
BRDA:671,89,0,1
BRDA:671,89,1,7
BRDA:682,90,0,16
BRDA:682,90,1,16
BRDA:684,91,0,1
BRDA:684,91,1,5
BRDA:697,92,0,1
BRDA:697,92,1,4
BRDA:723,93,0,1
BRDA:723,93,1,6
BRDA:723,94,0,7
BRDA:723,94,1,6
BRDA:735,95,0,6
BRDA:735,95,1,0
BRF:189
BRH:172
end_of_record
